mode: set
objectweaver/llmManagement/byteOperations/image_generator.go:21.63,25.2 1 1
objectweaver/llmManagement/byteOperations/image_generator.go:28.98,43.49 5 0
objectweaver/llmManagement/byteOperations/image_generator.go:43.49,45.3 1 0
objectweaver/llmManagement/byteOperations/image_generator.go:45.8,45.56 1 0
objectweaver/llmManagement/byteOperations/image_generator.go:45.56,47.3 1 0
objectweaver/llmManagement/byteOperations/image_generator.go:47.8,49.3 1 0
objectweaver/llmManagement/byteOperations/image_generator.go:51.2,55.16 3 0
objectweaver/llmManagement/byteOperations/image_generator.go:55.16,58.3 2 0
objectweaver/llmManagement/byteOperations/image_generator.go:61.2,61.25 1 0
objectweaver/llmManagement/byteOperations/image_generator.go:61.25,64.3 2 0
objectweaver/llmManagement/byteOperations/image_generator.go:67.2,74.29 3 0
objectweaver/llmManagement/byteOperations/image_generator.go:74.29,77.17 3 0
objectweaver/llmManagement/byteOperations/image_generator.go:77.17,80.4 2 0
objectweaver/llmManagement/byteOperations/image_generator.go:81.3,82.23 2 0
objectweaver/llmManagement/byteOperations/image_generator.go:86.2,86.25 1 0
objectweaver/llmManagement/byteOperations/image_generator.go:86.25,89.17 3 0
objectweaver/llmManagement/byteOperations/image_generator.go:89.17,92.4 2 0
objectweaver/llmManagement/byteOperations/image_generator.go:93.3,96.17 3 0
objectweaver/llmManagement/byteOperations/image_generator.go:96.17,99.4 2 0
objectweaver/llmManagement/byteOperations/image_generator.go:100.3,101.23 2 0
objectweaver/llmManagement/byteOperations/image_generator.go:104.2,105.53 2 0
