mode: set
objectweaver/llmManagement/backoff/backoffManagers.go:16.49,16.63 0 1
objectweaver/llmManagement/backoff/backoffManagers.go:17.77,20.15 3 1
objectweaver/llmManagement/backoff/backoffManagers.go:20.15,22.3 1 1
objectweaver/llmManagement/backoff/backoffManagers.go:23.2,23.27 1 1
objectweaver/llmManagement/backoff/backoffManagers.go:25.49,25.63 0 1
objectweaver/llmManagement/backoff/backoffManagers.go:37.100,43.2 1 1
objectweaver/llmManagement/backoff/backoffManagers.go:45.63,50.23 4 1
objectweaver/llmManagement/backoff/backoffManagers.go:50.23,51.16 1 1
objectweaver/llmManagement/backoff/backoffManagers.go:51.16,53.4 1 0
objectweaver/llmManagement/backoff/backoffManagers.go:54.3,54.28 1 1
objectweaver/llmManagement/backoff/backoffManagers.go:58.92,62.39 3 1
objectweaver/llmManagement/backoff/backoffManagers.go:62.39,64.3 1 1
objectweaver/llmManagement/backoff/backoffManagers.go:66.2,67.20 2 1
objectweaver/llmManagement/backoff/backoffManagers.go:67.20,70.3 2 1
objectweaver/llmManagement/backoff/backoffManagers.go:70.8,72.38 2 1
objectweaver/llmManagement/backoff/backoffManagers.go:72.38,74.4 1 1
objectweaver/llmManagement/backoff/backoffManagers.go:77.2,81.15 4 1
objectweaver/llmManagement/backoff/backoffManagers.go:81.15,83.3 1 0
objectweaver/llmManagement/backoff/backoffManagers.go:86.63,89.36 3 1
objectweaver/llmManagement/backoff/backoffManagers.go:89.36,91.3 1 1
objectweaver/llmManagement/backoff/backoffStrat.go:38.123,46.35 2 1
objectweaver/llmManagement/backoff/backoffStrat.go:46.35,48.3 1 1
objectweaver/llmManagement/backoff/backoffStrat.go:49.2,49.10 1 1
objectweaver/llmManagement/backoff/backoffStrat.go:52.66,55.9 3 1
objectweaver/llmManagement/backoff/backoffStrat.go:55.9,58.3 2 1
objectweaver/llmManagement/backoff/backoffStrat.go:59.2,62.23 3 1
objectweaver/llmManagement/backoff/backoffStrat.go:62.23,63.16 1 1
objectweaver/llmManagement/backoff/backoffStrat.go:63.16,65.4 1 1
objectweaver/llmManagement/backoff/backoffStrat.go:66.3,66.28 1 1
objectweaver/llmManagement/backoff/backoffStrat.go:70.95,75.43 4 1
objectweaver/llmManagement/backoff/backoffStrat.go:75.43,77.3 1 1
objectweaver/llmManagement/backoff/backoffStrat.go:79.2,80.20 2 1
objectweaver/llmManagement/backoff/backoffStrat.go:80.20,83.3 2 1
objectweaver/llmManagement/backoff/backoffStrat.go:83.8,85.42 2 1
objectweaver/llmManagement/backoff/backoffStrat.go:85.42,87.4 1 1
objectweaver/llmManagement/backoff/backoffStrat.go:90.2,94.15 4 1
objectweaver/llmManagement/backoff/backoffStrat.go:94.15,96.3 1 1
objectweaver/llmManagement/backoff/backoffStrat.go:99.66,103.40 4 1
objectweaver/llmManagement/backoff/backoffStrat.go:103.40,105.3 1 1
objectweaver/llmManagement/backoff/errorClassifer.go:14.44,16.2 1 1
objectweaver/llmManagement/backoff/errorClassifer.go:18.58,19.16 1 1
objectweaver/llmManagement/backoff/errorClassifer.go:19.16,21.3 1 1
objectweaver/llmManagement/backoff/errorClassifer.go:23.2,25.28 2 1
objectweaver/llmManagement/backoff/errorClassifer.go:25.28,27.3 1 1
objectweaver/llmManagement/backoff/errorClassifer.go:29.2,30.75 2 1
objectweaver/llmManagement/backoff/errorClassifer.go:30.75,32.3 1 1
objectweaver/llmManagement/backoff/errorClassifer.go:34.2,37.50 2 1
objectweaver/llmManagement/backoff/errorClassifer.go:37.50,38.64 1 1
objectweaver/llmManagement/backoff/errorClassifer.go:38.64,40.4 1 1
objectweaver/llmManagement/backoff/errorClassifer.go:41.3,41.62 1 1
objectweaver/llmManagement/backoff/errorClassifer.go:41.62,43.4 1 1
objectweaver/llmManagement/backoff/errorClassifer.go:44.3,44.114 1 1
objectweaver/llmManagement/backoff/errorClassifer.go:44.114,46.4 1 1
objectweaver/llmManagement/backoff/errorClassifer.go:49.2,63.37 2 1
objectweaver/llmManagement/backoff/errorClassifer.go:63.37,64.35 1 1
objectweaver/llmManagement/backoff/errorClassifer.go:64.35,66.4 1 1
objectweaver/llmManagement/backoff/errorClassifer.go:70.2,76.41 2 1
objectweaver/llmManagement/backoff/errorClassifer.go:76.41,77.35 1 1
objectweaver/llmManagement/backoff/errorClassifer.go:77.35,79.4 1 1
objectweaver/llmManagement/backoff/errorClassifer.go:82.2,82.27 1 1
objectweaver/llmManagement/backoff/model.go:9.41,11.2 1 1
objectweaver/checks/circularDefinitions.go:6.64,11.44 4 1
objectweaver/checks/circularDefinitions.go:11.44,12.15 1 1
objectweaver/checks/circularDefinitions.go:12.15,14.4 1 1
objectweaver/checks/circularDefinitions.go:16.3,16.18 1 1
objectweaver/checks/circularDefinitions.go:16.18,18.4 1 1
objectweaver/checks/circularDefinitions.go:20.3,20.17 1 1
objectweaver/checks/circularDefinitions.go:20.17,22.4 1 0
objectweaver/checks/circularDefinitions.go:25.3,29.37 3 1
objectweaver/checks/circularDefinitions.go:29.37,30.18 1 1
objectweaver/checks/circularDefinitions.go:30.18,32.5 1 0
objectweaver/checks/circularDefinitions.go:36.3,36.21 1 1
objectweaver/checks/circularDefinitions.go:36.21,37.20 1 1
objectweaver/checks/circularDefinitions.go:37.20,39.5 1 1
objectweaver/checks/circularDefinitions.go:43.3,44.15 2 1
objectweaver/checks/circularDefinitions.go:47.2,47.17 1 1
objectweaver/cors/cors.go:96.33,104.35 2 1
objectweaver/cors/cors.go:104.35,106.3 1 0
objectweaver/cors/cors.go:113.2,113.38 1 1
objectweaver/cors/cors.go:113.38,114.37 1 1
objectweaver/cors/cors.go:114.37,117.4 1 1
objectweaver/cors/cors.go:118.8,121.49 3 1
objectweaver/cors/cors.go:121.49,124.21 2 1
objectweaver/cors/cors.go:124.21,129.10 4 1
objectweaver/cors/cors.go:130.10,130.58 1 1
objectweaver/cors/cors.go:130.58,134.5 2 1
objectweaver/cors/cors.go:134.10,136.5 1 1
objectweaver/cors/cors.go:141.2,141.38 1 1
objectweaver/cors/cors.go:141.38,144.3 1 1
objectweaver/cors/cors.go:144.8,147.44 2 1
objectweaver/cors/cors.go:147.44,148.16 1 1
objectweaver/cors/cors.go:148.16,151.10 3 1
objectweaver/cors/cors.go:157.2,157.38 1 1
objectweaver/cors/cors.go:157.38,160.3 1 1
objectweaver/cors/cors.go:160.8,162.3 1 1
objectweaver/cors/cors.go:164.2,164.10 1 1
objectweaver/cors/cors.go:168.68,171.2 2 1
objectweaver/cors/cors.go:175.23,189.2 1 1
objectweaver/cors/cors.go:193.56,194.71 1 1
objectweaver/cors/cors.go:194.71,195.92 1 1
objectweaver/cors/cors.go:195.92,202.27 3 1
objectweaver/cors/cors.go:202.27,204.5 1 1
objectweaver/cors/cors.go:204.10,206.5 1 1
objectweaver/cors/cors.go:207.9,211.4 3 1
objectweaver/cors/cors.go:216.72,220.36 3 1
objectweaver/cors/cors.go:220.36,223.3 2 0
objectweaver/cors/cors.go:227.2,231.18 4 1
objectweaver/cors/cors.go:231.18,234.3 2 0
objectweaver/cors/cors.go:235.2,235.35 1 1
objectweaver/cors/cors.go:235.35,238.3 2 0
objectweaver/cors/cors.go:240.2,241.35 2 1
objectweaver/cors/cors.go:241.35,244.3 2 1
objectweaver/cors/cors.go:245.2,246.38 2 1
objectweaver/cors/cors.go:246.38,249.3 2 1
objectweaver/cors/cors.go:250.2,250.25 1 1
objectweaver/cors/cors.go:250.25,252.3 1 1
objectweaver/cors/cors.go:252.8,254.3 1 1
objectweaver/cors/cors.go:257.2,258.25 2 1
objectweaver/cors/cors.go:258.25,263.3 1 1
objectweaver/cors/cors.go:264.2,264.24 1 1
objectweaver/cors/cors.go:264.24,266.3 1 0
objectweaver/cors/cors.go:267.2,267.18 1 1
objectweaver/cors/cors.go:267.18,269.3 1 1
objectweaver/cors/cors.go:270.2,270.51 1 1
objectweaver/cors/cors.go:274.76,280.18 4 1
objectweaver/cors/cors.go:280.18,283.3 2 1
objectweaver/cors/cors.go:284.2,284.35 1 1
objectweaver/cors/cors.go:284.35,287.3 2 1
objectweaver/cors/cors.go:293.2,293.34 1 1
objectweaver/cors/cors.go:293.34,297.3 2 1
objectweaver/cors/cors.go:298.2,298.25 1 1
objectweaver/cors/cors.go:298.25,300.3 1 1
objectweaver/cors/cors.go:300.8,302.3 1 1
objectweaver/cors/cors.go:303.2,303.31 1 1
objectweaver/cors/cors.go:303.31,305.3 1 1
objectweaver/cors/cors.go:306.2,306.24 1 1
objectweaver/cors/cors.go:306.24,308.3 1 1
objectweaver/cors/cors.go:309.2,309.54 1 1
objectweaver/cors/cors.go:313.54,314.18 1 1
objectweaver/cors/cors.go:314.18,316.3 1 0
objectweaver/cors/cors.go:321.69,322.30 1 1
objectweaver/cors/cors.go:322.30,324.3 1 1
objectweaver/cors/cors.go:325.2,325.25 1 1
objectweaver/cors/cors.go:325.25,327.3 1 1
objectweaver/cors/cors.go:328.2,329.37 2 1
objectweaver/cors/cors.go:329.37,330.18 1 1
objectweaver/cors/cors.go:330.18,332.4 1 1
objectweaver/cors/cors.go:334.2,334.38 1 1
objectweaver/cors/cors.go:334.38,335.22 1 1
objectweaver/cors/cors.go:335.22,337.4 1 1
objectweaver/cors/cors.go:339.2,339.14 1 1
objectweaver/cors/cors.go:344.52,345.32 1 1
objectweaver/cors/cors.go:345.32,348.3 1 0
objectweaver/cors/cors.go:349.2,350.34 2 1
objectweaver/cors/cors.go:350.34,353.3 1 1
objectweaver/cors/cors.go:354.2,354.37 1 1
objectweaver/cors/cors.go:354.37,355.18 1 1
objectweaver/cors/cors.go:355.18,357.4 1 1
objectweaver/cors/cors.go:359.2,359.14 1 1
objectweaver/cors/cors.go:364.66,365.55 1 1
objectweaver/cors/cors.go:365.55,367.3 1 1
objectweaver/cors/cors.go:368.2,368.42 1 1
objectweaver/cors/cors.go:368.42,371.38 3 1
objectweaver/cors/cors.go:371.38,372.19 1 1
objectweaver/cors/cors.go:372.19,374.10 2 1
objectweaver/cors/cors.go:377.3,377.13 1 1
objectweaver/cors/cors.go:377.13,379.4 1 1
objectweaver/cors/cors.go:381.2,381.13 1 1
objectweaver/cors/utils.go:14.40,16.2 1 1
objectweaver/cors/utils.go:19.48,21.22 2 1
objectweaver/cors/utils.go:21.22,23.3 1 1
objectweaver/cors/utils.go:24.2,24.12 1 1
objectweaver/cors/utils.go:28.50,34.25 5 1
objectweaver/cors/utils.go:34.25,35.27 1 1
objectweaver/cors/utils.go:35.27,37.4 1 1
objectweaver/cors/utils.go:39.2,40.25 2 1
objectweaver/cors/utils.go:40.25,42.27 2 1
objectweaver/cors/utils.go:42.27,43.13 1 1
objectweaver/cors/utils.go:43.13,45.5 1 1
objectweaver/cors/utils.go:45.10,47.5 1 1
objectweaver/cors/utils.go:48.9,48.34 1 1
objectweaver/cors/utils.go:48.34,49.14 1 1
objectweaver/cors/utils.go:49.14,51.5 1 1
objectweaver/cors/utils.go:51.10,53.5 1 1
objectweaver/cors/utils.go:54.9,54.72 1 1
objectweaver/cors/utils.go:54.72,56.4 1 1
objectweaver/cors/utils.go:58.3,58.39 1 1
objectweaver/cors/utils.go:58.39,59.18 1 1
objectweaver/cors/utils.go:59.18,64.5 3 1
objectweaver/cors/utils.go:65.9,67.4 1 1
objectweaver/cors/utils.go:69.2,69.16 1 1
objectweaver/llmManagement/byteOperations/image_generator.go:21.63,25.2 1 1
objectweaver/llmManagement/byteOperations/image_generator.go:28.98,43.49 5 0
objectweaver/llmManagement/byteOperations/image_generator.go:43.49,45.3 1 0
objectweaver/llmManagement/byteOperations/image_generator.go:45.8,45.56 1 0
objectweaver/llmManagement/byteOperations/image_generator.go:45.56,47.3 1 0
objectweaver/llmManagement/byteOperations/image_generator.go:47.8,49.3 1 0
objectweaver/llmManagement/byteOperations/image_generator.go:51.2,55.16 3 0
objectweaver/llmManagement/byteOperations/image_generator.go:55.16,58.3 2 0
objectweaver/llmManagement/byteOperations/image_generator.go:61.2,61.25 1 0
objectweaver/llmManagement/byteOperations/image_generator.go:61.25,64.3 2 0
objectweaver/llmManagement/byteOperations/image_generator.go:67.2,74.29 3 0
objectweaver/llmManagement/byteOperations/image_generator.go:74.29,77.17 3 0
objectweaver/llmManagement/byteOperations/image_generator.go:77.17,80.4 2 0
objectweaver/llmManagement/byteOperations/image_generator.go:81.3,82.23 2 0
objectweaver/llmManagement/byteOperations/image_generator.go:86.2,86.25 1 0
objectweaver/llmManagement/byteOperations/image_generator.go:86.25,89.17 3 0
objectweaver/llmManagement/byteOperations/image_generator.go:89.17,92.4 2 0
objectweaver/llmManagement/byteOperations/image_generator.go:93.3,96.17 3 0
objectweaver/llmManagement/byteOperations/image_generator.go:96.17,99.4 2 0
objectweaver/llmManagement/byteOperations/image_generator.go:100.3,101.23 2 0
objectweaver/llmManagement/byteOperations/image_generator.go:104.2,105.53 2 0
objectweaver/llmManagement/client/batchClient.go:135.125,142.2 1 1
objectweaver/llmManagement/client/batchClient.go:145.117,147.17 2 0
objectweaver/llmManagement/client/batchClient.go:147.17,149.17 2 0
objectweaver/llmManagement/client/batchClient.go:149.17,151.4 1 0
objectweaver/llmManagement/client/batchClient.go:152.3,152.38 1 0
objectweaver/llmManagement/client/batchClient.go:155.2,156.16 2 0
objectweaver/llmManagement/client/batchClient.go:156.16,158.3 1 0
objectweaver/llmManagement/client/batchClient.go:160.2,164.16 4 0
objectweaver/llmManagement/client/batchClient.go:164.16,166.3 1 0
objectweaver/llmManagement/client/batchClient.go:168.2,168.28 1 0
objectweaver/llmManagement/client/batchClient.go:168.28,172.3 3 0
objectweaver/llmManagement/client/batchClient.go:174.2,174.18 1 0
objectweaver/llmManagement/client/batchClient.go:178.87,180.16 2 0
objectweaver/llmManagement/client/batchClient.go:180.16,182.3 1 0
objectweaver/llmManagement/client/batchClient.go:183.2,185.48 2 0
objectweaver/llmManagement/client/batchClient.go:189.111,208.52 11 0
objectweaver/llmManagement/client/batchClient.go:208.52,210.3 1 0
objectweaver/llmManagement/client/batchClient.go:213.2,217.16 4 0
objectweaver/llmManagement/client/batchClient.go:217.16,219.3 1 0
objectweaver/llmManagement/client/batchClient.go:221.2,225.16 4 0
objectweaver/llmManagement/client/batchClient.go:225.16,227.3 1 0
objectweaver/llmManagement/client/batchClient.go:228.2,230.28 2 0
objectweaver/llmManagement/client/batchClient.go:230.28,233.3 2 0
objectweaver/llmManagement/client/batchClient.go:235.2,236.69 2 0
objectweaver/llmManagement/client/batchClient.go:236.69,238.3 1 0
objectweaver/llmManagement/client/batchClient.go:240.2,240.23 1 0
objectweaver/llmManagement/client/batchClient.go:244.96,246.16 2 0
objectweaver/llmManagement/client/batchClient.go:246.16,248.3 1 0
objectweaver/llmManagement/client/batchClient.go:249.2,252.66 3 0
objectweaver/llmManagement/client/batchClient.go:252.66,254.3 1 0
objectweaver/llmManagement/client/batchClient.go:256.2,256.20 1 0
objectweaver/llmManagement/client/batchClient.go:260.85,262.16 2 0
objectweaver/llmManagement/client/batchClient.go:262.16,264.3 1 0
objectweaver/llmManagement/client/batchClient.go:265.2,268.66 3 0
objectweaver/llmManagement/client/batchClient.go:268.66,270.3 1 0
objectweaver/llmManagement/client/batchClient.go:272.2,272.20 1 0
objectweaver/llmManagement/client/batchClient.go:276.88,278.16 2 0
objectweaver/llmManagement/client/batchClient.go:278.16,280.3 1 0
objectweaver/llmManagement/client/batchClient.go:281.2,284.66 3 0
objectweaver/llmManagement/client/batchClient.go:284.66,286.3 1 0
objectweaver/llmManagement/client/batchClient.go:288.2,288.20 1 0
objectweaver/llmManagement/client/batchClient.go:292.111,294.30 2 0
objectweaver/llmManagement/client/batchClient.go:294.30,296.16 2 0
objectweaver/llmManagement/client/batchClient.go:296.16,298.4 1 0
objectweaver/llmManagement/client/batchClient.go:299.3,299.18 1 0
objectweaver/llmManagement/client/batchClient.go:299.18,300.17 1 0
objectweaver/llmManagement/client/batchClient.go:300.17,302.5 1 0
objectweaver/llmManagement/client/batchClient.go:303.4,303.42 1 0
objectweaver/llmManagement/client/batchClient.go:307.2,308.16 2 0
objectweaver/llmManagement/client/batchClient.go:308.16,310.3 1 0
objectweaver/llmManagement/client/batchClient.go:311.2,314.69 3 0
objectweaver/llmManagement/client/batchClient.go:314.69,316.3 1 0
objectweaver/llmManagement/client/batchClient.go:318.2,318.23 1 0
objectweaver/llmManagement/client/batchClient.go:322.90,324.16 2 0
objectweaver/llmManagement/client/batchClient.go:324.16,326.3 1 0
objectweaver/llmManagement/client/batchClient.go:327.2,330.16 3 0
objectweaver/llmManagement/client/batchClient.go:330.16,332.3 1 0
objectweaver/llmManagement/client/batchClient.go:334.2,334.21 1 0
objectweaver/llmManagement/client/batchClient.go:338.128,340.35 2 0
objectweaver/llmManagement/client/batchClient.go:340.35,342.3 1 0
objectweaver/llmManagement/client/batchClient.go:344.2,347.6 3 0
objectweaver/llmManagement/client/batchClient.go:347.6,348.10 1 0
objectweaver/llmManagement/client/batchClient.go:349.21,350.25 1 0
objectweaver/llmManagement/client/batchClient.go:351.19,353.18 2 0
objectweaver/llmManagement/client/batchClient.go:353.18,355.5 1 0
objectweaver/llmManagement/client/batchClient.go:358.4,358.24 1 0
objectweaver/llmManagement/client/batchClient.go:359.71,360.22 1 0
objectweaver/llmManagement/client/batchClient.go:367.103,369.16 2 0
objectweaver/llmManagement/client/batchClient.go:369.16,371.3 1 0
objectweaver/llmManagement/client/batchClient.go:373.2,375.21 3 0
objectweaver/llmManagement/client/batchClient.go:375.21,377.64 2 0
objectweaver/llmManagement/client/batchClient.go:377.64,379.4 1 0
objectweaver/llmManagement/client/batchClient.go:380.3,380.38 1 0
objectweaver/llmManagement/client/batchClient.go:383.2,383.38 1 0
objectweaver/llmManagement/client/batchClient.go:383.38,385.3 1 0
objectweaver/llmManagement/client/batchClient.go:387.2,387.23 1 0
objectweaver/llmManagement/client/batchClient.go:391.79,393.16 2 0
objectweaver/llmManagement/client/batchClient.go:393.16,395.3 1 0
objectweaver/llmManagement/client/batchClient.go:396.2,399.31 3 0
objectweaver/llmManagement/client/batchClient.go:399.31,400.45 1 0
objectweaver/llmManagement/client/batchClient.go:400.45,402.4 1 0
objectweaver/llmManagement/client/batchClient.go:405.2,405.12 1 0
objectweaver/llmManagement/client/batchClient.go:409.123,422.2 2 0
objectweaver/llmManagement/client/batchClient.go:425.87,437.2 2 0
objectweaver/llmManagement/client/batchClient.go:440.88,452.2 2 0
objectweaver/llmManagement/client/gzipClient.go:17.87,22.60 2 1
objectweaver/llmManagement/client/gzipClient.go:22.60,27.28 1 1
objectweaver/llmManagement/client/gzipClient.go:27.28,31.18 2 0
objectweaver/llmManagement/client/gzipClient.go:31.18,33.5 1 0
objectweaver/llmManagement/client/gzipClient.go:34.4,34.26 1 0
objectweaver/llmManagement/client/gzipClient.go:37.3,38.17 2 1
objectweaver/llmManagement/client/gzipClient.go:38.17,40.4 1 0
objectweaver/llmManagement/client/gzipClient.go:43.3,49.17 2 1
objectweaver/llmManagement/client/gzipClient.go:49.17,51.4 1 0
objectweaver/llmManagement/client/gzipClient.go:52.8,55.3 1 1
objectweaver/llmManagement/client/gzipClient.go:59.2,60.22 2 1
objectweaver/llmManagement/client/gzipClient.go:60.22,62.3 1 1
objectweaver/llmManagement/client/gzipClient.go:65.2,73.8 1 1
objectweaver/llmManagement/client/gzipTransport.go:20.78,24.65 1 1
objectweaver/llmManagement/client/gzipTransport.go:24.65,26.3 1 1
objectweaver/llmManagement/client/gzipTransport.go:29.2,33.49 3 1
objectweaver/llmManagement/client/gzipTransport.go:33.49,36.3 2 1
objectweaver/llmManagement/client/gzipTransport.go:37.2,37.35 1 1
objectweaver/llmManagement/client/gzipTransport.go:37.35,40.3 2 0
objectweaver/llmManagement/client/gzipTransport.go:43.2,57.45 6 1
objectweaver/llmManagement/client/initialise_batch.go:31.13,33.16 2 1
objectweaver/llmManagement/client/initialise_batch.go:33.16,38.3 2 0
objectweaver/llmManagement/client/initialise_batch.go:41.2,46.22 2 1
objectweaver/llmManagement/client/initialise_batch.go:46.22,50.3 3 0
objectweaver/llmManagement/client/initialise_batch.go:53.2,59.3 2 1
objectweaver/llmManagement/client/initialise_batch.go:73.50,76.23 2 1
objectweaver/llmManagement/client/initialise_batch.go:76.23,78.3 1 1
objectweaver/llmManagement/client/initialise_batch.go:81.2,86.13 4 1
objectweaver/llmManagement/client/initialise_batch.go:86.13,88.44 1 0
objectweaver/llmManagement/client/initialise_batch.go:88.44,90.4 1 0
objectweaver/llmManagement/client/initialise_batch.go:94.2,95.16 2 1
objectweaver/llmManagement/client/initialise_batch.go:95.16,97.3 1 0
objectweaver/llmManagement/client/initialise_batch.go:99.2,105.8 1 1
objectweaver/llmManagement/client/initialise_batch.go:110.41,112.63 1 1
objectweaver/llmManagement/client/initialise_batch.go:112.63,114.3 1 0
objectweaver/llmManagement/client/initialise_batch.go:117.2,117.60 1 1
objectweaver/llmManagement/client/initialise_batch.go:117.60,120.3 1 0
objectweaver/llmManagement/client/initialise_batch.go:123.2,124.20 2 1
objectweaver/llmManagement/client/initialise_batch.go:124.20,126.3 1 1
objectweaver/llmManagement/client/initialise_batch.go:129.2,129.35 1 1
objectweaver/llmManagement/client/initialise_batch.go:130.20,132.33 1 1
objectweaver/llmManagement/client/initialise_batch.go:134.15,136.55 1 0
objectweaver/llmManagement/client/initialise_batch.go:136.55,138.4 1 0
objectweaver/llmManagement/client/initialise_batch.go:140.3,140.42 1 0
objectweaver/llmManagement/client/initialise_batch.go:142.16,144.102 1 0
objectweaver/llmManagement/client/initialise_batch.go:146.10,147.91 1 0
objectweaver/llmManagement/client/initialise_batch.go:153.44,165.35 3 0
objectweaver/llmManagement/client/initialise_batch.go:165.35,166.42 1 0
objectweaver/llmManagement/client/initialise_batch.go:166.42,168.4 1 0
objectweaver/llmManagement/client/initialise_batch.go:172.2,172.16 1 0
objectweaver/llmManagement/client/initialise_batch.go:177.54,179.20 2 1
objectweaver/llmManagement/client/initialise_batch.go:179.20,181.3 1 1
objectweaver/llmManagement/client/initialise_batch.go:183.2,184.16 2 0
objectweaver/llmManagement/client/initialise_batch.go:184.16,187.3 1 0
objectweaver/llmManagement/client/initialise_batch.go:190.2,190.16 1 0
objectweaver/llmManagement/client/initialise_batch.go:190.16,192.3 1 0
objectweaver/llmManagement/client/initialise_batch.go:194.2,194.14 1 0
objectweaver/llmManagement/client/standardClient.go:14.39,15.17 1 1
objectweaver/llmManagement/client/standardClient.go:15.17,17.3 1 1
objectweaver/llmManagement/client/standardClient.go:18.2,18.23 1 1
objectweaver/llmManagement/client/standardClient.go:22.71,31.2 1 1
objectweaver/llmManagement/client/standardGzip.go:10.65,15.23 3 1
objectweaver/llmManagement/client/standardGzip.go:15.23,21.3 4 1
objectweaver/llmManagement/client/standardGzip.go:25.2,25.22 1 1
objectweaver/llmManagement/client/standardGzip.go:25.22,27.3 1 1
objectweaver/llmManagement/client/standardGzip.go:31.2,35.18 2 1
objectweaver/httpManager.go:16.63,25.2 1 1
objectweaver/httpManager.go:27.38,30.2 2 1
objectweaver/main.go:27.63,33.2 1 0
objectweaver/main.go:35.38,38.2 2 0
objectweaver/main.go:40.51,42.16 2 0
objectweaver/main.go:42.16,44.3 1 0
objectweaver/main.go:45.2,46.16 2 0
objectweaver/main.go:46.16,48.3 1 0
objectweaver/main.go:49.2,56.12 6 0
objectweaver/main.go:56.12,57.39 1 0
objectweaver/main.go:57.39,59.4 1 0
objectweaver/main.go:61.2,61.12 1 0
objectweaver/main.go:61.12,62.70 1 0
objectweaver/main.go:62.70,64.4 1 0
objectweaver/main.go:66.2,66.34 1 0
objectweaver/main.go:66.34,68.3 1 0
objectweaver/main.go:71.13,89.9 8 0
objectweaver/main.go:92.20,93.30 1 0
objectweaver/main.go:93.30,99.3 3 0
objectweaver/main.go:102.28,105.16 2 0
objectweaver/main.go:105.16,108.3 2 0
objectweaver/main.go:109.2,112.21 3 0
objectweaver/printCommands.go:8.19,19.16 3 0
objectweaver/printCommands.go:19.16,21.3 1 0
objectweaver/printCommands.go:23.2,24.47 2 0
objectweaver/printCommands.go:24.47,28.3 1 0
objectweaver/printCommands.go:30.2,41.22 2 0
objectweaver/grpcService/auth.go:19.24,22.9 2 1
objectweaver/grpcService/auth.go:22.9,24.3 1 1
objectweaver/grpcService/auth.go:27.2,31.29 3 1
objectweaver/grpcService/auth.go:31.29,33.3 1 1
objectweaver/grpcService/auth.go:36.2,36.49 1 1
objectweaver/grpcService/auth.go:36.49,39.3 2 1
objectweaver/grpcService/auth.go:42.2,42.26 1 1
objectweaver/grpcService/auth.go:46.40,48.36 1 1
objectweaver/grpcService/auth.go:48.36,50.3 1 1
objectweaver/grpcService/auth.go:51.2,51.12 1 1
objectweaver/grpcService/generateObjectV2.go:24.99,27.27 2 0
objectweaver/grpcService/generateObjectV2.go:27.27,32.39 3 0
objectweaver/grpcService/generateObjectV2.go:32.39,33.53 1 0
objectweaver/grpcService/generateObjectV2.go:33.53,36.5 1 0
objectweaver/grpcService/generateObjectV2.go:41.2,49.39 3 0
objectweaver/grpcService/generateObjectV2.go:49.39,50.53 1 0
objectweaver/grpcService/generateObjectV2.go:50.53,53.4 1 0
objectweaver/grpcService/generateObjectV2.go:60.2,60.54 1 0
objectweaver/grpcService/generateObjectV2.go:60.54,62.3 1 0
objectweaver/grpcService/generateObjectV2.go:65.2,70.16 4 0
objectweaver/grpcService/generateObjectV2.go:70.16,73.3 2 0
objectweaver/grpcService/generateObjectV2.go:76.2,83.16 5 0
objectweaver/grpcService/generateObjectV2.go:83.16,86.3 2 0
objectweaver/grpcService/generateObjectV2.go:88.2,88.25 1 0
objectweaver/grpcService/generateObjectV2.go:88.25,90.3 1 0
objectweaver/grpcService/generateObjectV2.go:93.2,96.47 2 0
objectweaver/grpcService/generateObjectV2.go:96.47,99.3 2 0
objectweaver/grpcService/generateObjectV2.go:102.2,103.16 2 0
objectweaver/grpcService/generateObjectV2.go:103.16,106.3 2 0
objectweaver/grpcService/generateObjectV2.go:109.2,111.21 3 0
objectweaver/grpcService/generateObjectV2.go:111.21,113.3 1 0
objectweaver/grpcService/generateObjectV2.go:116.2,117.30 2 0
objectweaver/grpcService/generateObjectV2.go:117.30,119.55 2 0
objectweaver/grpcService/generateObjectV2.go:119.55,124.18 2 0
objectweaver/grpcService/generateObjectV2.go:124.18,126.13 2 0
objectweaver/grpcService/generateObjectV2.go:130.4,131.108 2 0
objectweaver/grpcService/generateObjectV2.go:131.108,132.96 1 0
objectweaver/grpcService/generateObjectV2.go:132.96,134.6 1 0
objectweaver/grpcService/generateObjectV2.go:134.11,141.6 1 0
objectweaver/grpcService/generateObjectV2.go:145.4,146.35 2 0
objectweaver/grpcService/generateObjectV2.go:146.35,149.57 2 0
objectweaver/grpcService/generateObjectV2.go:149.57,161.6 2 0
objectweaver/grpcService/generateObjectV2.go:163.5,168.6 1 0
objectweaver/grpcService/generateObjectV2.go:171.4,174.5 1 0
objectweaver/grpcService/generateObjectV2.go:179.2,185.22 2 0
objectweaver/grpcService/generateObjectV2.go:189.96,193.19 2 0
objectweaver/grpcService/generateObjectV2.go:193.19,197.3 1 0
objectweaver/grpcService/generateObjectV2.go:197.8,200.3 1 0
objectweaver/grpcService/generateObjectV2.go:203.2,206.15 3 0
objectweaver/grpcService/server.go:21.97,23.2 1 0
objectweaver/grpcService/server.go:26.126,28.2 1 0
objectweaver/grpcService/server.go:31.35,38.42 4 1
objectweaver/grpcService/server.go:38.42,39.38 1 1
objectweaver/grpcService/server.go:39.38,42.4 2 1
objectweaver/grpcService/server.go:44.3,45.17 2 0
objectweaver/grpcService/server.go:45.17,47.4 1 0
objectweaver/grpcService/server.go:50.3,58.4 2 0
objectweaver/grpcService/server.go:59.8,63.3 1 1
objectweaver/grpcService/server.go:66.2,70.19 3 1
objectweaver/grpcService/streamGenerateObjectV2.go:19.128,29.54 3 0
objectweaver/grpcService/streamGenerateObjectV2.go:29.54,31.3 1 0
objectweaver/grpcService/streamGenerateObjectV2.go:34.2,39.16 4 0
objectweaver/grpcService/streamGenerateObjectV2.go:39.16,42.3 2 0
objectweaver/grpcService/streamGenerateObjectV2.go:45.2,49.53 2 0
objectweaver/grpcService/streamGenerateObjectV2.go:49.53,51.3 1 0
objectweaver/grpcService/streamGenerateObjectV2.go:51.8,53.3 1 0
objectweaver/grpcService/streamGenerateObjectV2.go:57.160,60.16 2 0
objectweaver/grpcService/streamGenerateObjectV2.go:60.16,63.3 2 0
objectweaver/grpcService/streamGenerateObjectV2.go:65.2,69.32 3 0
objectweaver/grpcService/streamGenerateObjectV2.go:69.32,70.19 1 0
objectweaver/grpcService/streamGenerateObjectV2.go:70.19,71.12 1 0
objectweaver/grpcService/streamGenerateObjectV2.go:75.3,75.44 1 0
objectweaver/grpcService/streamGenerateObjectV2.go:75.44,77.4 1 0
objectweaver/grpcService/streamGenerateObjectV2.go:83.3,84.17 2 0
objectweaver/grpcService/streamGenerateObjectV2.go:84.17,87.4 2 0
objectweaver/grpcService/streamGenerateObjectV2.go:90.3,97.47 2 0
objectweaver/grpcService/streamGenerateObjectV2.go:97.47,100.4 2 0
objectweaver/grpcService/streamGenerateObjectV2.go:103.3,103.20 1 0
objectweaver/grpcService/streamGenerateObjectV2.go:103.20,104.9 1 0
objectweaver/grpcService/streamGenerateObjectV2.go:109.2,110.16 2 0
objectweaver/grpcService/streamGenerateObjectV2.go:110.16,113.3 2 0
objectweaver/grpcService/streamGenerateObjectV2.go:115.2,121.51 2 0
objectweaver/grpcService/streamGenerateObjectV2.go:121.51,124.3 2 0
objectweaver/grpcService/streamGenerateObjectV2.go:126.2,126.12 1 0
objectweaver/grpcService/streamGenerateObjectV2.go:130.165,133.16 2 0
objectweaver/grpcService/streamGenerateObjectV2.go:133.16,136.3 2 0
objectweaver/grpcService/streamGenerateObjectV2.go:138.2,142.37 3 0
objectweaver/grpcService/streamGenerateObjectV2.go:142.37,143.19 1 0
objectweaver/grpcService/streamGenerateObjectV2.go:143.19,144.12 1 0
objectweaver/grpcService/streamGenerateObjectV2.go:148.3,148.28 1 0
objectweaver/grpcService/streamGenerateObjectV2.go:148.28,149.31 1 0
objectweaver/grpcService/streamGenerateObjectV2.go:149.31,152.5 1 0
objectweaver/grpcService/streamGenerateObjectV2.go:152.10,155.5 1 0
objectweaver/grpcService/streamGenerateObjectV2.go:159.3,159.30 1 0
objectweaver/grpcService/streamGenerateObjectV2.go:159.30,161.4 1 0
objectweaver/grpcService/streamGenerateObjectV2.go:164.3,165.17 2 0
objectweaver/grpcService/streamGenerateObjectV2.go:165.17,168.12 2 0
objectweaver/grpcService/streamGenerateObjectV2.go:172.3,179.47 2 0
objectweaver/grpcService/streamGenerateObjectV2.go:179.47,182.4 2 0
objectweaver/grpcService/streamGenerateObjectV2.go:185.3,185.20 1 0
objectweaver/grpcService/streamGenerateObjectV2.go:185.20,186.9 1 0
objectweaver/grpcService/streamGenerateObjectV2.go:191.2,192.16 2 0
objectweaver/grpcService/streamGenerateObjectV2.go:192.16,195.3 2 0
objectweaver/grpcService/streamGenerateObjectV2.go:197.2,203.51 2 0
objectweaver/grpcService/streamGenerateObjectV2.go:203.51,206.3 2 0
objectweaver/grpcService/streamGenerateObjectV2.go:208.2,208.12 1 0
objectweaver/grpcService/streamGenerateObjectV2.go:212.96,216.45 2 0
objectweaver/grpcService/streamGenerateObjectV2.go:216.45,220.3 2 0
objectweaver/grpcService/streamGenerateObjectV2.go:220.8,224.3 2 0
objectweaver/grpcService/streamGenerateObjectV2.go:227.2,230.15 3 0
objectweaver/grpcService/streamGenerateObjectV2.go:234.84,236.30 1 0
objectweaver/grpcService/streamGenerateObjectV2.go:236.30,237.42 1 0
objectweaver/grpcService/streamGenerateObjectV2.go:237.42,238.19 1 0
objectweaver/grpcService/streamGenerateObjectV2.go:238.19,240.5 1 0
objectweaver/grpcService/streamGenerateObjectV2.go:245.2,245.14 1 0
objectweaver/llmManagement/LLM/batch_req_manager.go:97.84,107.2 2 0
objectweaver/llmManagement/LLM/batch_req_manager.go:110.89,111.31 1 0
objectweaver/llmManagement/LLM/batch_req_manager.go:111.31,113.3 1 0
objectweaver/llmManagement/LLM/batch_req_manager.go:115.2,115.37 1 0
objectweaver/llmManagement/LLM/batch_req_manager.go:115.37,117.3 1 0
objectweaver/llmManagement/LLM/batch_req_manager.go:119.2,119.32 1 0
objectweaver/llmManagement/LLM/batch_req_manager.go:119.32,121.3 1 0
objectweaver/llmManagement/LLM/batch_req_manager.go:123.2,123.31 1 0
objectweaver/llmManagement/LLM/batch_req_manager.go:123.31,125.3 1 0
objectweaver/llmManagement/LLM/batch_req_manager.go:128.2,129.28 2 0
objectweaver/llmManagement/LLM/batch_req_manager.go:129.28,131.3 1 0
objectweaver/llmManagement/LLM/batch_req_manager.go:133.2,146.8 2 0
objectweaver/llmManagement/LLM/batch_req_manager.go:150.57,151.16 1 0
objectweaver/llmManagement/LLM/batch_req_manager.go:151.16,153.3 1 0
objectweaver/llmManagement/LLM/batch_req_manager.go:155.2,155.23 1 0
objectweaver/llmManagement/LLM/batch_req_manager.go:155.23,157.3 1 0
objectweaver/llmManagement/LLM/batch_req_manager.go:159.2,175.77 6 0
objectweaver/llmManagement/LLM/batch_req_manager.go:175.77,178.60 2 0
objectweaver/llmManagement/LLM/batch_req_manager.go:178.60,181.4 2 0
objectweaver/llmManagement/LLM/batch_req_manager.go:182.3,182.14 1 0
objectweaver/llmManagement/LLM/batch_req_manager.go:186.2,190.12 4 0
objectweaver/llmManagement/LLM/batch_req_manager.go:194.72,198.29 2 0
objectweaver/llmManagement/LLM/batch_req_manager.go:198.29,201.3 2 0
objectweaver/llmManagement/LLM/batch_req_manager.go:204.2,216.16 8 0
objectweaver/llmManagement/LLM/batch_req_manager.go:216.16,222.3 4 0
objectweaver/llmManagement/LLM/batch_req_manager.go:225.2,226.16 2 0
objectweaver/llmManagement/LLM/batch_req_manager.go:226.16,228.3 1 0
objectweaver/llmManagement/LLM/batch_req_manager.go:229.2,233.16 3 0
objectweaver/llmManagement/LLM/batch_req_manager.go:233.16,235.3 1 0
objectweaver/llmManagement/LLM/batch_req_manager.go:238.2,249.16 3 0
objectweaver/llmManagement/LLM/batch_req_manager.go:249.16,251.3 1 0
objectweaver/llmManagement/LLM/batch_req_manager.go:253.2,260.12 5 0
objectweaver/llmManagement/LLM/batch_req_manager.go:264.61,266.17 2 0
objectweaver/llmManagement/LLM/batch_req_manager.go:266.17,269.3 2 0
objectweaver/llmManagement/LLM/batch_req_manager.go:270.2,274.24 4 0
objectweaver/llmManagement/LLM/batch_req_manager.go:278.66,280.18 2 0
objectweaver/llmManagement/LLM/batch_req_manager.go:280.18,283.3 2 0
objectweaver/llmManagement/LLM/batch_req_manager.go:284.2,293.26 4 0
objectweaver/llmManagement/LLM/batch_req_manager.go:297.64,308.2 3 0
objectweaver/llmManagement/LLM/batch_req_manager.go:311.68,317.6 4 0
objectweaver/llmManagement/LLM/batch_req_manager.go:317.6,318.10 1 0
objectweaver/llmManagement/LLM/batch_req_manager.go:319.21,320.10 1 0
objectweaver/llmManagement/LLM/batch_req_manager.go:321.21,322.10 1 0
objectweaver/llmManagement/LLM/batch_req_manager.go:323.19,328.19 4 0
objectweaver/llmManagement/LLM/batch_req_manager.go:328.19,329.45 1 0
objectweaver/llmManagement/LLM/batch_req_manager.go:329.45,332.6 1 0
objectweaver/llmManagement/LLM/batch_req_manager.go:334.22,335.44 1 0
objectweaver/llmManagement/LLM/batch_req_manager.go:335.44,337.5 1 0
objectweaver/llmManagement/LLM/batch_req_manager.go:343.115,346.29 2 0
objectweaver/llmManagement/LLM/batch_req_manager.go:346.29,350.17 2 0
objectweaver/llmManagement/LLM/batch_req_manager.go:350.17,352.4 1 0
objectweaver/llmManagement/LLM/batch_req_manager.go:354.3,355.17 2 0
objectweaver/llmManagement/LLM/batch_req_manager.go:355.17,357.4 1 0
objectweaver/llmManagement/LLM/batch_req_manager.go:359.3,360.54 2 0
objectweaver/llmManagement/LLM/batch_req_manager.go:360.54,362.4 1 0
objectweaver/llmManagement/LLM/batch_req_manager.go:364.3,371.35 2 0
objectweaver/llmManagement/LLM/batch_req_manager.go:374.2,374.22 1 0
objectweaver/llmManagement/LLM/batch_req_manager.go:378.103,380.16 2 0
objectweaver/llmManagement/LLM/batch_req_manager.go:380.16,382.3 1 0
objectweaver/llmManagement/LLM/batch_req_manager.go:383.2,386.31 3 0
objectweaver/llmManagement/LLM/batch_req_manager.go:386.31,387.45 1 0
objectweaver/llmManagement/LLM/batch_req_manager.go:387.45,390.4 2 0
objectweaver/llmManagement/LLM/batch_req_manager.go:393.2,393.28 1 0
objectweaver/llmManagement/LLM/batch_req_manager.go:397.117,400.16 2 0
objectweaver/llmManagement/LLM/batch_req_manager.go:400.16,402.30 1 0
objectweaver/llmManagement/LLM/batch_req_manager.go:402.30,403.30 1 0
objectweaver/llmManagement/LLM/batch_req_manager.go:403.30,405.5 1 0
objectweaver/llmManagement/LLM/batch_req_manager.go:407.3,407.9 1 0
objectweaver/llmManagement/LLM/batch_req_manager.go:411.2,411.44 1 0
objectweaver/llmManagement/LLM/batch_req_manager.go:411.44,412.30 1 0
objectweaver/llmManagement/LLM/batch_req_manager.go:412.30,413.30 1 0
objectweaver/llmManagement/LLM/batch_req_manager.go:413.30,415.5 1 0
objectweaver/llmManagement/LLM/batch_req_manager.go:417.3,417.9 1 0
objectweaver/llmManagement/LLM/batch_req_manager.go:421.2,421.31 1 0
objectweaver/llmManagement/LLM/batch_req_manager.go:421.31,422.30 1 0
objectweaver/llmManagement/LLM/batch_req_manager.go:422.30,423.30 1 0
objectweaver/llmManagement/LLM/batch_req_manager.go:423.30,425.5 1 0
objectweaver/llmManagement/LLM/batch_req_manager.go:427.3,427.9 1 0
objectweaver/llmManagement/LLM/batch_req_manager.go:430.2,431.16 2 0
objectweaver/llmManagement/LLM/batch_req_manager.go:431.16,432.30 1 0
objectweaver/llmManagement/LLM/batch_req_manager.go:432.30,433.30 1 0
objectweaver/llmManagement/LLM/batch_req_manager.go:433.30,435.5 1 0
objectweaver/llmManagement/LLM/batch_req_manager.go:437.3,437.9 1 0
objectweaver/llmManagement/LLM/batch_req_manager.go:441.2,441.35 1 0
objectweaver/llmManagement/LLM/batch_req_manager.go:441.35,442.92 1 0
objectweaver/llmManagement/LLM/batch_req_manager.go:442.92,445.4 1 0
objectweaver/llmManagement/LLM/batch_req_manager.go:449.2,450.33 2 0
objectweaver/llmManagement/LLM/batch_req_manager.go:450.33,452.3 1 0
objectweaver/llmManagement/LLM/batch_req_manager.go:455.2,455.29 1 0
objectweaver/llmManagement/LLM/batch_req_manager.go:455.29,457.10 2 0
objectweaver/llmManagement/LLM/batch_req_manager.go:457.10,458.30 1 0
objectweaver/llmManagement/LLM/batch_req_manager.go:458.30,460.5 1 0
objectweaver/llmManagement/LLM/batch_req_manager.go:461.4,461.12 1 0
objectweaver/llmManagement/LLM/batch_req_manager.go:464.3,464.24 1 0
objectweaver/llmManagement/LLM/batch_req_manager.go:464.24,465.30 1 0
objectweaver/llmManagement/LLM/batch_req_manager.go:465.30,467.5 1 0
objectweaver/llmManagement/LLM/batch_req_manager.go:468.4,468.12 1 0
objectweaver/llmManagement/LLM/batch_req_manager.go:472.3,472.56 1 0
objectweaver/llmManagement/LLM/batch_req_manager.go:472.56,474.18 2 0
objectweaver/llmManagement/LLM/batch_req_manager.go:474.18,475.31 1 0
objectweaver/llmManagement/LLM/batch_req_manager.go:475.31,477.6 1 0
objectweaver/llmManagement/LLM/batch_req_manager.go:478.5,478.13 1 0
objectweaver/llmManagement/LLM/batch_req_manager.go:481.4,481.31 1 0
objectweaver/llmManagement/LLM/batch_req_manager.go:481.31,483.5 1 0
objectweaver/llmManagement/LLM/batch_req_manager.go:489.40,504.2 6 0
objectweaver/llmManagement/LLM/batch_req_manager.go:507.112,510.16 2 0
objectweaver/llmManagement/LLM/batch_req_manager.go:510.16,512.3 1 0
objectweaver/llmManagement/LLM/batch_req_manager.go:514.2,515.60 2 0
objectweaver/llmManagement/LLM/batch_req_manager.go:515.60,517.3 1 0
objectweaver/llmManagement/LLM/batch_req_manager.go:519.2,519.23 1 0
objectweaver/llmManagement/LLM/batch_req_manager.go:523.54,525.20 2 0
objectweaver/llmManagement/LLM/batch_req_manager.go:525.20,527.3 1 0
objectweaver/llmManagement/LLM/batch_req_manager.go:529.2,530.16 2 0
objectweaver/llmManagement/LLM/batch_req_manager.go:530.16,532.3 1 0
objectweaver/llmManagement/LLM/batch_req_manager.go:534.2,534.16 1 0
objectweaver/llmManagement/LLM/batch_req_manager.go:534.16,536.3 1 0
objectweaver/llmManagement/LLM/batch_req_manager.go:538.2,538.14 1 0
objectweaver/llmManagement/LLM/batch_webhook_notifier.go:70.61,75.22 3 1
objectweaver/llmManagement/LLM/batch_webhook_notifier.go:75.22,77.3 1 1
objectweaver/llmManagement/LLM/batch_webhook_notifier.go:79.2,86.40 2 1
objectweaver/llmManagement/LLM/batch_webhook_notifier.go:90.80,91.29 1 1
objectweaver/llmManagement/LLM/batch_webhook_notifier.go:91.29,93.3 1 0
objectweaver/llmManagement/LLM/batch_webhook_notifier.go:95.2,96.23 2 1
objectweaver/llmManagement/LLM/batch_webhook_notifier.go:96.23,100.3 1 1
objectweaver/llmManagement/LLM/batch_webhook_notifier.go:102.2,103.24 2 1
objectweaver/llmManagement/LLM/batch_webhook_notifier.go:103.24,105.3 1 0
objectweaver/llmManagement/LLM/batch_webhook_notifier.go:107.2,108.21 2 1
objectweaver/llmManagement/LLM/batch_webhook_notifier.go:108.21,110.3 1 0
objectweaver/llmManagement/LLM/batch_webhook_notifier.go:112.2,119.3 1 1
objectweaver/llmManagement/LLM/batch_webhook_notifier.go:123.56,125.2 1 1
objectweaver/llmManagement/LLM/batch_webhook_notifier.go:133.9,134.16 1 1
objectweaver/llmManagement/LLM/batch_webhook_notifier.go:134.16,136.3 1 1
objectweaver/llmManagement/LLM/batch_webhook_notifier.go:139.2,143.58 3 1
objectweaver/llmManagement/LLM/batch_webhook_notifier.go:143.58,144.18 1 1
objectweaver/llmManagement/LLM/batch_webhook_notifier.go:144.18,146.11 1 1
objectweaver/llmManagement/LLM/batch_webhook_notifier.go:147.22,148.21 1 1
objectweaver/llmManagement/LLM/batch_webhook_notifier.go:149.36,149.36 0 1
objectweaver/llmManagement/LLM/batch_webhook_notifier.go:153.3,154.17 2 1
objectweaver/llmManagement/LLM/batch_webhook_notifier.go:154.17,156.4 1 1
objectweaver/llmManagement/LLM/batch_webhook_notifier.go:158.3,161.32 2 1
objectweaver/llmManagement/LLM/batch_webhook_notifier.go:161.32,164.4 1 1
objectweaver/llmManagement/LLM/batch_webhook_notifier.go:167.2,167.100 1 1
objectweaver/llmManagement/LLM/batch_webhook_notifier.go:175.24,178.33 2 1
objectweaver/llmManagement/LLM/batch_webhook_notifier.go:178.33,185.24 2 1
objectweaver/llmManagement/LLM/batch_webhook_notifier.go:185.24,190.4 1 1
objectweaver/llmManagement/LLM/batch_webhook_notifier.go:190.9,190.34 1 1
objectweaver/llmManagement/LLM/batch_webhook_notifier.go:190.34,192.4 1 1
objectweaver/llmManagement/LLM/batch_webhook_notifier.go:194.3,194.59 1 1
objectweaver/llmManagement/LLM/batch_webhook_notifier.go:197.2,198.30 2 1
objectweaver/llmManagement/LLM/batch_webhook_notifier.go:198.30,200.3 1 1
objectweaver/llmManagement/LLM/batch_webhook_notifier.go:202.2,212.16 2 1
objectweaver/llmManagement/LLM/batch_webhook_notifier.go:216.108,219.16 2 1
objectweaver/llmManagement/LLM/batch_webhook_notifier.go:219.16,221.3 1 0
objectweaver/llmManagement/LLM/batch_webhook_notifier.go:224.2,225.16 2 1
objectweaver/llmManagement/LLM/batch_webhook_notifier.go:225.16,227.3 1 0
objectweaver/llmManagement/LLM/batch_webhook_notifier.go:230.2,234.20 3 1
objectweaver/llmManagement/LLM/batch_webhook_notifier.go:234.20,238.3 2 1
objectweaver/llmManagement/LLM/batch_webhook_notifier.go:241.2,247.16 5 1
objectweaver/llmManagement/LLM/batch_webhook_notifier.go:247.16,249.3 1 0
objectweaver/llmManagement/LLM/batch_webhook_notifier.go:250.2,253.53 2 1
objectweaver/llmManagement/LLM/batch_webhook_notifier.go:253.53,256.3 2 1
objectweaver/llmManagement/LLM/batch_webhook_notifier.go:258.2,258.12 1 1
objectweaver/llmManagement/LLM/batch_webhook_notifier.go:262.65,264.20 2 1
objectweaver/llmManagement/LLM/batch_webhook_notifier.go:264.20,266.3 1 1
objectweaver/llmManagement/LLM/batch_webhook_notifier.go:268.2,269.30 2 0
objectweaver/llmManagement/LLM/batch_webhook_notifier.go:269.30,271.3 1 0
objectweaver/llmManagement/LLM/batch_webhook_notifier.go:273.2,273.14 1 0
objectweaver/llmManagement/LLM/fifo_queue_manager.go:14.46,20.2 3 1
objectweaver/llmManagement/LLM/fifo_queue_manager.go:22.50,28.2 4 1
objectweaver/llmManagement/LLM/fifo_queue_manager.go:30.43,34.23 3 1
objectweaver/llmManagement/LLM/fifo_queue_manager.go:34.23,36.3 1 1
objectweaver/llmManagement/LLM/fifo_queue_manager.go:38.2,40.13 3 1
objectweaver/llmManagement/LLM/fifo_queue_manager.go:44.39,48.2 3 1
objectweaver/llmManagement/LLM/jobFactory.go:8.60,9.23 1 1
objectweaver/llmManagement/LLM/jobFactory.go:10.24,11.34 1 1
objectweaver/llmManagement/LLM/jobFactory.go:12.23,13.33 1 1
objectweaver/llmManagement/LLM/jobFactory.go:14.10,15.34 1 1
objectweaver/llmManagement/LLM/jobQueue.go:16.59,22.2 1 1
objectweaver/llmManagement/LLM/jobQueue.go:25.38,29.2 3 1
objectweaver/llmManagement/LLM/jobQueue.go:32.38,36.2 3 1
objectweaver/llmManagement/LLM/jobQueue.go:39.35,42.22 3 1
objectweaver/llmManagement/LLM/jobQueue.go:42.22,44.3 1 1
objectweaver/llmManagement/LLM/jobQueue.go:45.2,47.12 3 1
objectweaver/llmManagement/LLM/jobQueue.go:51.53,53.6 2 1
objectweaver/llmManagement/LLM/jobQueue.go:53.6,54.10 1 1
objectweaver/llmManagement/LLM/jobQueue.go:55.21,57.10 2 1
objectweaver/llmManagement/LLM/jobQueue.go:58.11,59.38 1 1
objectweaver/llmManagement/LLM/jobQueue.go:59.38,61.5 1 1
objectweaver/llmManagement/LLM/jobQueue.go:61.10,63.5 1 1
objectweaver/llmManagement/LLM/jobQueue.go:68.34,70.2 1 1
objectweaver/llmManagement/LLM/jobQueue.go:72.39,74.2 1 1
objectweaver/llmManagement/LLM/jobQueueManager.go:24.93,30.2 1 1
objectweaver/llmManagement/LLM/jobQueueManager.go:33.60,35.6 2 1
objectweaver/llmManagement/LLM/jobQueueManager.go:35.6,36.10 1 1
objectweaver/llmManagement/LLM/jobQueueManager.go:37.21,39.10 2 0
objectweaver/llmManagement/LLM/jobQueueManager.go:40.11,41.47 1 1
objectweaver/llmManagement/LLM/jobQueueManager.go:41.47,43.5 1 0
objectweaver/llmManagement/LLM/jobQueueManager.go:43.10,45.5 1 1
objectweaver/llmManagement/LLM/jobQueueManager.go:50.41,52.2 1 0
objectweaver/llmManagement/LLM/jobQueueManager.go:54.46,56.2 1 1
objectweaver/llmManagement/LLM/jobQueueManager.go:58.49,60.2 1 0
objectweaver/llmManagement/LLM/jobQueueManager.go:62.42,64.2 1 0
objectweaver/llmManagement/LLM/orchestrationService.go:23.24,26.2 2 1
objectweaver/llmManagement/LLM/orchestrationService.go:29.57,31.20 2 1
objectweaver/llmManagement/LLM/orchestrationService.go:31.20,33.3 1 1
objectweaver/llmManagement/LLM/orchestrationService.go:34.2,34.67 1 0
objectweaver/llmManagement/LLM/orchestrationService.go:38.60,40.20 2 1
objectweaver/llmManagement/LLM/orchestrationService.go:40.20,42.3 1 1
objectweaver/llmManagement/LLM/orchestrationService.go:43.2,44.16 2 0
objectweaver/llmManagement/LLM/orchestrationService.go:44.16,46.3 1 0
objectweaver/llmManagement/LLM/orchestrationService.go:47.2,47.21 1 0
objectweaver/llmManagement/LLM/orchestrationService.go:58.24,64.21 4 1
objectweaver/llmManagement/LLM/orchestrationService.go:64.21,66.3 1 0
objectweaver/llmManagement/LLM/orchestrationService.go:69.2,91.18 8 1
objectweaver/llmManagement/LLM/orchestrationService.go:92.40,93.84 1 0
objectweaver/llmManagement/LLM/orchestrationService.go:94.43,95.107 1 0
objectweaver/llmManagement/LLM/orchestrationService.go:96.27,97.14 1 1
objectweaver/llmManagement/LLM/orchestrationService.go:98.10,99.56 1 1
objectweaver/llmManagement/LLM/orchestrationService.go:103.2,113.34 2 1
objectweaver/llmManagement/LLM/orchestrationService.go:113.34,114.34 1 0
objectweaver/llmManagement/LLM/orchestrationService.go:114.34,116.18 2 0
objectweaver/llmManagement/LLM/orchestrationService.go:116.18,118.5 1 0
objectweaver/llmManagement/LLM/orchestrationService.go:118.10,120.16 2 0
objectweaver/llmManagement/LLM/orchestrationService.go:120.16,122.6 1 0
objectweaver/llmManagement/LLM/orchestrationService.go:124.9,126.4 1 0
objectweaver/llmManagement/LLM/orchestrationService.go:131.2,132.12 2 1
objectweaver/llmManagement/LLM/orchestrationService.go:132.12,135.3 2 1
objectweaver/llmManagement/LLM/orchestrationService.go:138.2,141.21 2 1
objectweaver/llmManagement/LLM/orchestrator.go:48.17,52.21 3 1
objectweaver/llmManagement/LLM/orchestrator.go:52.21,55.3 2 0
objectweaver/llmManagement/LLM/orchestrator.go:57.2,71.3 3 1
objectweaver/llmManagement/LLM/orchestrator.go:76.71,78.2 1 0
objectweaver/llmManagement/LLM/orchestrator.go:81.42,86.61 3 1
objectweaver/llmManagement/LLM/orchestrator.go:86.61,89.3 2 0
objectweaver/llmManagement/LLM/orchestrator.go:91.2,91.44 1 1
objectweaver/llmManagement/LLM/orchestrator.go:91.44,93.25 2 1
objectweaver/llmManagement/LLM/orchestrator.go:93.25,95.39 2 1
objectweaver/llmManagement/LLM/orchestrator.go:95.39,97.5 1 0
objectweaver/llmManagement/LLM/orchestrator.go:104.65,110.51 3 0
objectweaver/llmManagement/LLM/orchestrator.go:110.51,113.3 2 0
objectweaver/llmManagement/LLM/orchestrator.go:114.2,114.62 1 0
objectweaver/llmManagement/LLM/orchestrator.go:114.62,118.3 3 0
objectweaver/llmManagement/LLM/orchestrator.go:121.2,124.16 2 0
objectweaver/llmManagement/LLM/orchestrator.go:124.16,126.20 2 0
objectweaver/llmManagement/LLM/orchestrator.go:127.35,130.37 3 0
objectweaver/llmManagement/LLM/orchestrator.go:130.37,132.5 1 0
objectweaver/llmManagement/LLM/orchestrator.go:133.4,134.27 2 0
objectweaver/llmManagement/LLM/orchestrator.go:136.35,137.71 1 0
objectweaver/llmManagement/LLM/orchestrator.go:139.35,140.59 1 0
objectweaver/llmManagement/LLM/orchestrator.go:142.3,142.9 1 0
objectweaver/llmManagement/LLM/orchestrator.go:146.2,147.20 2 0
objectweaver/llmManagement/LLM/orchestrator.go:151.31,153.61 1 0
objectweaver/llmManagement/LLM/orchestrator.go:153.61,156.3 2 0
objectweaver/llmManagement/LLM/orchestrator.go:158.2,159.13 2 0
objectweaver/llmManagement/LLM/orchestrator.go:162.62,164.2 1 0
objectweaver/llmManagement/LLM/orchestrator.go:168.61,173.57 2 0
objectweaver/llmManagement/LLM/orchestrator.go:173.57,175.23 1 0
objectweaver/llmManagement/LLM/orchestrator.go:175.23,178.4 1 0
objectweaver/llmManagement/LLM/orchestrator.go:179.3,181.36 2 0
objectweaver/llmManagement/LLM/orchestrator.go:185.2,185.22 1 0
objectweaver/llmManagement/LLM/orchestrator.go:185.22,187.3 1 0
objectweaver/llmManagement/LLM/orchestrator.go:188.2,189.12 2 0
objectweaver/llmManagement/LLM/orchestrator.go:193.59,195.2 1 0
objectweaver/llmManagement/LLM/orchestrator.go:198.56,200.2 1 0
objectweaver/llmManagement/LLM/priority_queue.go:5.35,7.2 1 1
objectweaver/llmManagement/LLM/priority_queue.go:9.45,12.2 1 1
objectweaver/llmManagement/LLM/priority_queue.go:14.40,18.2 3 1
objectweaver/llmManagement/LLM/priority_queue.go:20.38,25.2 4 1
objectweaver/llmManagement/LLM/priority_queue.go:27.36,35.2 7 1
objectweaver/llmManagement/LLM/queue_factory.go:12.55,13.19 1 1
objectweaver/llmManagement/LLM/queue_factory.go:14.25,15.34 1 1
objectweaver/llmManagement/LLM/queue_factory.go:16.21,17.31 1 1
objectweaver/llmManagement/LLM/queue_factory.go:18.10,19.34 1 1
objectweaver/llmManagement/LLM/queue_manager.go:15.52,24.2 5 1
objectweaver/llmManagement/LLM/queue_manager.go:26.53,32.2 4 0
objectweaver/llmManagement/LLM/queue_manager.go:34.46,38.24 3 1
objectweaver/llmManagement/LLM/queue_manager.go:38.24,40.3 1 1
objectweaver/llmManagement/LLM/queue_manager.go:42.2,42.33 1 0
objectweaver/llmManagement/LLM/queue_manager.go:46.42,50.2 3 1
objectweaver/llmManagement/LLM/retryhandler.go:15.66,20.2 1 1
objectweaver/llmManagement/LLM/retryhandler.go:22.105,23.42 1 1
objectweaver/llmManagement/LLM/retryhandler.go:23.42,25.17 2 1
objectweaver/llmManagement/LLM/retryhandler.go:25.17,27.4 1 1
objectweaver/llmManagement/LLM/retryhandler.go:29.3,30.21 2 1
objectweaver/llmManagement/LLM/retryhandler.go:31.8,34.3 2 1
objectweaver/llmManagement/LLM/retryhandler.go:37.81,40.2 2 1
objectweaver/llmManagement/LLM/setup.go:37.13,41.37 2 1
objectweaver/llmManagement/LLM/setup.go:41.37,43.3 1 1
objectweaver/llmManagement/LLM/setup.go:44.2,44.36 1 1
objectweaver/llmManagement/LLM/setup.go:44.36,46.3 1 1
objectweaver/llmManagement/LLM/setup.go:49.2,50.16 2 1
objectweaver/llmManagement/LLM/setup.go:50.16,52.3 1 0
objectweaver/llmManagement/LLM/setup.go:55.2,61.21 5 1
objectweaver/llmManagement/LLM/setup.go:62.16,63.50 1 0
objectweaver/llmManagement/LLM/setup.go:64.20,65.53 1 0
objectweaver/llmManagement/LLM/setup.go:66.10,67.37 1 1
objectweaver/llmManagement/LLM/setup.go:71.2,79.49 2 1
objectweaver/llmManagement/LLM/setup.go:83.50,84.38 1 1
objectweaver/llmManagement/LLM/setup.go:84.38,85.51 1 1
objectweaver/llmManagement/LLM/setup.go:85.51,87.4 1 1
objectweaver/llmManagement/LLM/setup.go:89.2,89.21 1 1
objectweaver/llmManagement/LLM/setup.go:95.77,96.12 1 1
objectweaver/llmManagement/LLM/setup.go:96.12,97.28 1 1
objectweaver/llmManagement/LLM/setup.go:97.28,100.55 1 0
objectweaver/llmManagement/LLM/setup.go:100.55,101.66 1 0
objectweaver/llmManagement/LLM/setup.go:101.66,104.6 2 0
objectweaver/llmManagement/LLM/setup.go:105.10,108.5 1 0
objectweaver/llmManagement/LLM/submitJob.go:14.50,16.2 1 1
objectweaver/llmManagement/LLM/submitJob.go:18.102,19.9 1 1
objectweaver/llmManagement/LLM/submitJob.go:20.28,20.28 0 1
objectweaver/llmManagement/LLM/submitJob.go:21.10,22.41 1 0
objectweaver/llmManagement/LLM/submitJob.go:25.2,29.32 3 1
objectweaver/llmManagement/LLM/submitJob.go:29.32,33.3 1 0
objectweaver/llmManagement/LLM/submitJob.go:35.2,35.31 1 1
objectweaver/llmManagement/LLM/submitJob.go:40.52,42.2 1 1
objectweaver/llmManagement/LLM/submitJob.go:44.103,45.16 1 1
objectweaver/llmManagement/LLM/submitJob.go:45.16,47.3 1 1
objectweaver/llmManagement/LLM/submitJob.go:49.2,54.32 4 1
objectweaver/llmManagement/LLM/submitJob.go:54.32,58.3 1 0
objectweaver/llmManagement/LLM/submitJob.go:60.2,60.31 1 1
objectweaver/llmManagement/LLM/submitJob.go:63.74,64.19 1 1
objectweaver/llmManagement/LLM/submitJob.go:64.19,66.3 1 1
objectweaver/llmManagement/LLM/submitJob.go:67.2,67.37 1 1
objectweaver/llmManagement/LLM/submitJob.go:67.37,69.3 1 1
objectweaver/llmManagement/LLM/submitJob.go:71.2,71.78 1 1
objectweaver/llmManagement/clientManager/factory.go:46.55,52.20 4 1
objectweaver/llmManagement/clientManager/factory.go:52.20,53.19 1 1
objectweaver/llmManagement/clientManager/factory.go:53.19,56.4 1 1
objectweaver/llmManagement/clientManager/factory.go:56.9,59.4 1 1
objectweaver/llmManagement/clientManager/factory.go:62.2,69.33 2 1
objectweaver/llmManagement/clientManager/factory.go:75.68,83.23 5 1
objectweaver/llmManagement/clientManager/factory.go:83.23,84.21 1 1
objectweaver/llmManagement/clientManager/factory.go:84.21,87.4 2 1
objectweaver/llmManagement/clientManager/factory.go:87.9,89.4 1 1
objectweaver/llmManagement/clientManager/factory.go:93.2,93.25 1 1
objectweaver/llmManagement/clientManager/factory.go:94.22,95.26 1 1
objectweaver/llmManagement/clientManager/factory.go:95.26,97.4 1 1
objectweaver/llmManagement/clientManager/factory.go:98.3,98.85 1 1
objectweaver/llmManagement/clientManager/factory.go:100.22,101.26 1 1
objectweaver/llmManagement/clientManager/factory.go:101.26,103.4 1 1
objectweaver/llmManagement/clientManager/factory.go:104.3,104.108 1 1
objectweaver/llmManagement/clientManager/factory.go:106.21,107.23 1 1
objectweaver/llmManagement/clientManager/factory.go:107.23,109.4 1 1
objectweaver/llmManagement/clientManager/factory.go:110.3,111.119 2 1
objectweaver/llmManagement/clientManager/factory.go:113.10,114.101 1 1
objectweaver/llmManagement/clientManager/factory.go:120.96,128.18 2 1
objectweaver/llmManagement/clientManager/factory.go:129.21,130.60 1 1
objectweaver/llmManagement/clientManager/factory.go:133.2,133.33 1 1
objectweaver/llmManagement/clientManager/gemini.go:21.24,22.11 1 1
objectweaver/llmManagement/clientManager/gemini.go:22.11,24.3 1 0
objectweaver/llmManagement/clientManager/gemini.go:25.2,25.10 1 1
objectweaver/llmManagement/clientManager/gemini.go:48.24,49.23 1 1
objectweaver/llmManagement/clientManager/gemini.go:49.23,51.3 1 1
objectweaver/llmManagement/clientManager/gemini.go:52.2,59.3 1 1
objectweaver/llmManagement/clientManager/gemini.go:63.96,65.63 1 1
objectweaver/llmManagement/clientManager/gemini.go:65.63,67.3 1 0
objectweaver/llmManagement/clientManager/gemini.go:68.2,68.30 1 1
objectweaver/llmManagement/clientManager/gemini.go:72.100,75.16 2 1
objectweaver/llmManagement/clientManager/gemini.go:75.16,77.3 1 1
objectweaver/llmManagement/clientManager/gemini.go:80.2,84.16 3 1
objectweaver/llmManagement/clientManager/gemini.go:84.16,86.3 1 0
objectweaver/llmManagement/clientManager/gemini.go:90.2,97.16 5 1
objectweaver/llmManagement/clientManager/gemini.go:97.16,99.3 1 0
objectweaver/llmManagement/clientManager/gemini.go:100.2,103.16 3 1
objectweaver/llmManagement/clientManager/gemini.go:103.16,105.3 1 0
objectweaver/llmManagement/clientManager/gemini.go:106.2,109.38 2 1
objectweaver/llmManagement/clientManager/gemini.go:109.38,112.3 2 1
objectweaver/llmManagement/clientManager/gemini.go:115.2,116.16 2 1
objectweaver/llmManagement/clientManager/gemini.go:116.16,118.3 1 0
objectweaver/llmManagement/clientManager/gemini.go:120.2,120.46 1 1
objectweaver/llmManagement/clientManager/gemini.go:124.105,127.16 2 0
objectweaver/llmManagement/clientManager/gemini.go:127.16,129.3 1 0
objectweaver/llmManagement/clientManager/gemini.go:132.2,136.16 3 0
objectweaver/llmManagement/clientManager/gemini.go:136.16,138.3 1 0
objectweaver/llmManagement/clientManager/gemini.go:141.2,148.16 5 0
objectweaver/llmManagement/clientManager/gemini.go:148.16,150.3 1 0
objectweaver/llmManagement/clientManager/gemini.go:151.2,154.16 3 0
objectweaver/llmManagement/clientManager/gemini.go:154.16,156.3 1 0
objectweaver/llmManagement/clientManager/gemini.go:157.2,160.38 2 0
objectweaver/llmManagement/clientManager/gemini.go:160.38,163.3 2 0
objectweaver/llmManagement/clientManager/gemini.go:166.2,167.16 2 0
objectweaver/llmManagement/clientManager/gemini.go:167.16,169.3 1 0
objectweaver/llmManagement/clientManager/gemini.go:171.2,171.46 1 0
objectweaver/llmManagement/clientManager/gemini.go:175.110,179.35 2 1
objectweaver/llmManagement/clientManager/gemini.go:179.35,182.73 2 1
objectweaver/llmManagement/clientManager/gemini.go:182.73,184.4 1 1
objectweaver/llmManagement/clientManager/gemini.go:187.3,189.24 2 1
objectweaver/llmManagement/clientManager/gemini.go:189.24,193.4 1 1
objectweaver/llmManagement/clientManager/gemini.go:196.3,196.32 1 1
objectweaver/llmManagement/clientManager/gemini.go:196.32,197.42 1 1
objectweaver/llmManagement/clientManager/gemini.go:197.42,198.22 1 1
objectweaver/llmManagement/clientManager/gemini.go:199.41,202.8 1 0
objectweaver/llmManagement/clientManager/gemini.go:203.45,204.30 1 1
objectweaver/llmManagement/clientManager/gemini.go:204.30,213.29 5 1
objectweaver/llmManagement/clientManager/gemini.go:213.29,215.80 1 1
objectweaver/llmManagement/clientManager/gemini.go:215.80,217.64 1 1
objectweaver/llmManagement/clientManager/gemini.go:217.64,219.10 1 1
objectweaver/llmManagement/clientManager/gemini.go:221.9,223.103 3 1
objectweaver/llmManagement/clientManager/gemini.go:224.14,226.9 1 0
objectweaver/llmManagement/clientManager/gemini.go:230.7,235.9 1 1
objectweaver/llmManagement/clientManager/gemini.go:241.3,241.21 1 1
objectweaver/llmManagement/clientManager/gemini.go:241.21,247.4 2 1
objectweaver/llmManagement/clientManager/gemini.go:251.2,253.25 2 1
objectweaver/llmManagement/clientManager/gemini.go:253.25,255.3 1 1
objectweaver/llmManagement/clientManager/gemini.go:256.2,256.18 1 1
objectweaver/llmManagement/clientManager/gemini.go:256.18,258.3 1 1
objectweaver/llmManagement/clientManager/gemini.go:259.2,259.23 1 1
objectweaver/llmManagement/clientManager/gemini.go:259.23,261.3 1 1
objectweaver/llmManagement/clientManager/gemini.go:263.2,267.31 2 1
objectweaver/llmManagement/clientManager/gemini.go:267.31,269.3 1 1
objectweaver/llmManagement/clientManager/gemini.go:271.2,271.18 1 1
objectweaver/llmManagement/clientManager/gemini.go:275.116,277.16 2 1
objectweaver/llmManagement/clientManager/gemini.go:277.16,279.3 1 0
objectweaver/llmManagement/clientManager/gemini.go:282.2,299.58 2 1
objectweaver/llmManagement/clientManager/gemini.go:299.58,301.3 1 0
objectweaver/llmManagement/clientManager/gemini.go:304.2,307.36 3 1
objectweaver/llmManagement/clientManager/gemini.go:307.36,311.48 2 1
objectweaver/llmManagement/clientManager/gemini.go:311.48,313.4 1 1
objectweaver/llmManagement/clientManager/gemini.go:316.3,316.33 1 1
objectweaver/llmManagement/clientManager/gemini.go:317.15,318.25 1 1
objectweaver/llmManagement/clientManager/gemini.go:319.21,320.27 1 1
objectweaver/llmManagement/clientManager/gemini.go:321.17,322.35 1 1
objectweaver/llmManagement/clientManager/gemini.go:323.11,324.25 1 1
objectweaver/llmManagement/clientManager/gemini.go:328.2,346.24 2 1
objectweaver/llmManagement/clientManager/gemini.go:350.114,353.31 2 0
objectweaver/llmManagement/clientManager/gemini.go:354.14,355.11 1 0
objectweaver/llmManagement/clientManager/gemini.go:356.16,357.17 1 0
objectweaver/llmManagement/clientManager/gemini.go:357.17,359.4 1 0
objectweaver/llmManagement/clientManager/gemini.go:360.10,361.30 1 0
objectweaver/llmManagement/clientManager/gemini.go:364.2,374.18 2 0
objectweaver/llmManagement/clientManager/gemini.go:378.120,380.16 2 0
objectweaver/llmManagement/clientManager/gemini.go:380.16,382.3 1 0
objectweaver/llmManagement/clientManager/gemini.go:385.2,391.58 2 0
objectweaver/llmManagement/clientManager/gemini.go:391.58,393.3 1 0
objectweaver/llmManagement/clientManager/gemini.go:396.2,412.24 2 0
objectweaver/llmManagement/clientManager/gemini.go:415.96,417.2 1 0
objectweaver/llmManagement/clientManager/local.go:35.23,44.2 1 1
objectweaver/llmManagement/clientManager/local.go:49.95,51.54 1 1
objectweaver/llmManagement/clientManager/local.go:51.54,53.3 1 0
objectweaver/llmManagement/clientManager/local.go:54.2,54.30 1 1
objectweaver/llmManagement/clientManager/local.go:58.99,61.16 2 1
objectweaver/llmManagement/clientManager/local.go:61.16,63.3 1 1
objectweaver/llmManagement/clientManager/local.go:66.2,67.16 2 1
objectweaver/llmManagement/clientManager/local.go:67.16,69.3 1 0
objectweaver/llmManagement/clientManager/local.go:74.2,75.16 2 1
objectweaver/llmManagement/clientManager/local.go:75.16,77.3 1 1
objectweaver/llmManagement/clientManager/local.go:80.2,81.23 2 1
objectweaver/llmManagement/clientManager/local.go:81.23,83.3 1 1
objectweaver/llmManagement/clientManager/local.go:86.2,87.16 2 1
objectweaver/llmManagement/clientManager/local.go:87.16,89.3 1 1
objectweaver/llmManagement/clientManager/local.go:92.2,93.16 2 1
objectweaver/llmManagement/clientManager/local.go:93.16,95.3 1 1
objectweaver/llmManagement/clientManager/local.go:97.2,97.56 1 1
objectweaver/llmManagement/clientManager/local.go:101.104,104.16 2 0
objectweaver/llmManagement/clientManager/local.go:104.16,106.3 1 0
objectweaver/llmManagement/clientManager/local.go:109.2,110.16 2 0
objectweaver/llmManagement/clientManager/local.go:110.16,112.3 1 0
objectweaver/llmManagement/clientManager/local.go:116.2,120.75 2 0
objectweaver/llmManagement/clientManager/local.go:120.75,123.3 1 0
objectweaver/llmManagement/clientManager/local.go:125.2,126.16 2 0
objectweaver/llmManagement/clientManager/local.go:126.16,128.3 1 0
objectweaver/llmManagement/clientManager/local.go:131.2,132.23 2 0
objectweaver/llmManagement/clientManager/local.go:132.23,134.3 1 0
objectweaver/llmManagement/clientManager/local.go:137.2,138.16 2 0
objectweaver/llmManagement/clientManager/local.go:138.16,140.3 1 0
objectweaver/llmManagement/clientManager/local.go:141.2,144.42 2 0
objectweaver/llmManagement/clientManager/local.go:144.42,147.3 2 0
objectweaver/llmManagement/clientManager/local.go:150.2,151.16 2 0
objectweaver/llmManagement/clientManager/local.go:151.16,153.3 1 0
objectweaver/llmManagement/clientManager/local.go:155.2,156.61 2 0
objectweaver/llmManagement/clientManager/local.go:156.61,158.3 1 0
objectweaver/llmManagement/clientManager/local.go:160.2,160.57 1 0
objectweaver/llmManagement/clientManager/local.go:163.95,165.2 1 0
objectweaver/llmManagement/clientManager/openai.go:28.24,35.2 2 1
objectweaver/llmManagement/clientManager/openai.go:38.96,39.42 1 0
objectweaver/llmManagement/clientManager/openai.go:39.42,41.3 1 0
objectweaver/llmManagement/clientManager/openai.go:42.2,42.30 1 0
objectweaver/llmManagement/clientManager/openai.go:45.96,47.2 1 0
objectweaver/llmManagement/clientManager/openai.go:49.100,52.16 2 0
objectweaver/llmManagement/clientManager/openai.go:52.16,54.3 1 0
objectweaver/llmManagement/clientManager/openai.go:57.2,59.16 3 0
objectweaver/llmManagement/clientManager/openai.go:59.16,61.3 1 0
objectweaver/llmManagement/clientManager/openai.go:63.2,63.48 1 0
objectweaver/llmManagement/clientManager/openai.go:66.105,69.16 2 0
objectweaver/llmManagement/clientManager/openai.go:69.16,71.3 1 0
objectweaver/llmManagement/clientManager/openai.go:74.2,76.16 3 0
objectweaver/llmManagement/clientManager/openai.go:76.16,78.3 1 0
objectweaver/llmManagement/clientManager/openai.go:80.2,80.48 1 0
objectweaver/llmManagement/domain/job_result.go:10.113,15.2 1 1
objectweaver/llmManagement/modelConverter/generic.go:15.41,17.2 1 1
objectweaver/llmManagement/modelConverter/generic.go:22.63,26.2 2 1
objectweaver/llmManagement/modelConverter/toOpenai.go:8.47,10.2 1 1
objectweaver/llmManagement/modelConverter/toOpenai.go:13.61,15.2 1 1
objectweaver/logger/setup.go:15.13,18.16 3 1
objectweaver/logger/setup.go:18.16,20.3 1 1
objectweaver/logger/setup.go:22.2,22.26 1 1
objectweaver/logger/setup.go:25.32,26.16 1 1
objectweaver/logger/setup.go:26.16,28.3 1 1
objectweaver/logger/setup.go:29.2,29.18 1 1
objectweaver/llmManagement/requestManagement/createEmbeddingReq.go:15.61,17.2 1 0
objectweaver/llmManagement/requestManagement/createEmbeddingReq.go:19.113,28.2 2 0
objectweaver/llmManagement/requestManagement/createOpenAiReq.go:20.24,21.11 1 1
objectweaver/llmManagement/requestManagement/createOpenAiReq.go:21.11,23.3 1 1
objectweaver/llmManagement/requestManagement/createOpenAiReq.go:24.2,24.10 1 1
objectweaver/llmManagement/requestManagement/createOpenAiReq.go:45.94,49.2 1 1
objectweaver/llmManagement/requestManagement/createOpenAiReq.go:55.115,57.19 1 1
objectweaver/llmManagement/requestManagement/createOpenAiReq.go:57.19,59.3 1 0
objectweaver/llmManagement/requestManagement/createOpenAiReq.go:60.2,60.23 1 1
objectweaver/llmManagement/requestManagement/createOpenAiReq.go:60.23,62.3 1 0
objectweaver/llmManagement/requestManagement/createOpenAiReq.go:65.2,80.35 13 1
objectweaver/llmManagement/requestManagement/createOpenAiReq.go:80.35,90.3 9 1
objectweaver/llmManagement/requestManagement/createOpenAiReq.go:92.2,105.33 5 1
objectweaver/llmManagement/requestManagement/createOpenAiReq.go:105.33,108.34 3 1
objectweaver/llmManagement/requestManagement/createOpenAiReq.go:108.34,110.20 2 1
objectweaver/llmManagement/requestManagement/createOpenAiReq.go:110.20,112.5 1 1
objectweaver/llmManagement/requestManagement/createOpenAiReq.go:114.8,116.3 1 1
objectweaver/llmManagement/requestManagement/createOpenAiReq.go:118.2,121.81 3 1
objectweaver/llmManagement/requestManagement/createOpenAiReq.go:121.81,123.36 2 1
objectweaver/llmManagement/requestManagement/createOpenAiReq.go:123.36,141.4 6 1
objectweaver/llmManagement/requestManagement/createOpenAiReq.go:142.8,149.3 2 1
objectweaver/llmManagement/requestManagement/createOpenAiReq.go:154.2,155.73 2 1
objectweaver/llmManagement/requestManagement/createOpenAiReq.go:155.73,157.3 1 0
objectweaver/llmManagement/requestManagement/createOpenAiReq.go:157.8,161.17 3 1
objectweaver/llmManagement/requestManagement/createOpenAiReq.go:161.17,163.4 1 0
objectweaver/llmManagement/requestManagement/createOpenAiReq.go:163.9,166.4 2 1
objectweaver/llmManagement/requestManagement/createOpenAiReq.go:169.2,185.17 2 1
objectweaver/llmManagement/requestManagement/createOpenAiReq.go:192.64,195.2 2 1
objectweaver/llmManagement/requestManagement/createOpenAiReq.go:198.46,201.44 3 1
objectweaver/llmManagement/requestManagement/createOpenAiReq.go:201.44,204.3 2 1
objectweaver/llmManagement/requestManagement/createOpenAiReq.go:205.2,205.17 1 1
objectweaver/llmManagement/requestManagement/createOpenAiReq.go:209.62,220.2 2 1
objectweaver/llmManagement/requestManagement/localConverter.go:32.43,34.2 1 1
objectweaver/llmManagement/requestManagement/localConverter.go:37.111,41.37 2 1
objectweaver/llmManagement/requestManagement/localConverter.go:41.37,43.3 1 1
objectweaver/llmManagement/requestManagement/localConverter.go:44.2,48.16 3 1
objectweaver/llmManagement/requestManagement/localConverter.go:48.16,50.3 1 0
objectweaver/llmManagement/requestManagement/localConverter.go:52.2,54.16 3 1
objectweaver/llmManagement/requestManagement/localConverter.go:54.16,56.3 1 1
objectweaver/llmManagement/requestManagement/localConverter.go:58.2,70.26 3 1
objectweaver/llmManagement/requestManagement/requestConverter.go:26.45,28.2 1 1
objectweaver/llmManagement/requestManagement/requestConverter.go:31.114,35.37 2 1
objectweaver/llmManagement/requestManagement/requestConverter.go:35.37,37.3 1 1
objectweaver/llmManagement/requestManagement/requestConverter.go:38.2,42.16 3 1
objectweaver/llmManagement/requestManagement/requestConverter.go:42.16,44.3 1 1
objectweaver/llmManagement/requestManagement/requestConverter.go:46.2,46.38 1 1
objectweaver/llmManagement/requestManagement/requestConverter.go:46.38,57.103 2 1
objectweaver/llmManagement/requestManagement/requestConverter.go:57.103,60.4 1 1
objectweaver/llmManagement/requestManagement/requestConverter.go:63.3,64.47 1 1
objectweaver/llmManagement/requestManagement/requestConverter.go:68.2,68.60 1 1
objectweaver/llmManagement/requestManagement/requestConverter.go:68.60,70.3 1 1
objectweaver/llmManagement/requestManagement/requestConverter.go:72.2,72.26 1 1
objectweaver/orchestration/extractor/extractInteger.go:17.52,19.2 1 1
objectweaver/orchestration/extractor/extractInteger.go:22.68,28.17 3 1
objectweaver/orchestration/extractor/extractInteger.go:28.17,30.3 1 1
objectweaver/orchestration/extractor/extractInteger.go:33.2,34.16 2 1
objectweaver/orchestration/extractor/extractInteger.go:34.16,36.3 1 1
objectweaver/orchestration/extractor/extractInteger.go:38.2,38.19 1 1
objectweaver/orchestration/extractor/extractor.go:13.38,15.2 1 1
objectweaver/orchestration/extractor/extractor.go:19.93,21.27 2 1
objectweaver/orchestration/extractor/extractor.go:21.27,22.47 1 1
objectweaver/orchestration/extractor/extractor.go:22.47,23.42 1 1
objectweaver/orchestration/extractor/extractor.go:23.42,25.5 1 1
objectweaver/orchestration/extractor/extractor.go:25.10,27.32 2 1
objectweaver/orchestration/extractor/extractor.go:27.32,28.14 1 1
objectweaver/orchestration/extractor/extractor.go:30.5,30.31 1 1
objectweaver/orchestration/extractor/extractor.go:34.2,34.35 1 1
objectweaver/orchestration/jobSubmitter/channel.go:14.172,28.32 3 1
objectweaver/orchestration/jobSubmitter/channel.go:28.32,31.3 2 1
objectweaver/orchestration/jobSubmitter/channel.go:33.2,34.52 2 1
objectweaver/orchestration/jobSubmitter/jobEntryPoint.go:13.46,15.2 1 1
objectweaver/orchestration/jobSubmitter/jobEntryPoint.go:24.173,26.16 1 1
objectweaver/orchestration/jobSubmitter/jobEntryPoint.go:26.16,30.3 1 1
objectweaver/orchestration/jobSubmitter/jobEntryPoint.go:30.8,34.3 1 1
objectweaver/orchestration/jobSubmitter/jobEntryPoint.go:36.2,50.32 4 1
objectweaver/orchestration/jobSubmitter/jobEntryPoint.go:50.32,53.3 2 1
objectweaver/orchestration/jobSubmitter/jobEntryPoint.go:55.2,58.16 3 1
objectweaver/orchestration/jobSubmitter/jobEntryPoint.go:58.16,61.3 2 0
objectweaver/orchestration/jobSubmitter/jobEntryPoint.go:63.2,65.31 2 1
objectweaver/orchestration/jos/application/default_generator.go:23.21,39.25 5 1
objectweaver/orchestration/jos/application/default_generator.go:39.25,41.3 1 1
objectweaver/orchestration/jos/application/default_generator.go:43.2,43.18 1 1
objectweaver/orchestration/jos/application/default_generator.go:47.106,55.16 3 1
objectweaver/orchestration/jos/application/default_generator.go:55.16,57.3 1 1
objectweaver/orchestration/jos/application/default_generator.go:60.2,60.88 1 1
objectweaver/orchestration/jos/application/default_generator.go:60.88,62.3 1 1
objectweaver/orchestration/jos/application/default_generator.go:66.2,79.32 7 1
objectweaver/orchestration/jos/application/default_generator.go:79.32,80.20 1 1
objectweaver/orchestration/jos/application/default_generator.go:80.20,86.28 3 1
objectweaver/orchestration/jos/application/default_generator.go:86.28,88.5 1 0
objectweaver/orchestration/jos/application/default_generator.go:90.4,96.28 2 1
objectweaver/orchestration/jos/application/default_generator.go:96.28,102.39 4 1
objectweaver/orchestration/jos/application/default_generator.go:102.39,104.6 1 0
objectweaver/orchestration/jos/application/default_generator.go:110.2,114.16 3 1
objectweaver/orchestration/jos/application/default_generator.go:114.16,116.3 1 1
objectweaver/orchestration/jos/application/default_generator.go:119.2,119.94 1 1
objectweaver/orchestration/jos/application/default_generator.go:119.94,121.3 1 1
objectweaver/orchestration/jos/application/default_generator.go:124.2,126.29 2 1
objectweaver/orchestration/jos/application/default_generator.go:130.114,132.2 1 1
objectweaver/orchestration/jos/application/default_generator.go:135.136,137.2 1 1
objectweaver/orchestration/jos/application/default_generator.go:140.65,142.2 1 1
objectweaver/orchestration/jos/application/default_generator.go:144.65,147.2 1 1
objectweaver/orchestration/jos/application/plugin_registry.go:18.42,24.2 1 1
objectweaver/orchestration/jos/application/plugin_registry.go:26.57,27.28 1 1
objectweaver/orchestration/jos/application/plugin_registry.go:28.33,29.47 1 1
objectweaver/orchestration/jos/application/plugin_registry.go:30.34,31.49 1 1
objectweaver/orchestration/jos/application/plugin_registry.go:32.31,33.41 1 1
objectweaver/orchestration/jos/application/plugin_registry.go:34.26,35.14 1 1
objectweaver/orchestration/jos/application/plugin_registry.go:36.34,37.22 1 0
objectweaver/orchestration/jos/application/plugin_registry.go:41.111,43.44 2 1
objectweaver/orchestration/jos/application/plugin_registry.go:43.44,46.17 3 1
objectweaver/orchestration/jos/application/plugin_registry.go:46.17,48.4 1 1
objectweaver/orchestration/jos/application/plugin_registry.go:50.2,50.20 1 1
objectweaver/orchestration/jos/application/plugin_registry.go:53.110,55.45 2 1
objectweaver/orchestration/jos/application/plugin_registry.go:55.45,58.17 3 1
objectweaver/orchestration/jos/application/plugin_registry.go:58.17,60.4 1 1
objectweaver/orchestration/jos/application/plugin_registry.go:62.2,62.20 1 1
objectweaver/orchestration/jos/application/plugin_registry.go:65.109,66.41 1 1
objectweaver/orchestration/jos/application/plugin_registry.go:66.41,68.17 2 1
objectweaver/orchestration/jos/application/plugin_registry.go:68.17,70.4 1 1
objectweaver/orchestration/jos/application/plugin_registry.go:71.3,71.22 1 1
objectweaver/orchestration/jos/application/plugin_registry.go:71.22,74.4 1 0
objectweaver/orchestration/jos/application/plugin_registry.go:76.2,76.12 1 1
objectweaver/orchestration/jos/application/plugin_registry.go:79.84,80.20 1 1
objectweaver/orchestration/jos/application/plugin_registry.go:80.20,82.3 1 1
objectweaver/orchestration/jos/application/plugin_registry.go:83.2,83.19 1 1
objectweaver/orchestration/jos/application/plugin_registry.go:86.83,87.20 1 1
objectweaver/orchestration/jos/application/plugin_registry.go:87.20,89.3 1 1
objectweaver/orchestration/jos/application/streaming_generator.go:23.23,39.25 5 1
objectweaver/orchestration/jos/application/streaming_generator.go:39.25,41.3 1 1
objectweaver/orchestration/jos/application/streaming_generator.go:43.2,43.18 1 1
objectweaver/orchestration/jos/application/streaming_generator.go:47.108,49.16 2 1
objectweaver/orchestration/jos/application/streaming_generator.go:49.16,51.3 1 0
objectweaver/orchestration/jos/application/streaming_generator.go:54.2,56.28 2 1
objectweaver/orchestration/jos/application/streaming_generator.go:56.28,57.21 1 1
objectweaver/orchestration/jos/application/streaming_generator.go:57.21,59.4 1 1
objectweaver/orchestration/jos/application/streaming_generator.go:62.2,64.61 2 1
objectweaver/orchestration/jos/application/streaming_generator.go:68.116,71.12 2 1
objectweaver/orchestration/jos/application/streaming_generator.go:71.12,80.17 4 1
objectweaver/orchestration/jos/application/streaming_generator.go:80.17,82.4 1 1
objectweaver/orchestration/jos/application/streaming_generator.go:85.3,92.33 4 1
objectweaver/orchestration/jos/application/streaming_generator.go:92.33,93.21 1 1
objectweaver/orchestration/jos/application/streaming_generator.go:93.21,102.5 2 1
objectweaver/orchestration/jos/application/streaming_generator.go:106.3,108.4 1 1
objectweaver/orchestration/jos/application/streaming_generator.go:111.2,111.17 1 1
objectweaver/orchestration/jos/application/streaming_generator.go:115.138,117.2 1 1
objectweaver/orchestration/jos/application/streaming_generator.go:120.67,122.2 1 1
objectweaver/orchestration/jos/infrastructure/generate_seed.go:8.26,12.2 3 1
objectweaver/orchestration/jos/infrastructure/llm/mock_provider.go:18.38,22.2 1 1
objectweaver/orchestration/jos/infrastructure/llm/mock_provider.go:25.120,26.47 1 1
objectweaver/orchestration/jos/infrastructure/llm/mock_provider.go:26.47,28.3 1 1
objectweaver/orchestration/jos/infrastructure/llm/mock_provider.go:30.2,32.34 2 1
objectweaver/orchestration/jos/infrastructure/llm/mock_provider.go:36.75,37.18 1 1
objectweaver/orchestration/jos/infrastructure/llm/mock_provider.go:38.25,39.28 1 1
objectweaver/orchestration/jos/infrastructure/llm/mock_provider.go:40.26,41.44 1 1
objectweaver/orchestration/jos/infrastructure/llm/mock_provider.go:42.25,44.34 2 1
objectweaver/orchestration/jos/infrastructure/llm/mock_provider.go:45.26,46.25 1 1
objectweaver/orchestration/jos/infrastructure/llm/mock_provider.go:46.25,48.4 1 1
objectweaver/orchestration/jos/infrastructure/llm/mock_provider.go:49.3,49.17 1 1
objectweaver/orchestration/jos/infrastructure/llm/mock_provider.go:50.24,51.14 1 1
objectweaver/orchestration/jos/infrastructure/llm/mock_provider.go:52.25,53.14 1 1
objectweaver/orchestration/jos/infrastructure/llm/mock_provider.go:54.22,55.14 1 1
objectweaver/orchestration/jos/infrastructure/llm/mock_provider.go:56.10,57.28 1 1
objectweaver/orchestration/jos/infrastructure/llm/mock_provider.go:62.56,65.19 3 1
objectweaver/orchestration/jos/infrastructure/llm/mock_provider.go:65.19,67.3 1 1
objectweaver/orchestration/jos/infrastructure/llm/mock_provider.go:68.2,68.18 1 1
objectweaver/orchestration/jos/infrastructure/llm/mock_provider.go:72.60,79.2 1 1
objectweaver/orchestration/jos/infrastructure/llm/mock_provider.go:82.49,84.2 1 1
objectweaver/orchestration/jos/infrastructure/llm/mock_provider.go:87.43,89.2 1 1
objectweaver/orchestration/jos/infrastructure/llm/openai_provider.go:25.42,27.18 2 1
objectweaver/orchestration/jos/infrastructure/llm/openai_provider.go:27.18,29.3 1 1
objectweaver/orchestration/jos/infrastructure/llm/openai_provider.go:32.2,41.3 2 1
objectweaver/orchestration/jos/infrastructure/llm/openai_provider.go:45.42,48.18 2 1
objectweaver/orchestration/jos/infrastructure/llm/openai_provider.go:49.16,50.28 1 1
objectweaver/orchestration/jos/infrastructure/llm/openai_provider.go:51.16,52.23 1 1
objectweaver/orchestration/jos/infrastructure/llm/openai_provider.go:53.15,55.23 1 1
objectweaver/orchestration/jos/infrastructure/llm/openai_provider.go:56.10,58.37 1 1
objectweaver/orchestration/jos/infrastructure/llm/openai_provider.go:58.37,60.4 1 0
objectweaver/orchestration/jos/infrastructure/llm/openai_provider.go:62.3,62.74 1 1
objectweaver/orchestration/jos/infrastructure/llm/openai_provider.go:62.74,64.4 1 1
objectweaver/orchestration/jos/infrastructure/llm/openai_provider.go:66.3,66.23 1 1
objectweaver/orchestration/jos/infrastructure/llm/openai_provider.go:70.122,73.17 2 1
objectweaver/orchestration/jos/infrastructure/llm/openai_provider.go:73.17,75.3 1 1
objectweaver/orchestration/jos/infrastructure/llm/openai_provider.go:78.2,82.16 3 1
objectweaver/orchestration/jos/infrastructure/llm/openai_provider.go:82.16,85.3 2 0
objectweaver/orchestration/jos/infrastructure/llm/openai_provider.go:87.2,91.34 2 1
objectweaver/orchestration/jos/infrastructure/llm/openai_provider.go:94.51,96.2 1 1
objectweaver/orchestration/jos/infrastructure/llm/openai_provider.go:98.45,100.2 1 1
objectweaver/orchestration/jos/infrastructure/llm/openai_provider.go:102.61,106.2 1 1
objectweaver/orchestration/jos/infrastructure/llm/openai_provider.go:113.60,117.2 1 1
objectweaver/orchestration/jos/infrastructure/llm/openai_provider.go:119.118,124.12 2 1
objectweaver/orchestration/jos/infrastructure/llm/openai_provider.go:124.12,129.17 3 1
objectweaver/orchestration/jos/infrastructure/llm/openai_provider.go:129.17,131.4 1 0
objectweaver/orchestration/jos/infrastructure/llm/openai_provider.go:134.3,134.18 1 1
objectweaver/orchestration/jos/infrastructure/llm/openai_provider.go:137.2,137.17 1 1
objectweaver/orchestration/jos/infrastructure/llm/openai_provider.go:140.138,143.12 2 1
objectweaver/orchestration/jos/infrastructure/llm/openai_provider.go:143.12,148.17 3 1
objectweaver/orchestration/jos/infrastructure/llm/openai_provider.go:148.17,150.4 1 0
objectweaver/orchestration/jos/infrastructure/llm/openai_provider.go:153.3,153.33 1 1
objectweaver/orchestration/jos/infrastructure/llm/openai_provider.go:153.33,156.38 1 1
objectweaver/orchestration/jos/infrastructure/llm/openai_provider.go:156.38,159.5 2 1
objectweaver/orchestration/jos/infrastructure/llm/openai_provider.go:163.3,165.20 3 1
objectweaver/orchestration/jos/infrastructure/llm/openai_provider.go:168.2,168.17 1 1
objectweaver/orchestration/jos/infrastructure/llm/openai_provider.go:171.65,173.2 1 1
objectweaver/orchestration/jos/infrastructure/llm/openai_provider.go:175.60,177.2 1 1
objectweaver/orchestration/jos/infrastructure/llm/openai_provider.go:184.122,202.16 8 0
objectweaver/orchestration/jos/infrastructure/llm/openai_provider.go:202.16,205.3 2 0
objectweaver/orchestration/jos/infrastructure/llm/openai_provider.go:206.2,210.16 3 0
objectweaver/orchestration/jos/infrastructure/llm/openai_provider.go:210.16,213.3 2 0
[...]
objectweaver/grpc/objectweaver.pb.go:1533.34,1535.4 1 0
objectweaver/grpc/objectweaver.pb.go:1536.3,1536.12 1 0
objectweaver/grpc/objectweaver.pb.go:1538.2,1538.24 1 0
objectweaver/grpc/objectweaver.pb.go:1542.45,1544.2 1 0
objectweaver/grpc/objectweaver.pb.go:1546.35,1547.14 1 0
objectweaver/grpc/objectweaver.pb.go:1547.14,1549.3 1 0
objectweaver/grpc/objectweaver.pb.go:1550.2,1550.10 1 0
objectweaver/grpc/objectweaver.pb.go:1553.42,1554.14 1 0
objectweaver/grpc/objectweaver.pb.go:1554.14,1556.3 1 0
objectweaver/grpc/objectweaver.pb.go:1557.2,1557.10 1 0
objectweaver/grpc/objectweaver.pb.go:1560.46,1561.14 1 0
objectweaver/grpc/objectweaver.pb.go:1561.14,1563.3 1 0
objectweaver/grpc/objectweaver.pb.go:1564.2,1564.12 1 0
objectweaver/grpc/objectweaver.pb.go:1567.43,1568.14 1 0
objectweaver/grpc/objectweaver.pb.go:1568.14,1570.3 1 0
objectweaver/grpc/objectweaver.pb.go:1571.2,1571.12 1 0
objectweaver/grpc/objectweaver.pb.go:1585.33,1590.2 4 0
objectweaver/grpc/objectweaver.pb.go:1592.41,1594.2 1 0
objectweaver/grpc/objectweaver.pb.go:1596.39,1596.40 0 0
objectweaver/grpc/objectweaver.pb.go:1598.61,1600.14 2 0
objectweaver/grpc/objectweaver.pb.go:1600.14,1602.34 2 0
objectweaver/grpc/objectweaver.pb.go:1602.34,1604.4 1 0
objectweaver/grpc/objectweaver.pb.go:1605.3,1605.12 1 0
objectweaver/grpc/objectweaver.pb.go:1607.2,1607.24 1 0
objectweaver/grpc/objectweaver.pb.go:1611.52,1613.2 1 0
objectweaver/grpc/objectweaver.pb.go:1615.47,1616.14 1 0
objectweaver/grpc/objectweaver.pb.go:1616.14,1618.3 1 0
objectweaver/grpc/objectweaver.pb.go:1619.2,1619.10 1 0
objectweaver/grpc/objectweaver.pb.go:1622.43,1623.14 1 0
objectweaver/grpc/objectweaver.pb.go:1623.14,1625.3 1 0
objectweaver/grpc/objectweaver.pb.go:1626.2,1626.10 1 0
objectweaver/grpc/objectweaver.pb.go:1629.47,1630.14 1 0
objectweaver/grpc/objectweaver.pb.go:1630.14,1632.3 1 0
objectweaver/grpc/objectweaver.pb.go:1633.2,1633.11 1 0
objectweaver/grpc/objectweaver.pb.go:1636.48,1637.14 1 0
objectweaver/grpc/objectweaver.pb.go:1637.14,1639.3 1 0
objectweaver/grpc/objectweaver.pb.go:1640.2,1640.12 1 0
objectweaver/grpc/objectweaver.pb.go:1652.33,1657.2 4 0
objectweaver/grpc/objectweaver.pb.go:1659.41,1661.2 1 0
objectweaver/grpc/objectweaver.pb.go:1663.39,1663.40 0 0
objectweaver/grpc/objectweaver.pb.go:1665.61,1667.14 2 0
objectweaver/grpc/objectweaver.pb.go:1667.14,1669.34 2 0
objectweaver/grpc/objectweaver.pb.go:1669.34,1671.4 1 0
objectweaver/grpc/objectweaver.pb.go:1672.3,1672.12 1 0
objectweaver/grpc/objectweaver.pb.go:1674.2,1674.24 1 0
objectweaver/grpc/objectweaver.pb.go:1678.52,1680.2 1 0
objectweaver/grpc/objectweaver.pb.go:1682.53,1683.14 1 0
objectweaver/grpc/objectweaver.pb.go:1683.14,1685.3 1 0
objectweaver/grpc/objectweaver.pb.go:1686.2,1686.12 1 0
objectweaver/grpc/objectweaver.pb.go:1689.54,1690.14 1 0
objectweaver/grpc/objectweaver.pb.go:1690.14,1692.3 1 0
objectweaver/grpc/objectweaver.pb.go:1693.2,1693.12 1 0
objectweaver/grpc/objectweaver.pb.go:1705.31,1710.2 4 0
objectweaver/grpc/objectweaver.pb.go:1712.39,1714.2 1 0
objectweaver/grpc/objectweaver.pb.go:1716.37,1716.38 0 0
objectweaver/grpc/objectweaver.pb.go:1718.59,1720.14 2 0
objectweaver/grpc/objectweaver.pb.go:1720.14,1722.34 2 0
objectweaver/grpc/objectweaver.pb.go:1722.34,1724.4 1 0
objectweaver/grpc/objectweaver.pb.go:1725.3,1725.12 1 0
objectweaver/grpc/objectweaver.pb.go:1727.2,1727.24 1 0
objectweaver/grpc/objectweaver.pb.go:1731.50,1733.2 1 0
objectweaver/grpc/objectweaver.pb.go:1735.42,1736.14 1 0
objectweaver/grpc/objectweaver.pb.go:1736.14,1738.3 1 0
objectweaver/grpc/objectweaver.pb.go:1739.2,1739.11 1 0
objectweaver/grpc/objectweaver.pb.go:1742.51,1743.14 1 0
objectweaver/grpc/objectweaver.pb.go:1743.14,1745.3 1 0
objectweaver/grpc/objectweaver.pb.go:1746.2,1746.12 1 0
objectweaver/grpc/objectweaver.pb.go:1759.28,1764.2 4 0
objectweaver/grpc/objectweaver.pb.go:1766.36,1768.2 1 0
objectweaver/grpc/objectweaver.pb.go:1770.34,1770.35 0 0
objectweaver/grpc/objectweaver.pb.go:1772.56,1774.14 2 0
objectweaver/grpc/objectweaver.pb.go:1774.14,1776.34 2 0
objectweaver/grpc/objectweaver.pb.go:1776.34,1778.4 1 0
objectweaver/grpc/objectweaver.pb.go:1779.3,1779.12 1 0
objectweaver/grpc/objectweaver.pb.go:1781.2,1781.24 1 0
objectweaver/grpc/objectweaver.pb.go:1785.47,1787.2 1 0
objectweaver/grpc/objectweaver.pb.go:1789.47,1790.14 1 0
objectweaver/grpc/objectweaver.pb.go:1790.14,1792.3 1 0
objectweaver/grpc/objectweaver.pb.go:1793.2,1793.12 1 0
objectweaver/grpc/objectweaver.pb.go:1796.41,1797.14 1 0
objectweaver/grpc/objectweaver.pb.go:1797.14,1799.3 1 0
objectweaver/grpc/objectweaver.pb.go:1800.2,1800.10 1 0
objectweaver/grpc/objectweaver.pb.go:1803.64,1804.14 1 0
objectweaver/grpc/objectweaver.pb.go:1804.14,1806.3 1 0
objectweaver/grpc/objectweaver.pb.go:1807.2,1807.12 1 0
objectweaver/grpc/objectweaver.pb.go:1821.37,1826.2 4 0
objectweaver/grpc/objectweaver.pb.go:1828.45,1830.2 1 0
objectweaver/grpc/objectweaver.pb.go:1832.43,1832.44 0 0
objectweaver/grpc/objectweaver.pb.go:1834.65,1836.14 2 0
objectweaver/grpc/objectweaver.pb.go:1836.14,1838.34 2 0
objectweaver/grpc/objectweaver.pb.go:1838.34,1840.4 1 0
objectweaver/grpc/objectweaver.pb.go:1841.3,1841.12 1 0
objectweaver/grpc/objectweaver.pb.go:1843.2,1843.24 1 0
objectweaver/grpc/objectweaver.pb.go:1847.56,1849.2 1 0
objectweaver/grpc/objectweaver.pb.go:1851.56,1852.14 1 0
objectweaver/grpc/objectweaver.pb.go:1852.14,1854.3 1 0
objectweaver/grpc/objectweaver.pb.go:1855.2,1855.12 1 0
objectweaver/grpc/objectweaver.pb.go:1858.50,1859.14 1 0
objectweaver/grpc/objectweaver.pb.go:1859.14,1861.3 1 0
objectweaver/grpc/objectweaver.pb.go:1862.2,1862.10 1 0
objectweaver/grpc/objectweaver.pb.go:1865.48,1866.14 1 0
objectweaver/grpc/objectweaver.pb.go:1866.14,1868.3 1 0
objectweaver/grpc/objectweaver.pb.go:1869.2,1869.11 1 0
objectweaver/grpc/objectweaver.pb.go:1872.73,1873.14 1 0
objectweaver/grpc/objectweaver.pb.go:1873.14,1875.3 1 0
objectweaver/grpc/objectweaver.pb.go:1876.2,1876.12 1 0
objectweaver/grpc/objectweaver.pb.go:2077.51,2078.48 1 0
objectweaver/grpc/objectweaver.pb.go:2078.48,2080.3 1 0
objectweaver/grpc/objectweaver.pb.go:2081.2,2081.44 1 0
objectweaver/grpc/objectweaver.pb.go:2171.13,2171.47 1 0
objectweaver/grpc/objectweaver.pb.go:2172.37,2173.36 1 0
objectweaver/grpc/objectweaver.pb.go:2173.36,2175.3 1 0
objectweaver/grpc/objectweaver.pb.go:2176.2,2197.39 6 0
objectweaver/grpc/objectweaver_grpc.pb.go:42.86,44.2 1 0
objectweaver/grpc/objectweaver_grpc.pb.go:46.132,50.16 4 0
objectweaver/grpc/objectweaver_grpc.pb.go:50.16,52.3 1 0
objectweaver/grpc/objectweaver_grpc.pb.go:53.2,53.17 1 0
objectweaver/grpc/objectweaver_grpc.pb.go:56.176,59.16 3 0
objectweaver/grpc/objectweaver_grpc.pb.go:59.16,61.3 1 0
objectweaver/grpc/objectweaver_grpc.pb.go:62.2,63.51 2 0
objectweaver/grpc/objectweaver_grpc.pb.go:63.51,65.3 1 0
objectweaver/grpc/objectweaver_grpc.pb.go:66.2,66.51 1 0
objectweaver/grpc/objectweaver_grpc.pb.go:66.51,68.3 1 0
objectweaver/grpc/objectweaver_grpc.pb.go:69.2,69.15 1 0
objectweaver/grpc/objectweaver_grpc.pb.go:95.110,97.2 1 0
objectweaver/grpc/objectweaver_grpc.pb.go:98.135,100.2 1 0
objectweaver/grpc/objectweaver_grpc.pb.go:101.94,101.95 0 0
objectweaver/grpc/objectweaver_grpc.pb.go:102.94,102.95 0 0
objectweaver/grpc/objectweaver_grpc.pb.go:111.92,116.59 1 0
objectweaver/grpc/objectweaver_grpc.pb.go:116.59,118.3 1 0
objectweaver/grpc/objectweaver_grpc.pb.go:119.2,119.56 1 0
objectweaver/grpc/objectweaver_grpc.pb.go:122.177,124.32 2 0
objectweaver/grpc/objectweaver_grpc.pb.go:124.32,126.3 1 0
objectweaver/grpc/objectweaver_grpc.pb.go:127.2,127.24 1 0
objectweaver/grpc/objectweaver_grpc.pb.go:127.24,129.3 1 0
objectweaver/grpc/objectweaver_grpc.pb.go:130.2,134.77 2 0
objectweaver/grpc/objectweaver_grpc.pb.go:134.77,136.3 1 0
objectweaver/grpc/objectweaver_grpc.pb.go:137.2,137.44 1 0
objectweaver/grpc/objectweaver_grpc.pb.go:140.105,142.42 2 0
objectweaver/grpc/objectweaver_grpc.pb.go:142.42,144.3 1 0
objectweaver/grpc/objectweaver_grpc.pb.go:145.2,145.145 1 0
objectweaver/service/checkPassword.go:14.55,15.71 1 1
objectweaver/service/checkPassword.go:15.71,17.48 1 1
objectweaver/service/checkPassword.go:17.48,21.4 2 1
objectweaver/service/checkPassword.go:24.3,25.23 2 1
objectweaver/service/checkPassword.go:25.23,29.4 3 1
objectweaver/service/checkPassword.go:32.3,32.48 1 1
objectweaver/service/checkPassword.go:32.48,37.4 4 1
objectweaver/service/checkPassword.go:40.3,44.24 3 1
objectweaver/service/checkPassword.go:44.24,48.4 3 1
objectweaver/service/checkPassword.go:51.3,51.27 1 1
objectweaver/service/checkPassword.go:51.27,55.4 3 1
objectweaver/service/checkPassword.go:58.3,58.23 1 1
objectweaver/service/healthCheck.go:16.58,26.2 4 1
objectweaver/service/objectGen.go:38.56,40.33 1 1
objectweaver/service/objectGen.go:40.33,43.3 2 1
objectweaver/service/objectGen.go:45.2,45.47 1 1
objectweaver/service/objectGen.go:45.47,47.3 1 0
objectweaver/service/objectGen.go:50.2,50.30 1 1
objectweaver/service/objectGen.go:50.30,55.28 2 1
objectweaver/service/objectGen.go:56.25,57.75 1 1
objectweaver/service/objectGen.go:58.33,59.65 1 1
objectweaver/service/objectGen.go:60.11,61.74 1 0
objectweaver/service/objectGen.go:63.3,63.9 1 1
objectweaver/service/objectGen.go:67.2,69.46 3 1
objectweaver/service/objectGen.go:69.46,72.31 2 1
objectweaver/service/objectGen.go:72.31,74.4 1 1
objectweaver/service/objectGen.go:75.3,75.9 1 1
objectweaver/service/objectGen.go:77.2,80.54 2 0
objectweaver/service/objectGen.go:80.54,81.31 1 0
objectweaver/service/objectGen.go:81.31,83.4 1 0
objectweaver/service/objectGen.go:84.3,84.9 1 0
objectweaver/service/objectGen.go:88.2,95.16 3 0
objectweaver/service/objectGen.go:95.16,97.31 2 0
objectweaver/service/objectGen.go:97.31,99.4 1 0
objectweaver/service/objectGen.go:100.3,100.9 1 0
objectweaver/service/objectGen.go:104.2,106.16 3 0
objectweaver/service/objectGen.go:106.16,108.31 2 0
objectweaver/service/objectGen.go:108.31,110.4 1 0
objectweaver/service/objectGen.go:111.3,111.9 1 0
objectweaver/service/objectGen.go:114.2,124.30 7 0
objectweaver/service/objectGen.go:124.30,126.55 2 0
objectweaver/service/objectGen.go:126.55,128.35 2 0
objectweaver/service/objectGen.go:128.35,135.5 1 0
objectweaver/service/objectGen.go:136.4,139.5 1 0
objectweaver/service/objectGen.go:144.2,151.61 2 0
objectweaver/service/objectGen.go:151.61,153.3 1 0
objectweaver/service/objectGen.go:155.2,156.60 2 0
objectweaver/service/objectGen.go:156.60,161.3 1 0
objectweaver/service/objectGen.go:165.40,167.60 2 1
objectweaver/service/objectGen.go:167.60,170.3 2 1
objectweaver/service/objectGen.go:171.2,172.16 2 1
objectweaver/service/objectGen.go:172.16,175.3 2 0
objectweaver/service/objectGen.go:176.2,176.33 1 1
objectweaver/service/serveIndexHTML.go:10.61,16.16 3 1
objectweaver/service/serveIndexHTML.go:16.16,19.3 2 1
objectweaver/service/serveIndexHTML.go:22.2,26.16 3 0
objectweaver/service/serveIndexHTML.go:26.16,29.3 2 0
objectweaver/service/serveIndexHTML.go:32.2,40.49 3 0
objectweaver/service/serveIndexHTML.go:40.49,43.3 2 0
objectweaver/service/serveIndexHTML.go:46.2,48.16 3 0
objectweaver/service/serveIndexHTML.go:48.16,51.3 2 0
objectweaver/service/server.go:18.30,23.2 3 1
objectweaver/service/server.go:25.32,29.2 3 1
objectweaver/service/server.go:31.34,55.36 12 1
objectweaver/service/server.go:55.36,59.3 3 1
objectweaver/service/server.go:62.2,62.47 1 1
objectweaver/service/server.go:62.47,69.3 3 1
objectweaver/service/server.go:73.56,74.71 1 1
objectweaver/service/server.go:74.71,76.49 1 1
objectweaver/service/server.go:76.49,79.18 2 1
objectweaver/service/server.go:79.18,82.5 2 1
objectweaver/service/server.go:83.4,89.36 4 1
objectweaver/service/server.go:92.3,92.23 1 1
objectweaver/service/trackingData.go:76.18,78.4 1 0
objectweaver/service/trackingData.go:87.18,91.4 3 0
objectweaver/service/trackingData.go:95.13,105.2 8 1
objectweaver/service/trackingData.go:114.55,118.2 3 1
objectweaver/service/trackingData.go:120.59,121.71 1 1
objectweaver/service/trackingData.go:121.71,135.24 9 1
objectweaver/service/trackingData.go:135.24,137.4 1 0
objectweaver/service/trackingData.go:139.3,142.86 4 1
objectweaver/orchestration/jos/domain/llm_provider.go:102.50,110.2 1 1
objectweaver/orchestration/jos/domain/models.go:19.92,27.2 1 1
objectweaver/orchestration/jos/domain/models.go:30.63,30.82 1 1
objectweaver/orchestration/jos/domain/models.go:31.63,31.82 1 1
objectweaver/orchestration/jos/domain/models.go:32.63,32.83 1 1
objectweaver/orchestration/jos/domain/models.go:33.63,33.84 1 1
objectweaver/orchestration/jos/domain/models.go:34.63,34.87 1 1
objectweaver/orchestration/jos/domain/models.go:37.81,45.2 1 1
objectweaver/orchestration/jos/domain/models.go:47.92,58.2 3 1
objectweaver/orchestration/jos/domain/models.go:60.90,68.2 1 1
objectweaver/orchestration/jos/domain/models.go:70.67,72.31 2 1
objectweaver/orchestration/jos/domain/models.go:72.31,74.3 1 1
objectweaver/orchestration/jos/domain/models.go:75.2,75.20 1 1
objectweaver/orchestration/jos/domain/models.go:84.103,89.2 1 1
objectweaver/orchestration/jos/domain/models.go:100.99,108.2 1 1
objectweaver/orchestration/jos/domain/models.go:110.165,118.2 1 1
objectweaver/orchestration/jos/domain/models.go:120.64,128.2 1 1
objectweaver/orchestration/jos/domain/models.go:130.45,132.2 1 1
objectweaver/orchestration/jos/domain/models.go:134.58,136.2 1 1
objectweaver/orchestration/jos/domain/models.go:138.79,140.2 1 1
objectweaver/orchestration/jos/domain/models.go:142.55,144.2 1 1
objectweaver/orchestration/jos/domain/models.go:146.45,148.2 1 1
objectweaver/orchestration/jos/domain/models.go:150.51,152.2 1 1
objectweaver/orchestration/jos/domain/models.go:164.42,170.2 1 1
objectweaver/orchestration/jos/domain/models.go:172.48,174.2 1 1
objectweaver/orchestration/jos/domain/models.go:176.48,178.2 1 1
objectweaver/orchestration/jos/domain/models.go:180.48,182.2 1 1
objectweaver/orchestration/jos/domain/models.go:192.40,199.2 1 1
objectweaver/orchestration/jos/domain/models.go:212.96,214.19 2 1
objectweaver/orchestration/jos/domain/models.go:214.19,216.3 1 1
objectweaver/orchestration/jos/domain/models.go:218.2,226.3 1 1
objectweaver/orchestration/jos/domain/models.go:229.57,229.72 1 1
objectweaver/orchestration/jos/domain/models.go:230.57,230.73 1 1
objectweaver/orchestration/jos/domain/models.go:231.57,231.80 1 1
objectweaver/orchestration/jos/domain/models.go:232.57,232.76 1 1
objectweaver/orchestration/jos/domain/models.go:233.57,233.82 1 1
objectweaver/orchestration/jos/domain/models.go:234.57,234.74 1 1
objectweaver/orchestration/jos/domain/models.go:235.57,235.78 1 1
objectweaver/orchestration/jos/domain/models.go:236.57,236.91 1 1
objectweaver/orchestration/jos/domain/models.go:238.59,245.2 5 1
objectweaver/orchestration/jos/domain/models.go:247.59,251.2 3 1
objectweaver/orchestration/jos/domain/models.go:253.55,256.25 2 1
objectweaver/orchestration/jos/domain/models.go:256.25,258.3 1 1
objectweaver/orchestration/jos/domain/models.go:259.2,259.11 1 1
objectweaver/orchestration/jos/domain/models.go:279.97,287.2 1 1
objectweaver/orchestration/jos/domain/models.go:289.72,295.2 1 1
objectweaver/orchestration/jos/domain/models.go:297.49,297.68 1 1
objectweaver/orchestration/jos/domain/models.go:298.49,298.65 1 1
objectweaver/orchestration/jos/domain/models.go:299.49,299.67 1 1
objectweaver/orchestration/jos/domain/models.go:300.49,300.70 1 1
objectweaver/orchestration/jos/domain/models.go:301.49,301.66 1 1
objectweaver/orchestration/jos/domain/models.go:302.49,302.65 1 1
objectweaver/orchestration/jos/domain/models.go:303.49,303.72 1 1
objectweaver/orchestration/jos/domain/models.go:305.58,309.2 3 1
objectweaver/orchestration/jos/domain/prompt_builder.go:27.40,32.2 1 1
objectweaver/orchestration/jos/domain/prompt_builder.go:34.50,36.2 1 1
objectweaver/orchestration/jos/domain/prompt_builder.go:38.46,39.24 1 1
objectweaver/orchestration/jos/domain/prompt_builder.go:39.24,41.3 1 1
objectweaver/orchestration/jos/domain/prompt_builder.go:42.2,42.11 1 1
objectweaver/orchestration/jos/domain/streaming.go:29.65,36.2 1 1
objectweaver/orchestration/jos/domain/streaming.go:38.85,41.2 2 1
objectweaver/orchestration/jos/domain/streaming.go:43.67,46.2 2 1
objectweaver/orchestration/jos/domain/streaming.go:48.48,51.2 2 1
objectweaver/orchestration/jos/domain/streaming.go:63.63,70.2 1 1
objectweaver/orchestration/jos/domain/streaming.go:72.54,74.2 1 1
objectweaver/orchestration/jos/domain/streaming.go:76.43,78.2 1 1
objectweaver/orchestration/jos/domain/streaming.go:99.71,106.2 1 1
objectweaver/orchestration/jos/domain/streaming.go:108.50,111.2 2 1
objectweaver/orchestration/jos/domain/streaming.go:113.51,115.2 1 1
objectweaver/orchestration/jos/domain/streaming.go:117.47,119.2 1 1
objectweaver/orchestration/jos/domain/streaming.go:121.44,123.2 1 1
objectweaver/orchestration/jos/domain/streaming.go:125.42,127.2 1 1
objectweaver/orchestration/jos/domain/streaming.go:129.45,131.2 1 1
objectweaver/orchestration/jos/domain/streaming.go:133.47,135.2 1 1
objectweaver/orchestration/jos/domain/streaming.go:145.46,150.2 1 1
objectweaver/orchestration/jos/domain/task_executor.go:40.72,48.2 1 1
objectweaver/orchestration/jos/domain/task_executor.go:50.76,59.2 1 1
objectweaver/orchestration/jos/domain/task_executor.go:61.65,61.85 1 1
objectweaver/orchestration/jos/domain/task_executor.go:62.65,62.91 1 1
objectweaver/orchestration/jos/domain/task_executor.go:63.65,63.94 1 1
objectweaver/orchestration/jos/domain/task_executor.go:66.69,68.2 1 1
objectweaver/orchestration/jos/domain/task_executor.go:71.78,76.2 4 0
objectweaver/orchestration/jos/domain/task_executor.go:78.77,82.2 3 1
objectweaver/orchestration/jos/domain/task_executor.go:84.73,88.38 4 1
objectweaver/orchestration/jos/domain/task_executor.go:88.38,90.3 1 1
objectweaver/orchestration/jos/domain/task_executor.go:91.2,91.15 1 1
objectweaver/orchestration/jos/domain/task_executor.go:94.66,96.31 2 1
objectweaver/orchestration/jos/domain/task_executor.go:96.31,98.3 1 1
objectweaver/orchestration/jos/domain/task_executor.go:99.2,99.15 1 1
objectweaver/orchestration/jos/factory/config.go:32.48,43.2 1 1
objectweaver/orchestration/jos/factory/config.go:45.74,49.2 3 1
objectweaver/orchestration/jos/factory/config.go:51.69,55.2 3 1
objectweaver/orchestration/jos/factory/config.go:57.68,61.2 3 1
objectweaver/orchestration/jos/factory/config.go:63.77,67.2 3 1
objectweaver/orchestration/jos/factory/config.go:69.98,73.2 3 1
objectweaver/orchestration/jos/factory/generator_factory.go:16.69,17.19 1 1
objectweaver/orchestration/jos/factory/generator_factory.go:17.19,19.3 1 1
objectweaver/orchestration/jos/factory/generator_factory.go:20.2,20.42 1 1
objectweaver/orchestration/jos/factory/generator_factory.go:24.63,32.23 4 1
objectweaver/orchestration/jos/factory/generator_factory.go:33.32,35.95 1 0
objectweaver/orchestration/jos/factory/generator_factory.go:37.44,39.76 1 1
objectweaver/orchestration/jos/factory/generator_factory.go:41.10,44.74 1 1
objectweaver/orchestration/jos/factory/generator_factory.go:48.2,48.53 1 1
objectweaver/orchestration/jos/factory/generator_factory.go:48.53,50.3 1 1
objectweaver/orchestration/jos/factory/generator_factory.go:52.2,52.23 1 1
objectweaver/orchestration/jos/factory/generator_factory.go:131.67,133.2 1 1
objectweaver/orchestration/jos/factory/generator_factory.go:135.71,137.2 1 1
objectweaver/orchestration/jos/factory/generator_factory.go:140.69,141.26 1 1
objectweaver/orchestration/jos/factory/generator_factory.go:141.27,144.3 0 0
objectweaver/orchestration/jos/factory/generator_factory.go:146.2,146.31 1 1
objectweaver/orchestration/jos/factory/generator_factory.go:146.32,149.3 0 1
objectweaver/orchestration/jos/factory/generator_factory.go:151.2,151.34 1 1
objectweaver/orchestration/jos/factory/generator_factory.go:151.35,154.3 0 0
objectweaver/orchestration/jos/factory/generator_factory.go:156.2,156.42 1 1
objectweaver/orchestration/jos/factory/generator_factory.go:156.42,158.3 1 0
