mode: set
objectweaver/checks/circularDefinitions.go:6.64,11.44 4 1
objectweaver/checks/circularDefinitions.go:11.44,12.15 1 1
objectweaver/checks/circularDefinitions.go:12.15,14.4 1 1
objectweaver/checks/circularDefinitions.go:16.3,16.18 1 1
objectweaver/checks/circularDefinitions.go:16.18,18.4 1 1
objectweaver/checks/circularDefinitions.go:20.3,20.17 1 1
objectweaver/checks/circularDefinitions.go:20.17,22.4 1 0
objectweaver/checks/circularDefinitions.go:25.3,29.37 3 1
objectweaver/checks/circularDefinitions.go:29.37,30.18 1 1
objectweaver/checks/circularDefinitions.go:30.18,32.5 1 0
objectweaver/checks/circularDefinitions.go:36.3,36.21 1 1
objectweaver/checks/circularDefinitions.go:36.21,37.20 1 1
objectweaver/checks/circularDefinitions.go:37.20,39.5 1 1
objectweaver/checks/circularDefinitions.go:43.3,44.15 2 1
objectweaver/checks/circularDefinitions.go:47.2,47.17 1 1
objectweaver/llmManagement/backoff/backoffManagers.go:16.49,16.63 0 1
objectweaver/llmManagement/backoff/backoffManagers.go:17.77,20.15 3 1
objectweaver/llmManagement/backoff/backoffManagers.go:20.15,22.3 1 1
objectweaver/llmManagement/backoff/backoffManagers.go:23.2,23.27 1 1
objectweaver/llmManagement/backoff/backoffManagers.go:25.49,25.63 0 1
objectweaver/llmManagement/backoff/backoffManagers.go:37.100,43.2 1 1
objectweaver/llmManagement/backoff/backoffManagers.go:45.63,50.23 4 1
objectweaver/llmManagement/backoff/backoffManagers.go:50.23,51.16 1 1
objectweaver/llmManagement/backoff/backoffManagers.go:51.16,53.4 1 0
objectweaver/llmManagement/backoff/backoffManagers.go:54.3,54.28 1 1
objectweaver/llmManagement/backoff/backoffManagers.go:58.92,62.39 3 1
objectweaver/llmManagement/backoff/backoffManagers.go:62.39,64.3 1 1
objectweaver/llmManagement/backoff/backoffManagers.go:66.2,67.20 2 1
objectweaver/llmManagement/backoff/backoffManagers.go:67.20,70.3 2 1
objectweaver/llmManagement/backoff/backoffManagers.go:70.8,72.38 2 1
objectweaver/llmManagement/backoff/backoffManagers.go:72.38,74.4 1 1
objectweaver/llmManagement/backoff/backoffManagers.go:77.2,81.15 4 1
objectweaver/llmManagement/backoff/backoffManagers.go:81.15,83.3 1 0
objectweaver/llmManagement/backoff/backoffManagers.go:86.63,89.36 3 1
objectweaver/llmManagement/backoff/backoffManagers.go:89.36,91.3 1 1
objectweaver/llmManagement/backoff/backoffStrat.go:38.123,46.35 2 1
objectweaver/llmManagement/backoff/backoffStrat.go:46.35,48.3 1 1
objectweaver/llmManagement/backoff/backoffStrat.go:49.2,49.10 1 1
objectweaver/llmManagement/backoff/backoffStrat.go:52.66,55.9 3 1
objectweaver/llmManagement/backoff/backoffStrat.go:55.9,58.3 2 1
objectweaver/llmManagement/backoff/backoffStrat.go:59.2,62.23 3 1
objectweaver/llmManagement/backoff/backoffStrat.go:62.23,63.16 1 1
objectweaver/llmManagement/backoff/backoffStrat.go:63.16,65.4 1 1
objectweaver/llmManagement/backoff/backoffStrat.go:66.3,66.28 1 1
objectweaver/llmManagement/backoff/backoffStrat.go:70.95,75.43 4 1
objectweaver/llmManagement/backoff/backoffStrat.go:75.43,77.3 1 1
objectweaver/llmManagement/backoff/backoffStrat.go:79.2,80.20 2 1
objectweaver/llmManagement/backoff/backoffStrat.go:80.20,83.3 2 1
objectweaver/llmManagement/backoff/backoffStrat.go:83.8,85.42 2 1
objectweaver/llmManagement/backoff/backoffStrat.go:85.42,87.4 1 1
objectweaver/llmManagement/backoff/backoffStrat.go:90.2,94.15 4 1
objectweaver/llmManagement/backoff/backoffStrat.go:94.15,96.3 1 1
objectweaver/llmManagement/backoff/backoffStrat.go:99.66,103.40 4 1
objectweaver/llmManagement/backoff/backoffStrat.go:103.40,105.3 1 1
objectweaver/llmManagement/backoff/errorClassifer.go:14.44,16.2 1 1
objectweaver/llmManagement/backoff/errorClassifer.go:18.58,19.16 1 1
objectweaver/llmManagement/backoff/errorClassifer.go:19.16,21.3 1 1
objectweaver/llmManagement/backoff/errorClassifer.go:23.2,25.28 2 1
objectweaver/llmManagement/backoff/errorClassifer.go:25.28,27.3 1 1
objectweaver/llmManagement/backoff/errorClassifer.go:29.2,30.75 2 1
objectweaver/llmManagement/backoff/errorClassifer.go:30.75,32.3 1 1
objectweaver/llmManagement/backoff/errorClassifer.go:34.2,37.50 2 1
objectweaver/llmManagement/backoff/errorClassifer.go:37.50,38.64 1 1
objectweaver/llmManagement/backoff/errorClassifer.go:38.64,40.4 1 1
objectweaver/llmManagement/backoff/errorClassifer.go:41.3,41.62 1 1
objectweaver/llmManagement/backoff/errorClassifer.go:41.62,43.4 1 1
objectweaver/llmManagement/backoff/errorClassifer.go:44.3,44.114 1 1
objectweaver/llmManagement/backoff/errorClassifer.go:44.114,46.4 1 1
objectweaver/llmManagement/backoff/errorClassifer.go:49.2,63.37 2 1
objectweaver/llmManagement/backoff/errorClassifer.go:63.37,64.35 1 1
objectweaver/llmManagement/backoff/errorClassifer.go:64.35,66.4 1 1
objectweaver/llmManagement/backoff/errorClassifer.go:70.2,76.41 2 1
objectweaver/llmManagement/backoff/errorClassifer.go:76.41,77.35 1 1
objectweaver/llmManagement/backoff/errorClassifer.go:77.35,79.4 1 1
objectweaver/llmManagement/backoff/errorClassifer.go:82.2,82.27 1 1
objectweaver/llmManagement/backoff/model.go:9.41,11.2 1 1
objectweaver/llmManagement/LLM/jobFactory.go:8.60,9.23 1 1
objectweaver/llmManagement/LLM/jobFactory.go:10.24,11.34 1 1
objectweaver/llmManagement/LLM/jobFactory.go:12.23,13.33 1 1
objectweaver/llmManagement/LLM/jobFactory.go:14.10,15.34 1 1
objectweaver/llmManagement/LLM/jobQueue.go:16.59,22.2 1 1
objectweaver/llmManagement/LLM/jobQueue.go:25.38,29.2 3 1
objectweaver/llmManagement/LLM/jobQueue.go:32.38,36.2 3 1
objectweaver/llmManagement/LLM/jobQueue.go:39.35,42.22 3 1
objectweaver/llmManagement/LLM/jobQueue.go:42.22,44.3 1 1
objectweaver/llmManagement/LLM/jobQueue.go:45.2,47.12 3 1
objectweaver/llmManagement/LLM/jobQueue.go:51.53,53.6 2 1
objectweaver/llmManagement/LLM/jobQueue.go:53.6,54.10 1 1
objectweaver/llmManagement/LLM/jobQueue.go:55.21,57.10 2 1
objectweaver/llmManagement/LLM/jobQueue.go:58.11,59.38 1 1
objectweaver/llmManagement/LLM/jobQueue.go:59.38,61.5 1 1
objectweaver/llmManagement/LLM/jobQueue.go:61.10,63.5 1 1
objectweaver/llmManagement/LLM/jobQueue.go:68.34,70.2 1 1
objectweaver/llmManagement/LLM/jobQueue.go:72.39,74.2 1 1
objectweaver/llmManagement/LLM/orchestrationService.go:20.24,23.2 2 1
objectweaver/llmManagement/LLM/orchestrationService.go:33.24,39.21 4 1
objectweaver/llmManagement/LLM/orchestrationService.go:39.21,41.3 1 0
objectweaver/llmManagement/LLM/orchestrationService.go:44.2,61.18 7 1
objectweaver/llmManagement/LLM/orchestrationService.go:62.40,63.84 1 0
objectweaver/llmManagement/LLM/orchestrationService.go:64.43,65.107 1 0
objectweaver/llmManagement/LLM/orchestrationService.go:66.27,67.14 1 1
objectweaver/llmManagement/LLM/orchestrationService.go:68.10,69.56 1 1
objectweaver/llmManagement/LLM/orchestrationService.go:73.2,85.12 3 1
objectweaver/llmManagement/LLM/orchestrationService.go:85.12,88.3 2 1
objectweaver/llmManagement/LLM/orchestrationService.go:91.2,94.21 2 1
objectweaver/llmManagement/LLM/orchestrator.go:45.17,49.21 3 1
objectweaver/llmManagement/LLM/orchestrator.go:49.21,52.3 2 0
objectweaver/llmManagement/LLM/orchestrator.go:54.2,67.3 3 1
objectweaver/llmManagement/LLM/orchestrator.go:71.42,75.44 3 1
objectweaver/llmManagement/LLM/orchestrator.go:75.44,77.25 2 1
objectweaver/llmManagement/LLM/orchestrator.go:77.25,79.39 2 1
objectweaver/llmManagement/LLM/orchestrator.go:79.39,82.5 1 0
objectweaver/llmManagement/LLM/orchestrator.go:89.65,95.51 3 0
objectweaver/llmManagement/LLM/orchestrator.go:95.51,98.3 2 0
objectweaver/llmManagement/LLM/orchestrator.go:99.2,99.62 1 0
objectweaver/llmManagement/LLM/orchestrator.go:99.62,103.3 3 0
objectweaver/llmManagement/LLM/orchestrator.go:106.2,109.16 2 0
objectweaver/llmManagement/LLM/orchestrator.go:109.16,111.20 2 0
objectweaver/llmManagement/LLM/orchestrator.go:112.35,115.37 3 0
objectweaver/llmManagement/LLM/orchestrator.go:115.37,117.5 1 0
objectweaver/llmManagement/LLM/orchestrator.go:118.4,119.27 2 0
objectweaver/llmManagement/LLM/orchestrator.go:121.35,122.71 1 0
objectweaver/llmManagement/LLM/orchestrator.go:124.35,125.59 1 0
objectweaver/llmManagement/LLM/orchestrator.go:127.3,127.9 1 0
objectweaver/llmManagement/LLM/orchestrator.go:131.2,132.20 2 0
objectweaver/llmManagement/LLM/orchestrator.go:136.42,138.2 1 0
objectweaver/llmManagement/LLM/orchestrator.go:141.31,144.2 2 0
objectweaver/llmManagement/LLM/retryhandler.go:15.66,20.2 1 1
objectweaver/llmManagement/LLM/retryhandler.go:22.98,23.42 1 1
objectweaver/llmManagement/LLM/retryhandler.go:23.42,25.17 2 1
objectweaver/llmManagement/LLM/retryhandler.go:25.17,27.4 1 1
objectweaver/llmManagement/LLM/retryhandler.go:29.3,30.21 2 1
objectweaver/llmManagement/LLM/retryhandler.go:31.8,34.3 2 1
objectweaver/llmManagement/LLM/retryhandler.go:37.81,40.2 2 1
objectweaver/llmManagement/LLM/setup.go:37.13,41.37 2 1
objectweaver/llmManagement/LLM/setup.go:41.37,43.3 1 1
objectweaver/llmManagement/LLM/setup.go:44.2,44.36 1 1
objectweaver/llmManagement/LLM/setup.go:44.36,46.3 1 1
objectweaver/llmManagement/LLM/setup.go:49.2,50.16 2 1
objectweaver/llmManagement/LLM/setup.go:50.16,52.3 1 0
objectweaver/llmManagement/LLM/setup.go:55.2,61.21 5 1
objectweaver/llmManagement/LLM/setup.go:62.16,63.50 1 0
objectweaver/llmManagement/LLM/setup.go:64.20,65.53 1 0
objectweaver/llmManagement/LLM/setup.go:66.10,67.37 1 1
objectweaver/llmManagement/LLM/setup.go:71.2,79.49 2 1
objectweaver/llmManagement/LLM/setup.go:83.50,84.38 1 1
objectweaver/llmManagement/LLM/setup.go:84.38,85.51 1 0
objectweaver/llmManagement/LLM/setup.go:85.51,87.4 1 0
objectweaver/llmManagement/LLM/setup.go:89.2,89.21 1 1
objectweaver/llmManagement/LLM/setup.go:94.77,95.12 1 1
objectweaver/llmManagement/LLM/setup.go:95.12,96.28 1 1
objectweaver/llmManagement/LLM/setup.go:96.28,101.4 1 0
objectweaver/llmManagement/LLM/submitJob.go:13.50,15.2 1 1
objectweaver/llmManagement/LLM/submitJob.go:17.105,18.9 1 1
objectweaver/llmManagement/LLM/submitJob.go:19.28,19.28 0 1
objectweaver/llmManagement/LLM/submitJob.go:20.10,21.41 1 0
objectweaver/llmManagement/LLM/submitJob.go:24.2,27.31 3 1
objectweaver/llmManagement/LLM/submitJob.go:32.52,34.2 1 1
objectweaver/llmManagement/LLM/submitJob.go:36.106,37.16 1 1
objectweaver/llmManagement/LLM/submitJob.go:37.16,39.3 1 1
objectweaver/llmManagement/LLM/submitJob.go:41.2,46.31 4 1
objectweaver/llmManagement/LLM/submitJob.go:49.89,50.19 1 1
objectweaver/llmManagement/LLM/submitJob.go:50.19,52.3 1 1
objectweaver/llmManagement/LLM/submitJob.go:53.2,53.29 1 1
objectweaver/llmManagement/LLM/submitJob.go:53.29,55.3 1 1
objectweaver/llmManagement/LLM/submitJob.go:57.2,57.62 1 1
objectweaver/llmManagement/client/gzipClient.go:17.87,22.60 2 1
objectweaver/llmManagement/client/gzipClient.go:22.60,27.28 1 1
objectweaver/llmManagement/client/gzipClient.go:27.28,31.18 2 0
objectweaver/llmManagement/client/gzipClient.go:31.18,33.5 1 0
objectweaver/llmManagement/client/gzipClient.go:34.4,34.26 1 0
objectweaver/llmManagement/client/gzipClient.go:37.3,38.17 2 1
objectweaver/llmManagement/client/gzipClient.go:38.17,40.4 1 0
objectweaver/llmManagement/client/gzipClient.go:43.3,49.17 2 1
objectweaver/llmManagement/client/gzipClient.go:49.17,51.4 1 0
objectweaver/llmManagement/client/gzipClient.go:52.8,55.3 1 1
objectweaver/llmManagement/client/gzipClient.go:59.2,60.22 2 1
objectweaver/llmManagement/client/gzipClient.go:60.22,62.3 1 1
objectweaver/llmManagement/client/gzipClient.go:65.2,73.8 1 1
objectweaver/llmManagement/client/gzipTransport.go:20.78,24.65 1 1
objectweaver/llmManagement/client/gzipTransport.go:24.65,26.3 1 1
objectweaver/llmManagement/client/gzipTransport.go:29.2,33.49 3 1
objectweaver/llmManagement/client/gzipTransport.go:33.49,36.3 2 1
objectweaver/llmManagement/client/gzipTransport.go:37.2,37.35 1 1
objectweaver/llmManagement/client/gzipTransport.go:37.35,40.3 2 0
objectweaver/llmManagement/client/gzipTransport.go:43.2,57.45 6 1
objectweaver/llmManagement/client/standardClient.go:14.39,15.18 1 1
objectweaver/llmManagement/client/standardClient.go:15.18,17.3 1 1
objectweaver/llmManagement/client/standardClient.go:18.2,18.23 1 1
objectweaver/llmManagement/client/standardClient.go:22.71,31.2 1 1
objectweaver/llmManagement/client/standardGzip.go:10.65,15.23 3 1
objectweaver/llmManagement/client/standardGzip.go:15.23,21.3 4 1
objectweaver/llmManagement/client/standardGzip.go:25.2,25.22 1 1
objectweaver/llmManagement/client/standardGzip.go:25.22,27.3 1 1
objectweaver/llmManagement/client/standardGzip.go:31.2,35.18 2 1
objectweaver/llmManagement/clientManager/factory.go:46.55,52.20 4 1
objectweaver/llmManagement/clientManager/factory.go:52.20,53.19 1 1
objectweaver/llmManagement/clientManager/factory.go:53.19,56.4 1 1
objectweaver/llmManagement/clientManager/factory.go:56.9,59.4 1 1
objectweaver/llmManagement/clientManager/factory.go:62.2,69.33 2 1
objectweaver/llmManagement/clientManager/factory.go:75.68,82.23 4 1
objectweaver/llmManagement/clientManager/factory.go:82.23,83.21 1 1
objectweaver/llmManagement/clientManager/factory.go:83.21,86.4 2 1
objectweaver/llmManagement/clientManager/factory.go:86.9,88.4 1 1
objectweaver/llmManagement/clientManager/factory.go:92.2,92.25 1 1
objectweaver/llmManagement/clientManager/factory.go:93.22,94.26 1 1
objectweaver/llmManagement/clientManager/factory.go:94.26,96.4 1 1
objectweaver/llmManagement/clientManager/factory.go:97.3,97.64 1 1
objectweaver/llmManagement/clientManager/factory.go:99.22,100.26 1 1
objectweaver/llmManagement/clientManager/factory.go:100.26,102.4 1 1
objectweaver/llmManagement/clientManager/factory.go:103.3,103.87 1 1
objectweaver/llmManagement/clientManager/factory.go:105.21,106.23 1 1
objectweaver/llmManagement/clientManager/factory.go:106.23,108.4 1 1
objectweaver/llmManagement/clientManager/factory.go:109.3,110.98 2 1
objectweaver/llmManagement/clientManager/factory.go:112.10,113.101 1 1
objectweaver/llmManagement/clientManager/factory.go:119.96,127.18 2 1
objectweaver/llmManagement/clientManager/factory.go:128.21,129.60 1 1
objectweaver/llmManagement/clientManager/factory.go:132.2,132.33 1 1
objectweaver/llmManagement/clientManager/gemini.go:18.24,19.11 1 1
objectweaver/llmManagement/clientManager/gemini.go:19.11,21.3 1 0
objectweaver/llmManagement/clientManager/gemini.go:22.2,22.10 1 1
objectweaver/llmManagement/clientManager/gemini.go:43.24,44.23 1 1
objectweaver/llmManagement/clientManager/gemini.go:44.23,46.3 1 1
objectweaver/llmManagement/clientManager/gemini.go:47.2,53.3 1 1
objectweaver/llmManagement/clientManager/gemini.go:57.109,60.16 2 1
objectweaver/llmManagement/clientManager/gemini.go:60.16,62.3 1 1
objectweaver/llmManagement/clientManager/gemini.go:65.2,69.16 3 1
objectweaver/llmManagement/clientManager/gemini.go:69.16,71.3 1 0
objectweaver/llmManagement/clientManager/gemini.go:75.2,82.16 5 1
objectweaver/llmManagement/clientManager/gemini.go:82.16,84.3 1 0
objectweaver/llmManagement/clientManager/gemini.go:85.2,88.16 3 1
objectweaver/llmManagement/clientManager/gemini.go:88.16,90.3 1 0
objectweaver/llmManagement/clientManager/gemini.go:91.2,94.38 2 1
objectweaver/llmManagement/clientManager/gemini.go:94.38,97.3 2 1
objectweaver/llmManagement/clientManager/gemini.go:100.2,100.40 1 1
objectweaver/llmManagement/clientManager/gemini.go:104.110,108.35 2 1
objectweaver/llmManagement/clientManager/gemini.go:108.35,111.73 2 1
objectweaver/llmManagement/clientManager/gemini.go:111.73,113.4 1 1
objectweaver/llmManagement/clientManager/gemini.go:116.3,118.24 2 1
objectweaver/llmManagement/clientManager/gemini.go:118.24,122.4 1 1
objectweaver/llmManagement/clientManager/gemini.go:125.3,125.32 1 1
objectweaver/llmManagement/clientManager/gemini.go:125.32,126.42 1 1
objectweaver/llmManagement/clientManager/gemini.go:126.42,127.22 1 1
objectweaver/llmManagement/clientManager/gemini.go:128.41,131.8 1 0
objectweaver/llmManagement/clientManager/gemini.go:132.45,133.30 1 1
objectweaver/llmManagement/clientManager/gemini.go:133.30,142.29 5 1
objectweaver/llmManagement/clientManager/gemini.go:142.29,144.80 1 1
objectweaver/llmManagement/clientManager/gemini.go:144.80,146.64 1 1
objectweaver/llmManagement/clientManager/gemini.go:146.64,148.10 1 1
objectweaver/llmManagement/clientManager/gemini.go:150.9,152.103 3 1
objectweaver/llmManagement/clientManager/gemini.go:153.14,155.9 1 0
objectweaver/llmManagement/clientManager/gemini.go:159.7,164.9 1 1
objectweaver/llmManagement/clientManager/gemini.go:170.3,170.21 1 1
objectweaver/llmManagement/clientManager/gemini.go:170.21,176.4 2 1
objectweaver/llmManagement/clientManager/gemini.go:180.2,182.25 2 1
objectweaver/llmManagement/clientManager/gemini.go:182.25,184.3 1 1
objectweaver/llmManagement/clientManager/gemini.go:185.2,185.18 1 1
objectweaver/llmManagement/clientManager/gemini.go:185.18,187.3 1 1
objectweaver/llmManagement/clientManager/gemini.go:188.2,188.23 1 1
objectweaver/llmManagement/clientManager/gemini.go:188.23,190.3 1 1
objectweaver/llmManagement/clientManager/gemini.go:192.2,196.31 2 1
objectweaver/llmManagement/clientManager/gemini.go:196.31,198.3 1 1
objectweaver/llmManagement/clientManager/gemini.go:200.2,200.18 1 1
objectweaver/llmManagement/clientManager/gemini.go:204.116,206.16 2 1
objectweaver/llmManagement/clientManager/gemini.go:206.16,208.3 1 0
objectweaver/llmManagement/clientManager/gemini.go:211.2,228.58 2 1
objectweaver/llmManagement/clientManager/gemini.go:228.58,230.3 1 0
objectweaver/llmManagement/clientManager/gemini.go:233.2,236.36 3 1
objectweaver/llmManagement/clientManager/gemini.go:236.36,240.48 2 1
objectweaver/llmManagement/clientManager/gemini.go:240.48,242.4 1 1
objectweaver/llmManagement/clientManager/gemini.go:245.3,245.33 1 1
objectweaver/llmManagement/clientManager/gemini.go:246.15,247.25 1 1
objectweaver/llmManagement/clientManager/gemini.go:248.21,249.27 1 1
objectweaver/llmManagement/clientManager/gemini.go:250.17,251.35 1 1
objectweaver/llmManagement/clientManager/gemini.go:252.11,253.25 1 1
objectweaver/llmManagement/clientManager/gemini.go:257.2,275.24 2 1
objectweaver/llmManagement/clientManager/local.go:30.23,38.2 1 1
objectweaver/llmManagement/clientManager/local.go:43.108,46.16 2 1
objectweaver/llmManagement/clientManager/local.go:46.16,48.3 1 1
objectweaver/llmManagement/clientManager/local.go:51.2,52.16 2 1
objectweaver/llmManagement/clientManager/local.go:52.16,54.3 1 0
objectweaver/llmManagement/clientManager/local.go:59.2,60.16 2 1
objectweaver/llmManagement/clientManager/local.go:60.16,62.3 1 1
objectweaver/llmManagement/clientManager/local.go:65.2,66.23 2 1
objectweaver/llmManagement/clientManager/local.go:66.23,68.3 1 1
objectweaver/llmManagement/clientManager/local.go:71.2,72.16 2 1
objectweaver/llmManagement/clientManager/local.go:72.16,74.3 1 1
objectweaver/llmManagement/clientManager/local.go:77.2,78.16 2 1
objectweaver/llmManagement/clientManager/local.go:78.16,80.3 1 1
objectweaver/llmManagement/clientManager/local.go:82.2,82.27 1 1
objectweaver/llmManagement/clientManager/openai.go:23.24,29.2 2 1
objectweaver/llmManagement/clientManager/openai.go:32.109,35.16 2 0
objectweaver/llmManagement/clientManager/openai.go:35.16,37.3 1 0
objectweaver/llmManagement/clientManager/openai.go:40.2,42.16 3 0
objectweaver/llmManagement/clientManager/openai.go:42.16,44.3 1 0
objectweaver/llmManagement/clientManager/openai.go:46.2,46.19 1 0
objectweaver/llmManagement/requestManagement/createOpenAiReq.go:18.24,19.11 1 1
objectweaver/llmManagement/requestManagement/createOpenAiReq.go:19.11,21.3 1 1
objectweaver/llmManagement/requestManagement/createOpenAiReq.go:22.2,22.10 1 1
objectweaver/llmManagement/requestManagement/createOpenAiReq.go:42.94,46.2 1 1
objectweaver/llmManagement/requestManagement/createOpenAiReq.go:52.115,72.33 9 1
objectweaver/llmManagement/requestManagement/createOpenAiReq.go:72.33,75.34 3 1
objectweaver/llmManagement/requestManagement/createOpenAiReq.go:75.34,77.20 2 1
objectweaver/llmManagement/requestManagement/createOpenAiReq.go:77.20,79.5 1 1
objectweaver/llmManagement/requestManagement/createOpenAiReq.go:81.8,83.3 1 1
objectweaver/llmManagement/requestManagement/createOpenAiReq.go:85.2,88.81 3 1
objectweaver/llmManagement/requestManagement/createOpenAiReq.go:88.81,90.36 2 1
objectweaver/llmManagement/requestManagement/createOpenAiReq.go:90.36,108.4 6 1
objectweaver/llmManagement/requestManagement/createOpenAiReq.go:109.8,116.3 2 1
objectweaver/llmManagement/requestManagement/createOpenAiReq.go:119.2,119.29 1 1
objectweaver/llmManagement/requestManagement/createOpenAiReq.go:119.29,127.15 2 1
objectweaver/llmManagement/requestManagement/createOpenAiReq.go:127.15,133.4 4 1
objectweaver/llmManagement/requestManagement/createOpenAiReq.go:133.10,141.4 0 1
objectweaver/llmManagement/requestManagement/createOpenAiReq.go:142.3,142.18 1 1
objectweaver/llmManagement/requestManagement/createOpenAiReq.go:146.2,153.14 3 1
objectweaver/llmManagement/requestManagement/createOpenAiReq.go:153.14,157.3 1 0
objectweaver/llmManagement/requestManagement/createOpenAiReq.go:157.8,162.3 3 1
objectweaver/llmManagement/requestManagement/createOpenAiReq.go:164.2,164.17 1 1
objectweaver/llmManagement/requestManagement/createOpenAiReq.go:171.64,174.2 2 1
objectweaver/llmManagement/requestManagement/createOpenAiReq.go:177.46,180.44 3 1
objectweaver/llmManagement/requestManagement/createOpenAiReq.go:180.44,183.3 2 1
objectweaver/llmManagement/requestManagement/createOpenAiReq.go:184.2,184.17 1 1
objectweaver/llmManagement/requestManagement/createOpenAiReq.go:188.62,199.2 2 1
objectweaver/llmManagement/requestManagement/createOpenAiReq.go:202.42,203.15 1 1
objectweaver/llmManagement/requestManagement/createOpenAiReq.go:204.28,205.14 1 1
objectweaver/llmManagement/requestManagement/createOpenAiReq.go:206.16,207.14 1 1
objectweaver/llmManagement/requestManagement/createOpenAiReq.go:208.28,209.14 1 1
objectweaver/llmManagement/requestManagement/createOpenAiReq.go:210.10,211.15 1 1
objectweaver/llmManagement/requestManagement/localConverter.go:32.43,34.2 1 1
objectweaver/llmManagement/requestManagement/localConverter.go:37.111,41.37 2 1
objectweaver/llmManagement/requestManagement/localConverter.go:41.37,43.3 1 1
objectweaver/llmManagement/requestManagement/localConverter.go:44.2,48.16 3 1
objectweaver/llmManagement/requestManagement/localConverter.go:48.16,50.3 1 0
objectweaver/llmManagement/requestManagement/localConverter.go:52.2,54.16 3 1
objectweaver/llmManagement/requestManagement/localConverter.go:54.16,56.3 1 1
objectweaver/llmManagement/requestManagement/localConverter.go:58.2,70.26 3 1
objectweaver/llmManagement/requestManagement/requestConverter.go:27.45,29.2 1 1
objectweaver/llmManagement/requestManagement/requestConverter.go:32.114,36.37 2 1
objectweaver/llmManagement/requestManagement/requestConverter.go:36.37,38.3 1 1
objectweaver/llmManagement/requestManagement/requestConverter.go:39.2,43.16 3 1
objectweaver/llmManagement/requestManagement/requestConverter.go:43.16,45.3 1 1
objectweaver/llmManagement/requestManagement/requestConverter.go:47.2,47.38 1 1
objectweaver/llmManagement/requestManagement/requestConverter.go:47.38,58.103 2 1
objectweaver/llmManagement/requestManagement/requestConverter.go:58.103,61.4 1 1
objectweaver/llmManagement/requestManagement/requestConverter.go:64.3,65.47 1 1
objectweaver/llmManagement/requestManagement/requestConverter.go:69.2,69.60 1 1
objectweaver/llmManagement/requestManagement/requestConverter.go:69.60,71.3 1 1
objectweaver/llmManagement/requestManagement/requestConverter.go:73.2,73.26 1 1
objectweaver/logger/setup.go:15.12,18.16 3 1
objectweaver/logger/setup.go:18.16,20.3 1 1
objectweaver/logger/setup.go:22.2,22.26 1 1
objectweaver/logger/setup.go:25.32,26.18 1 1
objectweaver/logger/setup.go:26.18,28.3 1 1
objectweaver/logger/setup.go:29.2,29.18 1 1
objectweaver/orchestration/extractor/extractInteger.go:17.52,19.2 1 1
objectweaver/orchestration/extractor/extractInteger.go:22.68,28.17 3 1
objectweaver/orchestration/extractor/extractInteger.go:28.17,30.3 1 1
objectweaver/orchestration/extractor/extractInteger.go:33.2,34.16 2 1
objectweaver/orchestration/extractor/extractInteger.go:34.16,36.3 1 1
objectweaver/orchestration/extractor/extractInteger.go:38.2,38.19 1 1
objectweaver/orchestration/extractor/extractor.go:13.38,15.2 1 1
objectweaver/orchestration/extractor/extractor.go:19.93,21.27 2 1
objectweaver/orchestration/extractor/extractor.go:21.27,22.47 1 1
objectweaver/orchestration/extractor/extractor.go:22.47,23.42 1 1
objectweaver/orchestration/extractor/extractor.go:23.42,25.5 1 1
objectweaver/orchestration/extractor/extractor.go:25.10,27.32 2 1
objectweaver/orchestration/extractor/extractor.go:27.32,28.14 1 1
objectweaver/orchestration/extractor/extractor.go:30.5,30.31 1 1
objectweaver/orchestration/extractor/extractor.go:34.2,34.35 1 1
objectweaver/orchestration/jobSubmitter/channel.go:13.175,27.32 3 1
objectweaver/orchestration/jobSubmitter/channel.go:27.32,30.3 2 1
objectweaver/orchestration/jobSubmitter/channel.go:32.2,33.52 2 1
objectweaver/orchestration/jobSubmitter/jobEntryPoint.go:12.46,14.2 1 1
objectweaver/orchestration/jobSubmitter/jobEntryPoint.go:23.176,25.16 1 1
objectweaver/orchestration/jobSubmitter/jobEntryPoint.go:25.16,29.3 1 1
objectweaver/orchestration/jobSubmitter/jobEntryPoint.go:29.8,33.3 1 1
objectweaver/orchestration/jobSubmitter/jobEntryPoint.go:35.2,49.32 4 1
objectweaver/orchestration/jobSubmitter/jobEntryPoint.go:49.32,52.3 2 1
objectweaver/orchestration/jobSubmitter/jobEntryPoint.go:54.2,57.16 3 1
objectweaver/orchestration/jobSubmitter/jobEntryPoint.go:57.16,60.3 2 0
objectweaver/orchestration/jobSubmitter/jobEntryPoint.go:62.2,64.29 2 1
objectweaver/orchestration/jos/domain/interfaces.go:53.72,61.2 1 1
objectweaver/orchestration/jos/domain/interfaces.go:63.76,72.2 1 1
objectweaver/orchestration/jos/domain/interfaces.go:74.69,74.89 1 1
objectweaver/orchestration/jos/domain/interfaces.go:75.69,75.97 1 1
objectweaver/orchestration/jos/domain/interfaces.go:76.69,76.95 1 1
objectweaver/orchestration/jos/domain/interfaces.go:77.69,77.98 1 1
objectweaver/orchestration/jos/domain/interfaces.go:79.77,81.2 1 1
objectweaver/orchestration/jos/domain/interfaces.go:83.73,85.38 2 1
objectweaver/orchestration/jos/domain/interfaces.go:85.38,87.3 1 1
objectweaver/orchestration/jos/domain/interfaces.go:88.2,88.15 1 1
objectweaver/orchestration/jos/domain/interfaces.go:91.66,93.31 2 1
objectweaver/orchestration/jos/domain/interfaces.go:93.31,95.3 1 1
objectweaver/orchestration/jos/domain/interfaces.go:96.2,96.15 1 1
objectweaver/orchestration/jos/domain/interfaces.go:113.40,118.2 1 1
objectweaver/orchestration/jos/domain/interfaces.go:120.50,122.2 1 1
objectweaver/orchestration/jos/domain/interfaces.go:124.46,125.24 1 1
objectweaver/orchestration/jos/domain/interfaces.go:125.24,127.3 1 1
objectweaver/orchestration/jos/domain/interfaces.go:128.2,128.11 1 1
objectweaver/orchestration/jos/domain/interfaces.go:208.50,216.2 1 1
objectweaver/orchestration/jos/domain/models.go:19.92,27.2 1 1
objectweaver/orchestration/jos/domain/models.go:30.63,30.82 1 0
objectweaver/orchestration/jos/domain/models.go:31.63,31.82 1 0
objectweaver/orchestration/jos/domain/models.go:32.63,32.83 1 0
objectweaver/orchestration/jos/domain/models.go:33.63,33.84 1 0
objectweaver/orchestration/jos/domain/models.go:34.63,34.87 1 0
objectweaver/orchestration/jos/domain/models.go:37.81,45.2 1 0
objectweaver/orchestration/jos/domain/models.go:47.92,58.2 3 0
objectweaver/orchestration/jos/domain/models.go:60.90,68.2 1 0
objectweaver/orchestration/jos/domain/models.go:70.67,72.31 2 0
objectweaver/orchestration/jos/domain/models.go:72.31,74.3 1 0
objectweaver/orchestration/jos/domain/models.go:75.2,75.20 1 0
objectweaver/orchestration/jos/domain/models.go:85.99,91.2 1 0
objectweaver/orchestration/jos/domain/models.go:93.64,99.2 1 0
objectweaver/orchestration/jos/domain/models.go:101.45,103.2 1 0
objectweaver/orchestration/jos/domain/models.go:105.58,107.2 1 0
objectweaver/orchestration/jos/domain/models.go:109.55,111.2 1 0
objectweaver/orchestration/jos/domain/models.go:113.45,115.2 1 0
objectweaver/orchestration/jos/domain/models.go:126.42,134.2 1 0
objectweaver/orchestration/jos/domain/models.go:136.48,138.2 1 0
objectweaver/orchestration/jos/domain/models.go:140.48,142.2 1 0
objectweaver/orchestration/jos/domain/models.go:144.48,146.2 1 0
objectweaver/orchestration/jos/domain/models.go:156.40,163.2 1 1
objectweaver/orchestration/jos/domain/models.go:176.96,178.19 2 1
objectweaver/orchestration/jos/domain/models.go:178.19,180.3 1 0
objectweaver/orchestration/jos/domain/models.go:182.2,190.3 1 1
objectweaver/orchestration/jos/domain/models.go:193.57,193.72 1 0
objectweaver/orchestration/jos/domain/models.go:194.57,194.73 1 0
objectweaver/orchestration/jos/domain/models.go:195.57,195.80 1 0
objectweaver/orchestration/jos/domain/models.go:196.57,196.76 1 0
objectweaver/orchestration/jos/domain/models.go:197.57,197.82 1 0
objectweaver/orchestration/jos/domain/models.go:198.57,198.74 1 0
objectweaver/orchestration/jos/domain/models.go:199.57,199.78 1 0
objectweaver/orchestration/jos/domain/models.go:200.57,200.91 1 0
objectweaver/orchestration/jos/domain/models.go:202.59,209.2 5 0
objectweaver/orchestration/jos/domain/models.go:211.59,215.2 3 0
objectweaver/orchestration/jos/domain/models.go:217.55,220.25 2 1
objectweaver/orchestration/jos/domain/models.go:220.25,222.3 1 1
objectweaver/orchestration/jos/domain/models.go:223.2,223.11 1 1
objectweaver/orchestration/jos/domain/models.go:236.97,244.2 1 0
objectweaver/orchestration/jos/domain/models.go:246.72,252.2 1 0
objectweaver/orchestration/jos/domain/models.go:254.49,254.68 1 0
objectweaver/orchestration/jos/domain/models.go:255.49,255.65 1 0
objectweaver/orchestration/jos/domain/models.go:256.49,256.67 1 0
objectweaver/orchestration/jos/domain/models.go:257.49,257.70 1 0
objectweaver/orchestration/jos/domain/models.go:258.49,258.66 1 0
objectweaver/orchestration/jos/domain/models.go:259.49,259.65 1 0
objectweaver/orchestration/jos/domain/models.go:260.49,260.72 1 0
objectweaver/orchestration/jos/domain/models.go:262.58,266.2 3 0
objectweaver/orchestration/jos/domain/streaming.go:29.65,36.2 1 1
objectweaver/orchestration/jos/domain/streaming.go:38.85,41.2 2 1
objectweaver/orchestration/jos/domain/streaming.go:43.67,46.2 2 1
objectweaver/orchestration/jos/domain/streaming.go:48.48,51.2 2 1
objectweaver/orchestration/jos/domain/streaming.go:63.63,70.2 1 1
objectweaver/orchestration/jos/domain/streaming.go:72.54,74.2 1 1
objectweaver/orchestration/jos/domain/streaming.go:76.43,78.2 1 1
objectweaver/orchestration/jos/domain/streaming.go:99.71,106.2 1 1
objectweaver/orchestration/jos/domain/streaming.go:108.50,111.2 2 1
objectweaver/orchestration/jos/domain/streaming.go:113.51,115.2 1 1
objectweaver/orchestration/jos/domain/streaming.go:117.47,119.2 1 1
objectweaver/orchestration/jos/domain/streaming.go:121.44,123.2 1 1
objectweaver/orchestration/jos/domain/streaming.go:125.42,127.2 1 1
objectweaver/orchestration/jos/domain/streaming.go:129.45,131.2 1 1
objectweaver/orchestration/jos/domain/streaming.go:133.47,135.2 1 1
objectweaver/orchestration/jos/domain/streaming.go:145.46,150.2 1 1
objectweaver/orchestration/jos/application/default_generator.go:24.21,32.2 1 1
objectweaver/orchestration/jos/application/default_generator.go:35.106,38.16 2 1
objectweaver/orchestration/jos/application/default_generator.go:38.16,40.3 1 1
objectweaver/orchestration/jos/application/default_generator.go:43.2,43.88 1 1
objectweaver/orchestration/jos/application/default_generator.go:43.88,45.3 1 1
objectweaver/orchestration/jos/application/default_generator.go:48.2,49.16 2 1
objectweaver/orchestration/jos/application/default_generator.go:49.16,51.3 1 1
objectweaver/orchestration/jos/application/default_generator.go:54.2,55.16 2 1
objectweaver/orchestration/jos/application/default_generator.go:55.16,57.3 1 1
objectweaver/orchestration/jos/application/default_generator.go:59.2,60.16 2 1
objectweaver/orchestration/jos/application/default_generator.go:60.16,62.3 1 1
objectweaver/orchestration/jos/application/default_generator.go:65.2,67.16 3 1
objectweaver/orchestration/jos/application/default_generator.go:67.16,69.3 1 1
objectweaver/orchestration/jos/application/default_generator.go:72.2,73.16 2 1
objectweaver/orchestration/jos/application/default_generator.go:73.16,75.3 1 1
objectweaver/orchestration/jos/application/default_generator.go:78.2,79.16 2 1
objectweaver/orchestration/jos/application/default_generator.go:79.16,81.3 1 1
objectweaver/orchestration/jos/application/default_generator.go:84.2,84.94 1 1
objectweaver/orchestration/jos/application/default_generator.go:84.94,86.3 1 1
objectweaver/orchestration/jos/application/default_generator.go:89.2,91.29 2 1
objectweaver/orchestration/jos/application/default_generator.go:95.114,97.2 1 1
objectweaver/orchestration/jos/application/default_generator.go:100.136,102.2 1 1
objectweaver/orchestration/jos/application/default_generator.go:105.65,107.2 1 1
objectweaver/orchestration/jos/application/default_generator.go:109.65,112.2 1 1
objectweaver/orchestration/jos/application/plugin_registry.go:18.42,24.2 1 1
objectweaver/orchestration/jos/application/plugin_registry.go:26.57,27.28 1 1
objectweaver/orchestration/jos/application/plugin_registry.go:28.33,29.47 1 1
objectweaver/orchestration/jos/application/plugin_registry.go:30.34,31.49 1 1
objectweaver/orchestration/jos/application/plugin_registry.go:32.31,33.41 1 1
objectweaver/orchestration/jos/application/plugin_registry.go:34.26,35.14 1 1
objectweaver/orchestration/jos/application/plugin_registry.go:36.34,37.22 1 1
objectweaver/orchestration/jos/application/plugin_registry.go:41.111,43.44 2 1
objectweaver/orchestration/jos/application/plugin_registry.go:43.44,46.17 3 1
objectweaver/orchestration/jos/application/plugin_registry.go:46.17,48.4 1 1
objectweaver/orchestration/jos/application/plugin_registry.go:50.2,50.20 1 1
objectweaver/orchestration/jos/application/plugin_registry.go:53.110,55.45 2 1
objectweaver/orchestration/jos/application/plugin_registry.go:55.45,58.17 3 1
objectweaver/orchestration/jos/application/plugin_registry.go:58.17,60.4 1 1
objectweaver/orchestration/jos/application/plugin_registry.go:62.2,62.20 1 1
objectweaver/orchestration/jos/application/plugin_registry.go:65.109,66.41 1 1
objectweaver/orchestration/jos/application/plugin_registry.go:66.41,68.17 2 1
objectweaver/orchestration/jos/application/plugin_registry.go:68.17,70.4 1 1
objectweaver/orchestration/jos/application/plugin_registry.go:71.3,71.22 1 1
objectweaver/orchestration/jos/application/plugin_registry.go:71.22,74.4 1 0
objectweaver/orchestration/jos/application/plugin_registry.go:76.2,76.12 1 1
objectweaver/orchestration/jos/application/plugin_registry.go:79.84,80.20 1 1
objectweaver/orchestration/jos/application/plugin_registry.go:80.20,82.3 1 1
objectweaver/orchestration/jos/application/plugin_registry.go:83.2,83.19 1 1
objectweaver/orchestration/jos/application/plugin_registry.go:86.83,87.20 1 1
objectweaver/orchestration/jos/application/plugin_registry.go:87.20,89.3 1 1
objectweaver/orchestration/jos/application/progressive_generator.go:21.25,29.2 1 1
objectweaver/orchestration/jos/application/progressive_generator.go:32.110,34.16 2 1
objectweaver/orchestration/jos/application/progressive_generator.go:34.16,36.3 1 0
objectweaver/orchestration/jos/application/progressive_generator.go:39.2,40.28 2 1
objectweaver/orchestration/jos/application/progressive_generator.go:40.28,41.20 1 1
objectweaver/orchestration/jos/application/progressive_generator.go:41.20,43.4 1 1
objectweaver/orchestration/jos/application/progressive_generator.go:46.2,46.23 1 1
objectweaver/orchestration/jos/application/progressive_generator.go:46.23,48.3 1 1
objectweaver/orchestration/jos/application/progressive_generator.go:50.2,50.91 1 1
objectweaver/orchestration/jos/application/progressive_generator.go:54.118,56.16 2 1
objectweaver/orchestration/jos/application/progressive_generator.go:56.16,58.3 1 0
objectweaver/orchestration/jos/application/progressive_generator.go:61.2,62.12 2 1
objectweaver/orchestration/jos/application/progressive_generator.go:62.12,64.40 2 1
objectweaver/orchestration/jos/application/progressive_generator.go:64.40,65.29 1 1
objectweaver/orchestration/jos/application/progressive_generator.go:65.29,67.5 1 1
objectweaver/orchestration/jos/application/progressive_generator.go:71.2,71.17 1 1
objectweaver/orchestration/jos/application/progressive_generator.go:75.140,78.12 2 1
objectweaver/orchestration/jos/application/progressive_generator.go:78.12,83.17 3 1
objectweaver/orchestration/jos/application/progressive_generator.go:83.17,85.4 1 1
objectweaver/orchestration/jos/application/progressive_generator.go:88.3,89.17 2 1
objectweaver/orchestration/jos/application/progressive_generator.go:89.17,91.4 1 1
objectweaver/orchestration/jos/application/progressive_generator.go:94.3,95.17 2 1
objectweaver/orchestration/jos/application/progressive_generator.go:95.17,97.4 1 1
objectweaver/orchestration/jos/application/progressive_generator.go:99.3,100.17 2 1
objectweaver/orchestration/jos/application/progressive_generator.go:100.17,102.4 1 1
objectweaver/orchestration/jos/application/progressive_generator.go:106.3,111.13 3 1
objectweaver/orchestration/jos/application/progressive_generator.go:111.13,119.35 3 1
objectweaver/orchestration/jos/application/progressive_generator.go:119.35,121.27 1 1
objectweaver/orchestration/jos/application/progressive_generator.go:121.27,123.6 1 1
objectweaver/orchestration/jos/application/progressive_generator.go:128.3,129.17 2 1
objectweaver/orchestration/jos/application/progressive_generator.go:129.17,131.4 1 0
objectweaver/orchestration/jos/application/progressive_generator.go:134.3,134.29 1 1
objectweaver/orchestration/jos/application/progressive_generator.go:134.29,136.4 1 1
objectweaver/orchestration/jos/application/progressive_generator.go:139.2,139.17 1 1
objectweaver/orchestration/jos/application/progressive_generator.go:143.69,145.2 1 1
objectweaver/orchestration/jos/application/streaming_generator.go:22.23,30.2 1 1
objectweaver/orchestration/jos/application/streaming_generator.go:33.108,35.16 2 1
objectweaver/orchestration/jos/application/streaming_generator.go:35.16,37.3 1 0
objectweaver/orchestration/jos/application/streaming_generator.go:40.2,43.28 3 1
objectweaver/orchestration/jos/application/streaming_generator.go:43.28,44.21 1 1
objectweaver/orchestration/jos/application/streaming_generator.go:44.21,46.4 1 1
objectweaver/orchestration/jos/application/streaming_generator.go:49.2,49.61 1 1
objectweaver/orchestration/jos/application/streaming_generator.go:53.116,56.12 2 1
objectweaver/orchestration/jos/application/streaming_generator.go:56.12,61.17 3 1
objectweaver/orchestration/jos/application/streaming_generator.go:61.17,63.4 1 1
objectweaver/orchestration/jos/application/streaming_generator.go:66.3,67.17 2 1
objectweaver/orchestration/jos/application/streaming_generator.go:67.17,69.4 1 1
objectweaver/orchestration/jos/application/streaming_generator.go:72.3,73.17 2 1
objectweaver/orchestration/jos/application/streaming_generator.go:73.17,75.4 1 1
objectweaver/orchestration/jos/application/streaming_generator.go:77.3,78.17 2 1
objectweaver/orchestration/jos/application/streaming_generator.go:78.17,80.4 1 1
objectweaver/orchestration/jos/application/streaming_generator.go:83.3,85.17 3 1
objectweaver/orchestration/jos/application/streaming_generator.go:85.17,87.4 1 0
objectweaver/orchestration/jos/application/streaming_generator.go:90.3,91.13 2 1
objectweaver/orchestration/jos/application/streaming_generator.go:91.13,92.35 1 1
objectweaver/orchestration/jos/application/streaming_generator.go:92.35,94.5 1 1
objectweaver/orchestration/jos/application/streaming_generator.go:95.4,95.21 1 1
objectweaver/orchestration/jos/application/streaming_generator.go:98.3,99.17 2 1
objectweaver/orchestration/jos/application/streaming_generator.go:99.17,101.4 1 0
objectweaver/orchestration/jos/application/streaming_generator.go:104.3,104.29 1 1
objectweaver/orchestration/jos/application/streaming_generator.go:104.29,106.4 1 1
objectweaver/orchestration/jos/application/streaming_generator.go:109.2,109.17 1 1
objectweaver/orchestration/jos/application/streaming_generator.go:113.138,115.2 1 1
objectweaver/orchestration/jos/application/streaming_generator.go:118.67,120.2 1 1
objectweaver/orchestration/jos/factory/config.go:31.48,42.2 1 1
objectweaver/orchestration/jos/factory/config.go:44.74,48.2 3 1
objectweaver/orchestration/jos/factory/config.go:50.69,54.2 3 0
objectweaver/orchestration/jos/factory/config.go:56.68,60.2 3 0
objectweaver/orchestration/jos/factory/config.go:62.77,66.2 3 0
objectweaver/orchestration/jos/factory/config.go:68.98,72.2 3 0
objectweaver/orchestration/jos/factory/generator_factory.go:18.69,19.19 1 1
objectweaver/orchestration/jos/factory/generator_factory.go:19.19,21.3 1 1
objectweaver/orchestration/jos/factory/generator_factory.go:22.2,22.42 1 1
objectweaver/orchestration/jos/factory/generator_factory.go:26.63,36.23 6 1
objectweaver/orchestration/jos/factory/generator_factory.go:37.32,38.121 1 1
objectweaver/orchestration/jos/factory/generator_factory.go:39.44,40.117 1 1
objectweaver/orchestration/jos/factory/generator_factory.go:41.10,42.87 1 1
objectweaver/orchestration/jos/factory/generator_factory.go:46.2,46.53 1 1
objectweaver/orchestration/jos/factory/generator_factory.go:46.53,48.3 1 1
objectweaver/orchestration/jos/factory/generator_factory.go:50.2,50.23 1 1
objectweaver/orchestration/jos/factory/generator_factory.go:53.67,55.2 1 1
objectweaver/orchestration/jos/factory/generator_factory.go:57.65,65.2 4 1
objectweaver/orchestration/jos/factory/generator_factory.go:67.140,71.47 2 1
objectweaver/orchestration/jos/factory/generator_factory.go:71.47,72.75 1 1
objectweaver/orchestration/jos/factory/generator_factory.go:72.75,76.4 3 0
objectweaver/orchestration/jos/factory/generator_factory.go:77.8,87.3 7 1
objectweaver/orchestration/jos/factory/generator_factory.go:89.2,89.19 1 1
objectweaver/orchestration/jos/factory/generator_factory.go:92.69,93.23 1 1
objectweaver/orchestration/jos/factory/generator_factory.go:94.32,95.53 1 1
objectweaver/orchestration/jos/factory/generator_factory.go:96.21,97.42 1 1
objectweaver/orchestration/jos/factory/generator_factory.go:98.29,99.50 1 1
objectweaver/orchestration/jos/factory/generator_factory.go:100.10,101.40 1 1
objectweaver/orchestration/jos/factory/generator_factory.go:105.70,106.23 1 1
objectweaver/orchestration/jos/factory/generator_factory.go:107.16,108.43 1 1
objectweaver/orchestration/jos/factory/generator_factory.go:109.84,110.64 1 1
objectweaver/orchestration/jos/factory/generator_factory.go:111.27,112.71 1 0
objectweaver/orchestration/jos/factory/generator_factory.go:113.10,114.43 1 0
objectweaver/orchestration/jos/factory/generator_factory.go:118.67,119.30 1 1
objectweaver/orchestration/jos/factory/generator_factory.go:120.16,122.33 1 1
objectweaver/orchestration/jos/factory/generator_factory.go:123.10,124.33 1 0
objectweaver/orchestration/jos/factory/generator_factory.go:128.71,130.2 1 1
objectweaver/orchestration/jos/factory/generator_factory.go:132.69,133.26 1 1
objectweaver/orchestration/jos/factory/generator_factory.go:133.27,136.3 0 0
objectweaver/orchestration/jos/factory/generator_factory.go:138.2,138.31 1 1
objectweaver/orchestration/jos/factory/generator_factory.go:138.32,141.3 0 1
objectweaver/orchestration/jos/factory/generator_factory.go:143.2,143.34 1 1
objectweaver/orchestration/jos/factory/generator_factory.go:143.35,146.3 0 0
objectweaver/orchestration/jos/factory/generator_factory.go:148.2,148.42 1 1
objectweaver/orchestration/jos/factory/generator_factory.go:148.42,150.3 1 0
objectweaver/orchestration/jos/infrastructure/analysis/schema_analyzer.go:13.56,15.2 1 1
objectweaver/orchestration/jos/infrastructure/analysis/schema_analyzer.go:18.104,19.19 1 0
objectweaver/orchestration/jos/infrastructure/analysis/schema_analyzer.go:19.19,21.3 1 0
objectweaver/orchestration/jos/infrastructure/analysis/schema_analyzer.go:23.2,24.16 2 0
objectweaver/orchestration/jos/infrastructure/analysis/schema_analyzer.go:24.16,26.3 1 0
objectweaver/orchestration/jos/infrastructure/analysis/schema_analyzer.go:28.2,33.8 1 0
objectweaver/orchestration/jos/infrastructure/analysis/schema_analyzer.go:37.113,38.47 1 0
objectweaver/orchestration/jos/infrastructure/analysis/schema_analyzer.go:38.47,40.3 1 0
objectweaver/orchestration/jos/infrastructure/analysis/schema_analyzer.go:42.2,44.47 2 0
objectweaver/orchestration/jos/infrastructure/analysis/schema_analyzer.go:44.47,52.3 2 0
objectweaver/orchestration/jos/infrastructure/analysis/schema_analyzer.go:54.2,54.20 1 0
objectweaver/orchestration/jos/infrastructure/analysis/schema_analyzer.go:77.121,82.31 3 1
objectweaver/orchestration/jos/infrastructure/analysis/schema_analyzer.go:82.31,84.3 1 1
objectweaver/orchestration/jos/infrastructure/analysis/schema_analyzer.go:87.2,87.31 1 1
objectweaver/orchestration/jos/infrastructure/analysis/schema_analyzer.go:87.31,92.48 2 1
objectweaver/orchestration/jos/infrastructure/analysis/schema_analyzer.go:92.48,93.60 1 1
objectweaver/orchestration/jos/infrastructure/analysis/schema_analyzer.go:93.60,96.46 1 1
objectweaver/orchestration/jos/infrastructure/analysis/schema_analyzer.go:96.46,98.6 1 1
objectweaver/orchestration/jos/infrastructure/analysis/schema_analyzer.go:102.3,102.30 1 1
objectweaver/orchestration/jos/infrastructure/analysis/schema_analyzer.go:105.2,105.19 1 1
objectweaver/orchestration/jos/infrastructure/analysis/schema_analyzer.go:108.89,110.31 2 0
objectweaver/orchestration/jos/infrastructure/analysis/schema_analyzer.go:110.31,111.87 1 0
objectweaver/orchestration/jos/infrastructure/analysis/schema_analyzer.go:111.87,113.24 2 0
objectweaver/orchestration/jos/infrastructure/analysis/schema_analyzer.go:113.24,115.5 1 0
objectweaver/orchestration/jos/infrastructure/analysis/schema_analyzer.go:118.2,118.17 1 0
objectweaver/orchestration/jos/infrastructure/analysis/schema_analyzer.go:121.107,122.27 1 0
objectweaver/orchestration/jos/infrastructure/analysis/schema_analyzer.go:122.27,124.3 1 0
objectweaver/orchestration/jos/infrastructure/analysis/schema_analyzer.go:126.2,127.39 2 0
objectweaver/orchestration/jos/infrastructure/analysis/schema_analyzer.go:127.39,128.38 1 0
objectweaver/orchestration/jos/infrastructure/analysis/schema_analyzer.go:128.38,130.24 2 0
objectweaver/orchestration/jos/infrastructure/analysis/schema_analyzer.go:130.24,132.5 1 0
objectweaver/orchestration/jos/infrastructure/analysis/schema_analyzer.go:135.2,135.17 1 0
objectweaver/orchestration/jos/infrastructure/analysis/schema_analyzer.go:138.89,139.31 1 0
objectweaver/orchestration/jos/infrastructure/analysis/schema_analyzer.go:139.31,140.49 1 0
objectweaver/orchestration/jos/infrastructure/analysis/schema_analyzer.go:140.49,142.4 1 0
objectweaver/orchestration/jos/infrastructure/analysis/schema_analyzer.go:144.2,144.14 1 0
objectweaver/orchestration/jos/infrastructure/analysis/schema_analyzer.go:147.92,151.2 1 0
objectweaver/orchestration/jos/infrastructure/prompt/prompt_builder.go:16.54,20.2 1 1
objectweaver/orchestration/jos/infrastructure/prompt/prompt_builder.go:22.109,26.31 2 1
objectweaver/orchestration/jos/infrastructure/prompt/prompt_builder.go:26.31,28.3 1 1
objectweaver/orchestration/jos/infrastructure/prompt/prompt_builder.go:31.2,32.22 2 1
objectweaver/orchestration/jos/infrastructure/prompt/prompt_builder.go:32.22,34.3 1 1
objectweaver/orchestration/jos/infrastructure/prompt/prompt_builder.go:37.2,38.30 2 1
objectweaver/orchestration/jos/infrastructure/prompt/prompt_builder.go:38.30,40.3 1 1
objectweaver/orchestration/jos/infrastructure/prompt/prompt_builder.go:43.2,43.28 1 1
objectweaver/orchestration/jos/infrastructure/prompt/prompt_builder.go:43.28,45.3 1 1
objectweaver/orchestration/jos/infrastructure/prompt/prompt_builder.go:48.2,72.8 1 1
objectweaver/orchestration/jos/infrastructure/prompt/prompt_builder.go:79.19,83.2 1 1
objectweaver/orchestration/jos/infrastructure/prompt/prompt_builder.go:89.19,91.34 2 1
objectweaver/orchestration/jos/infrastructure/prompt/prompt_builder.go:91.34,93.3 1 1
objectweaver/orchestration/jos/infrastructure/prompt/prompt_builder.go:95.2,96.16 2 1
objectweaver/orchestration/jos/infrastructure/prompt/prompt_builder.go:96.16,98.3 1 0
objectweaver/orchestration/jos/infrastructure/prompt/prompt_builder.go:100.2,113.8 1 1
objectweaver/orchestration/jos/infrastructure/llm/openai_provider.go:25.42,27.18 2 1
objectweaver/orchestration/jos/infrastructure/llm/openai_provider.go:27.18,29.3 1 1
objectweaver/orchestration/jos/infrastructure/llm/openai_provider.go:32.2,41.3 2 1
objectweaver/orchestration/jos/infrastructure/llm/openai_provider.go:45.42,48.18 2 1
objectweaver/orchestration/jos/infrastructure/llm/openai_provider.go:49.16,50.28 1 1
objectweaver/orchestration/jos/infrastructure/llm/openai_provider.go:51.16,52.23 1 1
objectweaver/orchestration/jos/infrastructure/llm/openai_provider.go:53.15,55.23 1 1
objectweaver/orchestration/jos/infrastructure/llm/openai_provider.go:56.10,58.37 1 1
objectweaver/orchestration/jos/infrastructure/llm/openai_provider.go:58.37,60.4 1 0
objectweaver/orchestration/jos/infrastructure/llm/openai_provider.go:62.3,62.74 1 1
objectweaver/orchestration/jos/infrastructure/llm/openai_provider.go:62.74,64.4 1 1
objectweaver/orchestration/jos/infrastructure/llm/openai_provider.go:66.3,66.23 1 1
objectweaver/orchestration/jos/infrastructure/llm/openai_provider.go:70.125,73.17 2 1
objectweaver/orchestration/jos/infrastructure/llm/openai_provider.go:73.17,75.3 1 1
objectweaver/orchestration/jos/infrastructure/llm/openai_provider.go:78.2,82.16 3 1
objectweaver/orchestration/jos/infrastructure/llm/openai_provider.go:82.16,85.3 2 0
objectweaver/orchestration/jos/infrastructure/llm/openai_provider.go:87.2,98.32 4 1
objectweaver/orchestration/jos/infrastructure/llm/openai_provider.go:101.51,103.2 1 1
objectweaver/orchestration/jos/infrastructure/llm/openai_provider.go:105.45,107.2 1 1
objectweaver/orchestration/jos/infrastructure/llm/openai_provider.go:109.61,113.2 1 1
objectweaver/orchestration/jos/infrastructure/llm/openai_provider.go:120.60,124.2 1 1
objectweaver/orchestration/jos/infrastructure/llm/openai_provider.go:126.121,131.12 2 1
objectweaver/orchestration/jos/infrastructure/llm/openai_provider.go:131.12,136.17 3 1
objectweaver/orchestration/jos/infrastructure/llm/openai_provider.go:136.17,138.4 1 0
objectweaver/orchestration/jos/infrastructure/llm/openai_provider.go:141.3,141.18 1 1
objectweaver/orchestration/jos/infrastructure/llm/openai_provider.go:144.2,144.17 1 1
objectweaver/orchestration/jos/infrastructure/llm/openai_provider.go:147.138,150.12 2 1
objectweaver/orchestration/jos/infrastructure/llm/openai_provider.go:150.12,155.17 3 1
objectweaver/orchestration/jos/infrastructure/llm/openai_provider.go:155.17,157.4 1 0
objectweaver/orchestration/jos/infrastructure/llm/openai_provider.go:160.3,160.33 1 1
objectweaver/orchestration/jos/infrastructure/llm/openai_provider.go:160.33,163.29 1 1
objectweaver/orchestration/jos/infrastructure/llm/openai_provider.go:163.29,166.5 2 1
objectweaver/orchestration/jos/infrastructure/llm/openai_provider.go:170.3,172.20 3 1
objectweaver/orchestration/jos/infrastructure/llm/openai_provider.go:175.2,175.17 1 1
objectweaver/orchestration/jos/infrastructure/llm/openai_provider.go:178.65,180.2 1 1
objectweaver/orchestration/jos/infrastructure/llm/openai_provider.go:182.60,184.2 1 1
objectweaver/orchestration/jos/infrastructure/llm/openai_provider.go:191.122,209.16 8 0
objectweaver/orchestration/jos/infrastructure/llm/openai_provider.go:209.16,212.3 2 0
objectweaver/orchestration/jos/infrastructure/llm/openai_provider.go:213.2,217.16 3 0
objectweaver/orchestration/jos/infrastructure/llm/openai_provider.go:217.16,220.3 2 0
objectweaver/orchestration/jos/infrastructure/llm/openai_provider.go:222.2,232.34 3 0
objectweaver/orchestration/jos/infrastructure/llm/openai_provider.go:236.122,248.16 8 0
objectweaver/orchestration/jos/infrastructure/llm/openai_provider.go:248.16,251.3 2 0
objectweaver/orchestration/jos/infrastructure/llm/openai_provider.go:253.2,263.34 3 0
objectweaver/orchestration/jos/infrastructure/llm/openai_provider.go:267.127,289.16 9 0
objectweaver/orchestration/jos/infrastructure/llm/openai_provider.go:289.16,292.3 2 0
objectweaver/orchestration/jos/infrastructure/llm/openai_provider.go:294.2,304.37 3 0
objectweaver/orchestration/jos/infrastructure/llm/openai_provider.go:309.56,311.2 1 1
objectweaver/orchestration/jos/infrastructure/assembly/complete.go:14.66,18.2 1 1
objectweaver/orchestration/jos/infrastructure/assembly/complete.go:20.111,24.2 2 1
objectweaver/orchestration/jos/infrastructure/assembly/complete.go:26.127,29.12 2 1
objectweaver/orchestration/jos/infrastructure/assembly/complete.go:29.12,35.31 4 1
objectweaver/orchestration/jos/infrastructure/assembly/complete.go:35.31,36.26 1 1
objectweaver/orchestration/jos/infrastructure/assembly/complete.go:36.26,53.24 10 1
objectweaver/orchestration/jos/infrastructure/assembly/complete.go:53.24,55.6 1 0
objectweaver/orchestration/jos/infrastructure/assembly/complete.go:57.5,57.17 1 1
objectweaver/orchestration/jos/infrastructure/assembly/complete.go:62.3,70.20 8 1
objectweaver/orchestration/jos/infrastructure/assembly/complete.go:73.2,73.17 1 1
objectweaver/orchestration/jos/infrastructure/assembly/complete.go:76.115,77.20 1 1
objectweaver/orchestration/jos/infrastructure/assembly/complete.go:77.20,79.3 1 1
objectweaver/orchestration/jos/infrastructure/assembly/complete.go:81.2,81.20 1 1
objectweaver/orchestration/jos/infrastructure/assembly/complete.go:81.20,84.3 2 1
objectweaver/orchestration/jos/infrastructure/assembly/complete.go:86.2,87.35 2 1
objectweaver/orchestration/jos/infrastructure/assembly/complete.go:87.35,89.41 2 1
objectweaver/orchestration/jos/infrastructure/assembly/complete.go:89.41,91.4 1 1
objectweaver/orchestration/jos/infrastructure/assembly/complete.go:92.3,92.63 1 1
objectweaver/orchestration/jos/infrastructure/assembly/complete.go:92.63,94.4 1 1
objectweaver/orchestration/jos/infrastructure/assembly/complete.go:97.2,97.36 1 1
objectweaver/orchestration/jos/infrastructure/assembly/complete.go:100.98,102.24 2 1
objectweaver/orchestration/jos/infrastructure/assembly/complete.go:102.24,103.26 1 1
objectweaver/orchestration/jos/infrastructure/assembly/complete.go:104.31,105.28 1 1
objectweaver/orchestration/jos/infrastructure/assembly/complete.go:106.22,107.33 1 1
objectweaver/orchestration/jos/infrastructure/assembly/complete.go:108.11,109.16 1 1
objectweaver/orchestration/jos/infrastructure/assembly/complete.go:112.2,112.12 1 1
objectweaver/orchestration/jos/infrastructure/assembly/complete.go:115.85,117.24 2 1
objectweaver/orchestration/jos/infrastructure/assembly/complete.go:117.24,118.26 1 1
objectweaver/orchestration/jos/infrastructure/assembly/complete.go:119.31,120.28 1 1
objectweaver/orchestration/jos/infrastructure/assembly/complete.go:121.22,122.33 1 1
objectweaver/orchestration/jos/infrastructure/assembly/complete.go:123.11,124.16 1 1
objectweaver/orchestration/jos/infrastructure/assembly/complete.go:127.2,127.12 1 1
objectweaver/orchestration/jos/infrastructure/assembly/default.go:12.46,14.2 1 1
objectweaver/orchestration/jos/infrastructure/assembly/default.go:16.101,22.17 4 1
objectweaver/orchestration/jos/infrastructure/assembly/default.go:22.17,24.3 1 0
objectweaver/orchestration/jos/infrastructure/assembly/default.go:26.2,26.33 1 1
objectweaver/orchestration/jos/infrastructure/assembly/default.go:26.33,27.25 1 1
objectweaver/orchestration/jos/infrastructure/assembly/default.go:27.25,32.19 4 1
objectweaver/orchestration/jos/infrastructure/assembly/default.go:32.19,35.5 1 0
objectweaver/orchestration/jos/infrastructure/assembly/default.go:37.4,40.34 4 1
objectweaver/orchestration/jos/infrastructure/assembly/default.go:41.9,42.19 1 1
objectweaver/orchestration/jos/infrastructure/assembly/default.go:42.19,44.5 1 0
objectweaver/orchestration/jos/infrastructure/assembly/default.go:48.2,48.17 1 1
objectweaver/orchestration/jos/infrastructure/assembly/default.go:48.17,52.3 2 0
objectweaver/orchestration/jos/infrastructure/assembly/default.go:54.2,54.56 1 1
objectweaver/orchestration/jos/infrastructure/assembly/default.go:57.105,58.20 1 1
objectweaver/orchestration/jos/infrastructure/assembly/default.go:58.20,60.3 1 1
objectweaver/orchestration/jos/infrastructure/assembly/default.go:62.2,62.20 1 1
objectweaver/orchestration/jos/infrastructure/assembly/default.go:62.20,65.3 2 1
objectweaver/orchestration/jos/infrastructure/assembly/default.go:67.2,68.35 2 1
objectweaver/orchestration/jos/infrastructure/assembly/default.go:68.35,70.41 2 1
objectweaver/orchestration/jos/infrastructure/assembly/default.go:70.41,72.4 1 1
objectweaver/orchestration/jos/infrastructure/assembly/default.go:73.3,73.63 1 1
objectweaver/orchestration/jos/infrastructure/assembly/default.go:73.63,75.4 1 1
objectweaver/orchestration/jos/infrastructure/assembly/default.go:78.2,78.36 1 1
objectweaver/orchestration/jos/infrastructure/assembly/progressive.go:17.84,23.2 1 1
objectweaver/orchestration/jos/infrastructure/assembly/progressive.go:25.111,29.2 2 1
objectweaver/orchestration/jos/infrastructure/assembly/progressive.go:31.150,34.12 2 1
objectweaver/orchestration/jos/infrastructure/assembly/progressive.go:34.12,42.7 5 1
objectweaver/orchestration/jos/infrastructure/assembly/progressive.go:42.7,43.11 1 1
objectweaver/orchestration/jos/infrastructure/assembly/progressive.go:44.36,45.12 1 1
objectweaver/orchestration/jos/infrastructure/assembly/progressive.go:45.12,49.6 2 1
objectweaver/orchestration/jos/infrastructure/assembly/progressive.go:52.5,55.65 2 1
objectweaver/orchestration/jos/infrastructure/assembly/progressive.go:55.65,58.6 2 1
objectweaver/orchestration/jos/infrastructure/assembly/progressive.go:60.20,63.26 2 0
objectweaver/orchestration/jos/infrastructure/assembly/progressive.go:68.2,68.17 1 1
objectweaver/orchestration/jos/infrastructure/assembly/progressive.go:71.93,79.13 5 1
objectweaver/orchestration/jos/infrastructure/assembly/progressive.go:79.13,82.3 2 1
objectweaver/orchestration/jos/infrastructure/assembly/progressive.go:85.2,87.20 2 1
objectweaver/orchestration/jos/infrastructure/assembly/progressive.go:87.20,91.3 2 1
objectweaver/orchestration/jos/infrastructure/assembly/progressive.go:91.8,94.3 1 1
objectweaver/orchestration/jos/infrastructure/assembly/progressive.go:101.3,116.2 5 1
objectweaver/orchestration/jos/infrastructure/assembly/progressive.go:118.66,119.35 1 1
objectweaver/orchestration/jos/infrastructure/assembly/progressive.go:119.35,121.3 1 1
objectweaver/orchestration/jos/infrastructure/assembly/progressive.go:123.2,124.41 2 1
objectweaver/orchestration/jos/infrastructure/assembly/progressive.go:124.41,125.22 1 1
objectweaver/orchestration/jos/infrastructure/assembly/progressive.go:125.22,127.4 1 1
objectweaver/orchestration/jos/infrastructure/assembly/progressive.go:130.2,130.63 1 1
objectweaver/orchestration/jos/infrastructure/assembly/progressive.go:133.98,135.40 2 1
objectweaver/orchestration/jos/infrastructure/assembly/progressive.go:135.40,137.3 1 1
objectweaver/orchestration/jos/infrastructure/assembly/progressive.go:138.2,138.15 1 1
objectweaver/orchestration/jos/infrastructure/assembly/progressive.go:141.115,142.20 1 1
objectweaver/orchestration/jos/infrastructure/assembly/progressive.go:142.20,144.3 1 1
objectweaver/orchestration/jos/infrastructure/assembly/progressive.go:146.2,146.20 1 1
objectweaver/orchestration/jos/infrastructure/assembly/progressive.go:146.20,149.3 2 1
objectweaver/orchestration/jos/infrastructure/assembly/progressive.go:151.2,152.35 2 1
objectweaver/orchestration/jos/infrastructure/assembly/progressive.go:152.35,154.41 2 1
objectweaver/orchestration/jos/infrastructure/assembly/progressive.go:154.41,156.4 1 1
objectweaver/orchestration/jos/infrastructure/assembly/progressive.go:157.3,157.63 1 1
objectweaver/orchestration/jos/infrastructure/assembly/progressive.go:157.63,159.4 1 1
objectweaver/orchestration/jos/infrastructure/assembly/progressive.go:162.2,162.36 1 1
objectweaver/orchestration/jos/infrastructure/assembly/progressive.go:165.98,167.24 2 1
objectweaver/orchestration/jos/infrastructure/assembly/progressive.go:167.24,168.26 1 1
objectweaver/orchestration/jos/infrastructure/assembly/progressive.go:169.31,170.28 1 1
objectweaver/orchestration/jos/infrastructure/assembly/progressive.go:171.22,172.33 1 1
objectweaver/orchestration/jos/infrastructure/assembly/progressive.go:173.11,174.16 1 1
objectweaver/orchestration/jos/infrastructure/assembly/progressive.go:177.2,177.12 1 1
objectweaver/orchestration/jos/infrastructure/assembly/progressive.go:180.85,182.24 2 1
objectweaver/orchestration/jos/infrastructure/assembly/progressive.go:182.24,183.26 1 1
objectweaver/orchestration/jos/infrastructure/assembly/progressive.go:184.31,185.28 1 0
objectweaver/orchestration/jos/infrastructure/assembly/progressive.go:186.22,187.33 1 0
objectweaver/orchestration/jos/infrastructure/assembly/progressive.go:188.11,189.16 1 1
objectweaver/orchestration/jos/infrastructure/assembly/progressive.go:192.2,192.12 1 1
objectweaver/orchestration/jos/infrastructure/assembly/streaming.go:8.50,10.2 1 1
objectweaver/orchestration/jos/infrastructure/assembly/streaming.go:12.103,16.2 2 1
objectweaver/orchestration/jos/infrastructure/assembly/streaming.go:18.119,21.12 2 1
objectweaver/orchestration/jos/infrastructure/assembly/streaming.go:21.12,24.31 2 1
objectweaver/orchestration/jos/infrastructure/assembly/streaming.go:24.31,25.26 1 1
objectweaver/orchestration/jos/infrastructure/assembly/streaming.go:25.26,29.5 3 1
objectweaver/orchestration/jos/infrastructure/assembly/streaming.go:33.3,35.20 3 1
objectweaver/orchestration/jos/infrastructure/assembly/streaming.go:38.2,38.17 1 1
objectweaver/orchestration/jos/infrastructure/execution/array_processor.go:16.108,21.2 1 1
objectweaver/orchestration/jos/infrastructure/execution/array_processor.go:23.74,25.2 1 1
objectweaver/orchestration/jos/infrastructure/execution/array_processor.go:27.120,30.16 2 1
objectweaver/orchestration/jos/infrastructure/execution/array_processor.go:30.16,33.3 1 1
objectweaver/orchestration/jos/infrastructure/execution/array_processor.go:36.2,37.20 2 1
objectweaver/orchestration/jos/infrastructure/execution/array_processor.go:37.20,39.3 1 1
objectweaver/orchestration/jos/infrastructure/execution/array_processor.go:42.2,47.22 4 1
objectweaver/orchestration/jos/infrastructure/execution/array_processor.go:47.22,49.3 1 1
objectweaver/orchestration/jos/infrastructure/execution/array_processor.go:51.2,51.33 1 1
objectweaver/orchestration/jos/infrastructure/execution/array_processor.go:51.33,56.17 4 1
objectweaver/orchestration/jos/infrastructure/execution/array_processor.go:56.17,58.4 1 1
objectweaver/orchestration/jos/infrastructure/execution/array_processor.go:60.3,61.38 2 1
objectweaver/orchestration/jos/infrastructure/execution/array_processor.go:64.2,68.42 4 1
objectweaver/orchestration/jos/infrastructure/execution/array_processor.go:72.126,78.2 4 1
objectweaver/orchestration/jos/infrastructure/execution/array_processor.go:80.124,90.16 4 1
objectweaver/orchestration/jos/infrastructure/execution/array_processor.go:90.16,93.3 1 1
objectweaver/orchestration/jos/infrastructure/execution/array_processor.go:96.2,98.34 2 1
objectweaver/orchestration/jos/infrastructure/execution/array_processor.go:103.125,112.23 6 1
objectweaver/orchestration/jos/infrastructure/execution/array_processor.go:112.23,114.3 1 1
objectweaver/orchestration/jos/infrastructure/execution/array_processor.go:116.2,141.3 1 1
objectweaver/orchestration/jos/infrastructure/execution/array_processor.go:145.134,152.16 4 1
objectweaver/orchestration/jos/infrastructure/execution/array_processor.go:152.16,154.3 1 0
objectweaver/orchestration/jos/infrastructure/execution/array_processor.go:157.2,159.16 3 1
objectweaver/orchestration/jos/infrastructure/execution/array_processor.go:159.16,161.3 1 1
objectweaver/orchestration/jos/infrastructure/execution/array_processor.go:164.2,173.16 6 1
objectweaver/orchestration/jos/infrastructure/execution/array_processor.go:173.16,175.3 1 0
objectweaver/orchestration/jos/infrastructure/execution/array_processor.go:178.2,179.16 2 1
objectweaver/orchestration/jos/infrastructure/execution/array_processor.go:179.16,181.3 1 0
objectweaver/orchestration/jos/infrastructure/execution/array_processor.go:184.2,186.18 3 1
objectweaver/orchestration/jos/infrastructure/execution/array_processor.go:186.18,188.3 1 0
objectweaver/orchestration/jos/infrastructure/execution/array_processor.go:191.2,198.20 5 1
objectweaver/orchestration/jos/infrastructure/execution/array_processor.go:202.87,206.39 3 1
objectweaver/orchestration/jos/infrastructure/execution/array_processor.go:206.39,207.26 1 1
objectweaver/orchestration/jos/infrastructure/execution/array_processor.go:208.12,209.16 1 1
objectweaver/orchestration/jos/infrastructure/execution/array_processor.go:210.16,211.21 1 1
objectweaver/orchestration/jos/infrastructure/execution/array_processor.go:212.15,214.34 1 1
objectweaver/orchestration/jos/infrastructure/execution/array_processor.go:218.2,218.41 1 1
objectweaver/orchestration/jos/infrastructure/execution/array_processor.go:218.41,219.34 1 1
objectweaver/orchestration/jos/infrastructure/execution/array_processor.go:219.34,221.4 1 1
objectweaver/orchestration/jos/infrastructure/execution/array_processor.go:225.2,225.18 1 1
objectweaver/orchestration/jos/infrastructure/execution/array_processor.go:225.18,227.3 1 1
objectweaver/orchestration/jos/infrastructure/execution/array_processor.go:228.2,228.20 1 1
objectweaver/orchestration/jos/infrastructure/execution/array_processor.go:228.20,230.3 1 1
objectweaver/orchestration/jos/infrastructure/execution/array_processor.go:232.2,232.29 1 1
objectweaver/orchestration/jos/infrastructure/execution/array_processor.go:235.102,236.20 1 1
objectweaver/orchestration/jos/infrastructure/execution/array_processor.go:237.25,238.60 1 1
objectweaver/orchestration/jos/infrastructure/execution/array_processor.go:239.24,240.11 1 1
objectweaver/orchestration/jos/infrastructure/execution/array_processor.go:241.10,242.63 1 1
objectweaver/orchestration/jos/infrastructure/execution/byte_processor.go:23.106,32.2 1 1
objectweaver/orchestration/jos/infrastructure/execution/byte_processor.go:34.161,43.2 1 0
objectweaver/orchestration/jos/infrastructure/execution/byte_processor.go:45.73,49.2 1 1
objectweaver/orchestration/jos/infrastructure/execution/byte_processor.go:51.119,56.51 3 1
objectweaver/orchestration/jos/infrastructure/execution/byte_processor.go:56.51,58.3 1 1
objectweaver/orchestration/jos/infrastructure/execution/byte_processor.go:61.2,61.29 1 1
objectweaver/orchestration/jos/infrastructure/execution/byte_processor.go:61.29,63.3 1 1
objectweaver/orchestration/jos/infrastructure/execution/byte_processor.go:66.2,66.22 1 1
objectweaver/orchestration/jos/infrastructure/execution/byte_processor.go:66.22,68.3 1 1
objectweaver/orchestration/jos/infrastructure/execution/byte_processor.go:71.2,71.29 1 1
objectweaver/orchestration/jos/infrastructure/execution/byte_processor.go:71.29,73.3 1 1
objectweaver/orchestration/jos/infrastructure/execution/byte_processor.go:76.2,76.97 1 1
objectweaver/orchestration/jos/infrastructure/execution/byte_processor.go:80.174,85.16 3 1
objectweaver/orchestration/jos/infrastructure/execution/byte_processor.go:85.16,87.3 1 0
objectweaver/orchestration/jos/infrastructure/execution/byte_processor.go:90.2,91.16 2 1
objectweaver/orchestration/jos/infrastructure/execution/byte_processor.go:91.16,94.3 2 1
objectweaver/orchestration/jos/infrastructure/execution/byte_processor.go:96.2,108.42 8 1
objectweaver/orchestration/jos/infrastructure/execution/byte_processor.go:112.177,117.16 3 1
objectweaver/orchestration/jos/infrastructure/execution/byte_processor.go:117.16,119.3 1 0
objectweaver/orchestration/jos/infrastructure/execution/byte_processor.go:122.2,123.16 2 1
objectweaver/orchestration/jos/infrastructure/execution/byte_processor.go:123.16,126.3 2 1
objectweaver/orchestration/jos/infrastructure/execution/byte_processor.go:128.2,140.42 8 1
objectweaver/orchestration/jos/infrastructure/execution/byte_processor.go:144.174,149.16 3 1
objectweaver/orchestration/jos/infrastructure/execution/byte_processor.go:149.16,151.3 1 0
objectweaver/orchestration/jos/infrastructure/execution/byte_processor.go:154.2,155.16 2 1
objectweaver/orchestration/jos/infrastructure/execution/byte_processor.go:155.16,158.3 2 1
objectweaver/orchestration/jos/infrastructure/execution/byte_processor.go:160.2,169.42 7 1
objectweaver/orchestration/jos/infrastructure/execution/byte_request_builders.go:13.48,15.2 1 1
objectweaver/orchestration/jos/infrastructure/execution/byte_request_builders.go:17.140,19.16 2 1
objectweaver/orchestration/jos/infrastructure/execution/byte_request_builders.go:19.16,21.3 1 1
objectweaver/orchestration/jos/infrastructure/execution/byte_request_builders.go:24.2,25.41 2 1
objectweaver/orchestration/jos/infrastructure/execution/byte_request_builders.go:25.41,27.3 1 1
objectweaver/orchestration/jos/infrastructure/execution/byte_request_builders.go:30.2,32.18 3 1
objectweaver/orchestration/jos/infrastructure/execution/byte_request_builders.go:33.26,34.18 1 1
objectweaver/orchestration/jos/infrastructure/execution/byte_request_builders.go:35.31,36.21 1 1
objectweaver/orchestration/jos/infrastructure/execution/byte_request_builders.go:37.27,39.19 1 1
objectweaver/orchestration/jos/infrastructure/execution/byte_request_builders.go:40.10,42.18 1 1
objectweaver/orchestration/jos/infrastructure/execution/byte_request_builders.go:45.2,51.8 1 1
objectweaver/orchestration/jos/infrastructure/execution/byte_request_builders.go:57.52,59.2 1 1
objectweaver/orchestration/jos/infrastructure/execution/byte_request_builders.go:61.142,63.16 2 1
objectweaver/orchestration/jos/infrastructure/execution/byte_request_builders.go:63.16,65.3 1 1
objectweaver/orchestration/jos/infrastructure/execution/byte_request_builders.go:68.2,69.18 2 1
objectweaver/orchestration/jos/infrastructure/execution/byte_request_builders.go:69.18,71.3 1 1
objectweaver/orchestration/jos/infrastructure/execution/byte_request_builders.go:74.2,75.20 2 1
objectweaver/orchestration/jos/infrastructure/execution/byte_request_builders.go:75.20,77.3 1 1
objectweaver/orchestration/jos/infrastructure/execution/byte_request_builders.go:80.2,81.19 2 1
objectweaver/orchestration/jos/infrastructure/execution/byte_request_builders.go:82.31,83.21 1 1
objectweaver/orchestration/jos/infrastructure/execution/byte_request_builders.go:84.31,85.21 1 1
objectweaver/orchestration/jos/infrastructure/execution/byte_request_builders.go:86.10,87.67 1 1
objectweaver/orchestration/jos/infrastructure/execution/byte_request_builders.go:90.2,96.8 1 1
objectweaver/orchestration/jos/infrastructure/execution/byte_request_builders.go:102.48,104.2 1 1
objectweaver/orchestration/jos/infrastructure/execution/byte_request_builders.go:106.143,108.16 2 1
objectweaver/orchestration/jos/infrastructure/execution/byte_request_builders.go:108.16,110.3 1 1
objectweaver/orchestration/jos/infrastructure/execution/byte_request_builders.go:113.2,113.37 1 1
objectweaver/orchestration/jos/infrastructure/execution/byte_request_builders.go:113.37,115.3 1 1
objectweaver/orchestration/jos/infrastructure/execution/byte_request_builders.go:118.2,119.18 2 1
objectweaver/orchestration/jos/infrastructure/execution/byte_request_builders.go:119.18,121.3 1 1
objectweaver/orchestration/jos/infrastructure/execution/byte_request_builders.go:121.8,121.27 1 1
objectweaver/orchestration/jos/infrastructure/execution/byte_request_builders.go:121.27,123.3 1 1
objectweaver/orchestration/jos/infrastructure/execution/byte_request_builders.go:126.2,128.18 3 1
objectweaver/orchestration/jos/infrastructure/execution/byte_request_builders.go:129.34,130.22 1 1
objectweaver/orchestration/jos/infrastructure/execution/byte_request_builders.go:131.19,132.19 1 1
objectweaver/orchestration/jos/infrastructure/execution/byte_request_builders.go:133.10,135.22 1 1
objectweaver/orchestration/jos/infrastructure/execution/byte_request_builders.go:138.2,144.8 1 1
objectweaver/orchestration/jos/infrastructure/execution/map_processor.go:15.104,20.2 1 1
objectweaver/orchestration/jos/infrastructure/execution/map_processor.go:22.72,24.2 1 1
objectweaver/orchestration/jos/infrastructure/execution/map_processor.go:26.118,33.2 4 1
objectweaver/orchestration/jos/infrastructure/execution/object_processor.go:21.20,27.2 1 1
objectweaver/orchestration/jos/infrastructure/execution/object_processor.go:29.75,31.2 1 1
objectweaver/orchestration/jos/infrastructure/execution/object_processor.go:33.121,36.16 2 1
objectweaver/orchestration/jos/infrastructure/execution/object_processor.go:36.16,38.3 1 0
objectweaver/orchestration/jos/infrastructure/execution/object_processor.go:42.2,43.32 2 1
objectweaver/orchestration/jos/infrastructure/execution/object_processor.go:43.32,45.3 1 1
objectweaver/orchestration/jos/infrastructure/execution/object_processor.go:46.2,49.27 3 1
objectweaver/orchestration/jos/infrastructure/execution/object_processor.go:49.27,53.3 3 1
objectweaver/orchestration/jos/infrastructure/execution/object_processor.go:56.2,59.41 3 1
objectweaver/orchestration/jos/infrastructure/execution/object_processor.go:59.41,64.17 3 1
objectweaver/orchestration/jos/infrastructure/execution/object_processor.go:64.17,66.4 1 1
objectweaver/orchestration/jos/infrastructure/execution/object_processor.go:68.3,69.38 2 1
objectweaver/orchestration/jos/infrastructure/execution/object_processor.go:73.2,77.42 4 1
objectweaver/orchestration/jos/infrastructure/execution/object_processor.go:80.112,81.27 1 1
objectweaver/orchestration/jos/infrastructure/execution/object_processor.go:81.27,83.3 1 1
objectweaver/orchestration/jos/infrastructure/execution/object_processor.go:85.2,86.44 2 1
objectweaver/orchestration/jos/infrastructure/execution/object_processor.go:86.44,89.3 2 1
objectweaver/orchestration/jos/infrastructure/execution/object_processor.go:91.2,91.20 1 1
objectweaver/orchestration/jos/infrastructure/execution/object_processor.go:94.103,95.20 1 1
objectweaver/orchestration/jos/infrastructure/execution/object_processor.go:96.25,97.11 1 1
objectweaver/orchestration/jos/infrastructure/execution/object_processor.go:98.24,99.59 1 1
objectweaver/orchestration/jos/infrastructure/execution/object_processor.go:100.22,101.57 1 1
objectweaver/orchestration/jos/infrastructure/execution/object_processor.go:102.10,103.63 1 1
objectweaver/orchestration/jos/infrastructure/execution/primitive_processors.go:16.112,22.2 1 1
objectweaver/orchestration/jos/infrastructure/execution/primitive_processors.go:24.167,30.2 1 1
objectweaver/orchestration/jos/infrastructure/execution/primitive_processors.go:32.76,34.2 1 1
objectweaver/orchestration/jos/infrastructure/execution/primitive_processors.go:36.122,40.2 2 1
objectweaver/orchestration/jos/infrastructure/execution/primitive_processors.go:49.110,55.2 1 1
objectweaver/orchestration/jos/infrastructure/execution/primitive_processors.go:57.165,63.2 1 1
objectweaver/orchestration/jos/infrastructure/execution/primitive_processors.go:65.75,67.2 1 1
objectweaver/orchestration/jos/infrastructure/execution/primitive_processors.go:69.121,73.2 2 1
objectweaver/orchestration/jos/infrastructure/execution/strategies.go:13.50,15.2 1 1
objectweaver/orchestration/jos/infrastructure/execution/strategies.go:17.97,23.2 1 1
objectweaver/orchestration/jos/infrastructure/execution/strategies.go:25.160,28.36 2 1
objectweaver/orchestration/jos/infrastructure/execution/strategies.go:28.36,29.36 1 1
objectweaver/orchestration/jos/infrastructure/execution/strategies.go:29.36,31.18 2 1
objectweaver/orchestration/jos/infrastructure/execution/strategies.go:31.18,33.5 1 1
objectweaver/orchestration/jos/infrastructure/execution/strategies.go:34.4,37.57 2 1
objectweaver/orchestration/jos/infrastructure/execution/strategies.go:41.2,41.21 1 1
objectweaver/orchestration/jos/infrastructure/execution/strategies.go:49.64,51.2 1 1
objectweaver/orchestration/jos/infrastructure/execution/strategies.go:53.95,60.2 1 1
objectweaver/orchestration/jos/infrastructure/execution/strategies.go:62.158,65.36 2 1
objectweaver/orchestration/jos/infrastructure/execution/strategies.go:65.36,66.21 1 1
objectweaver/orchestration/jos/infrastructure/execution/strategies.go:66.21,68.18 2 1
objectweaver/orchestration/jos/infrastructure/execution/strategies.go:68.18,70.5 1 1
objectweaver/orchestration/jos/infrastructure/execution/strategies.go:71.4,71.46 1 1
objectweaver/orchestration/jos/infrastructure/execution/strategies.go:72.9,73.37 1 0
objectweaver/orchestration/jos/infrastructure/execution/strategies.go:73.37,75.19 2 0
objectweaver/orchestration/jos/infrastructure/execution/strategies.go:75.19,77.6 1 0
objectweaver/orchestration/jos/infrastructure/execution/strategies.go:78.5,78.38 1 0
objectweaver/orchestration/jos/infrastructure/execution/strategies.go:83.2,83.21 1 1
objectweaver/orchestration/jos/infrastructure/execution/strategies.go:86.165,89.17 2 1
objectweaver/orchestration/jos/infrastructure/execution/strategies.go:89.17,91.3 1 0
objectweaver/orchestration/jos/infrastructure/execution/strategies.go:93.2,99.29 5 1
objectweaver/orchestration/jos/infrastructure/execution/strategies.go:99.29,101.32 2 1
objectweaver/orchestration/jos/infrastructure/execution/strategies.go:101.32,105.17 3 1
objectweaver/orchestration/jos/infrastructure/execution/strategies.go:105.17,105.26 1 1
objectweaver/orchestration/jos/infrastructure/execution/strategies.go:107.4,107.19 1 1
objectweaver/orchestration/jos/infrastructure/execution/strategies.go:107.19,109.5 1 0
objectweaver/orchestration/jos/infrastructure/execution/strategies.go:111.4,112.18 2 1
objectweaver/orchestration/jos/infrastructure/execution/strategies.go:112.18,115.5 2 1
objectweaver/orchestration/jos/infrastructure/execution/strategies.go:116.4,118.19 2 1
objectweaver/orchestration/jos/infrastructure/execution/strategies.go:118.19,120.5 1 0
objectweaver/orchestration/jos/infrastructure/execution/strategies.go:124.2,128.22 4 1
objectweaver/orchestration/jos/infrastructure/execution/strategies.go:128.22,130.3 1 1
objectweaver/orchestration/jos/infrastructure/execution/strategies.go:132.2,133.33 2 1
objectweaver/orchestration/jos/infrastructure/execution/strategies.go:133.33,135.3 1 1
objectweaver/orchestration/jos/infrastructure/execution/strategies.go:137.2,137.17 1 1
objectweaver/orchestration/jos/infrastructure/execution/strategies.go:137.17,139.3 1 0
objectweaver/orchestration/jos/infrastructure/execution/strategies.go:141.2,141.21 1 1
objectweaver/orchestration/jos/infrastructure/execution/strategies.go:149.78,151.2 1 1
objectweaver/orchestration/jos/infrastructure/execution/strategies.go:153.102,162.2 3 1
objectweaver/orchestration/jos/infrastructure/execution/strategies.go:164.165,167.36 2 1
objectweaver/orchestration/jos/infrastructure/execution/strategies.go:167.36,168.45 1 1
objectweaver/orchestration/jos/infrastructure/execution/strategies.go:168.45,172.18 3 0
objectweaver/orchestration/jos/infrastructure/execution/strategies.go:172.18,174.5 1 0
objectweaver/orchestration/jos/infrastructure/execution/strategies.go:175.4,175.46 1 0
objectweaver/orchestration/jos/infrastructure/execution/strategies.go:176.9,178.37 1 1
objectweaver/orchestration/jos/infrastructure/execution/strategies.go:178.37,180.19 2 1
objectweaver/orchestration/jos/infrastructure/execution/strategies.go:180.19,182.6 1 0
objectweaver/orchestration/jos/infrastructure/execution/strategies.go:183.5,184.58 2 1
objectweaver/orchestration/jos/infrastructure/execution/strategies.go:189.2,189.21 1 1
objectweaver/orchestration/jos/infrastructure/execution/strategies.go:198.69,205.29 2 1
[...]
objectweaver/grpc/object-generation.pb.go:852.14,854.3 1 0
objectweaver/grpc/object-generation.pb.go:855.2,855.10 1 0
objectweaver/grpc/object-generation.pb.go:869.37,871.29 2 0
objectweaver/grpc/object-generation.pb.go:871.29,875.3 3 0
objectweaver/grpc/object-generation.pb.go:878.45,880.2 1 0
objectweaver/grpc/object-generation.pb.go:882.43,882.44 0 0
objectweaver/grpc/object-generation.pb.go:884.65,886.41 2 0
objectweaver/grpc/object-generation.pb.go:886.41,888.34 2 0
objectweaver/grpc/object-generation.pb.go:888.34,890.4 1 0
objectweaver/grpc/object-generation.pb.go:891.3,891.12 1 0
objectweaver/grpc/object-generation.pb.go:893.2,893.24 1 0
objectweaver/grpc/object-generation.pb.go:897.56,899.2 1 0
objectweaver/grpc/object-generation.pb.go:901.56,902.14 1 0
objectweaver/grpc/object-generation.pb.go:902.14,904.3 1 0
objectweaver/grpc/object-generation.pb.go:905.2,905.12 1 0
objectweaver/grpc/object-generation.pb.go:908.50,909.14 1 0
objectweaver/grpc/object-generation.pb.go:909.14,911.3 1 0
objectweaver/grpc/object-generation.pb.go:912.2,912.10 1 0
objectweaver/grpc/object-generation.pb.go:915.48,916.14 1 0
objectweaver/grpc/object-generation.pb.go:916.14,918.3 1 0
objectweaver/grpc/object-generation.pb.go:919.2,919.11 1 0
objectweaver/grpc/object-generation.pb.go:1088.56,1089.53 1 0
objectweaver/grpc/object-generation.pb.go:1089.53,1091.3 1 0
objectweaver/grpc/object-generation.pb.go:1092.2,1092.49 1 0
objectweaver/grpc/object-generation.pb.go:1142.13,1142.52 1 0
objectweaver/grpc/object-generation.pb.go:1143.42,1144.41 1 0
objectweaver/grpc/object-generation.pb.go:1144.41,1146.3 1 0
objectweaver/grpc/object-generation.pb.go:1147.2,1147.30 1 0
objectweaver/grpc/object-generation.pb.go:1147.30,1148.78 1 0
objectweaver/grpc/object-generation.pb.go:1148.78,1149.35 1 0
objectweaver/grpc/object-generation.pb.go:1150.11,1151.20 1 0
objectweaver/grpc/object-generation.pb.go:1152.11,1153.24 1 0
objectweaver/grpc/object-generation.pb.go:1154.11,1155.28 1 0
objectweaver/grpc/object-generation.pb.go:1156.12,1157.15 1 0
objectweaver/grpc/object-generation.pb.go:1160.3,1160.78 1 0
objectweaver/grpc/object-generation.pb.go:1160.78,1161.37 1 0
objectweaver/grpc/object-generation.pb.go:1162.11,1163.20 1 0
objectweaver/grpc/object-generation.pb.go:1164.11,1165.24 1 0
objectweaver/grpc/object-generation.pb.go:1166.11,1167.28 1 0
objectweaver/grpc/object-generation.pb.go:1168.12,1169.15 1 0
objectweaver/grpc/object-generation.pb.go:1172.3,1172.78 1 0
objectweaver/grpc/object-generation.pb.go:1172.78,1173.37 1 0
objectweaver/grpc/object-generation.pb.go:1174.11,1175.20 1 0
objectweaver/grpc/object-generation.pb.go:1176.11,1177.24 1 0
objectweaver/grpc/object-generation.pb.go:1178.11,1179.28 1 0
objectweaver/grpc/object-generation.pb.go:1180.12,1181.15 1 0
objectweaver/grpc/object-generation.pb.go:1184.3,1184.78 1 0
objectweaver/grpc/object-generation.pb.go:1184.78,1185.30 1 0
objectweaver/grpc/object-generation.pb.go:1186.11,1187.20 1 0
objectweaver/grpc/object-generation.pb.go:1188.11,1189.24 1 0
objectweaver/grpc/object-generation.pb.go:1190.11,1191.28 1 0
objectweaver/grpc/object-generation.pb.go:1192.12,1193.15 1 0
objectweaver/grpc/object-generation.pb.go:1196.3,1196.78 1 0
objectweaver/grpc/object-generation.pb.go:1196.78,1197.32 1 0
objectweaver/grpc/object-generation.pb.go:1198.11,1199.20 1 0
objectweaver/grpc/object-generation.pb.go:1200.11,1201.24 1 0
objectweaver/grpc/object-generation.pb.go:1202.11,1203.28 1 0
objectweaver/grpc/object-generation.pb.go:1204.12,1205.15 1 0
objectweaver/grpc/object-generation.pb.go:1208.3,1208.78 1 0
objectweaver/grpc/object-generation.pb.go:1208.78,1209.32 1 0
objectweaver/grpc/object-generation.pb.go:1210.11,1211.20 1 0
objectweaver/grpc/object-generation.pb.go:1212.11,1213.24 1 0
objectweaver/grpc/object-generation.pb.go:1214.11,1215.28 1 0
objectweaver/grpc/object-generation.pb.go:1216.12,1217.15 1 0
objectweaver/grpc/object-generation.pb.go:1220.3,1220.78 1 0
objectweaver/grpc/object-generation.pb.go:1220.78,1221.30 1 0
objectweaver/grpc/object-generation.pb.go:1222.11,1223.20 1 0
objectweaver/grpc/object-generation.pb.go:1224.11,1225.24 1 0
objectweaver/grpc/object-generation.pb.go:1226.11,1227.28 1 0
objectweaver/grpc/object-generation.pb.go:1228.12,1229.15 1 0
objectweaver/grpc/object-generation.pb.go:1232.3,1232.78 1 0
objectweaver/grpc/object-generation.pb.go:1232.78,1233.34 1 0
objectweaver/grpc/object-generation.pb.go:1234.11,1235.20 1 0
objectweaver/grpc/object-generation.pb.go:1236.11,1237.24 1 0
objectweaver/grpc/object-generation.pb.go:1238.11,1239.28 1 0
objectweaver/grpc/object-generation.pb.go:1240.12,1241.15 1 0
objectweaver/grpc/object-generation.pb.go:1244.3,1244.78 1 0
objectweaver/grpc/object-generation.pb.go:1244.78,1245.38 1 0
objectweaver/grpc/object-generation.pb.go:1246.11,1247.20 1 0
objectweaver/grpc/object-generation.pb.go:1248.11,1249.24 1 0
objectweaver/grpc/object-generation.pb.go:1250.11,1251.28 1 0
objectweaver/grpc/object-generation.pb.go:1252.12,1253.15 1 0
objectweaver/grpc/object-generation.pb.go:1256.3,1256.78 1 0
objectweaver/grpc/object-generation.pb.go:1256.78,1257.36 1 0
objectweaver/grpc/object-generation.pb.go:1258.11,1259.20 1 0
objectweaver/grpc/object-generation.pb.go:1260.11,1261.24 1 0
objectweaver/grpc/object-generation.pb.go:1262.11,1263.28 1 0
objectweaver/grpc/object-generation.pb.go:1264.12,1265.15 1 0
objectweaver/grpc/object-generation.pb.go:1268.3,1268.79 1 0
objectweaver/grpc/object-generation.pb.go:1268.79,1269.33 1 0
objectweaver/grpc/object-generation.pb.go:1270.11,1271.20 1 0
objectweaver/grpc/object-generation.pb.go:1272.11,1273.24 1 0
objectweaver/grpc/object-generation.pb.go:1274.11,1275.28 1 0
objectweaver/grpc/object-generation.pb.go:1276.12,1277.15 1 0
objectweaver/grpc/object-generation.pb.go:1280.3,1280.79 1 0
objectweaver/grpc/object-generation.pb.go:1280.79,1281.42 1 0
objectweaver/grpc/object-generation.pb.go:1282.11,1283.20 1 0
objectweaver/grpc/object-generation.pb.go:1284.11,1285.24 1 0
objectweaver/grpc/object-generation.pb.go:1286.11,1287.28 1 0
objectweaver/grpc/object-generation.pb.go:1288.12,1289.15 1 0
objectweaver/grpc/object-generation.pb.go:1293.2,1310.44 6 0
objectweaver/grpc/object-generation_grpc.pb.go:43.86,45.2 1 0
objectweaver/grpc/object-generation_grpc.pb.go:47.132,51.16 4 0
objectweaver/grpc/object-generation_grpc.pb.go:51.16,53.3 1 0
objectweaver/grpc/object-generation_grpc.pb.go:54.2,54.17 1 0
objectweaver/grpc/object-generation_grpc.pb.go:57.176,60.16 3 0
objectweaver/grpc/object-generation_grpc.pb.go:60.16,62.3 1 0
objectweaver/grpc/object-generation_grpc.pb.go:63.2,64.51 2 0
objectweaver/grpc/object-generation_grpc.pb.go:64.51,66.3 1 0
objectweaver/grpc/object-generation_grpc.pb.go:67.2,67.51 1 0
objectweaver/grpc/object-generation_grpc.pb.go:67.51,69.3 1 0
objectweaver/grpc/object-generation_grpc.pb.go:70.2,70.15 1 0
objectweaver/grpc/object-generation_grpc.pb.go:96.110,98.2 1 0
objectweaver/grpc/object-generation_grpc.pb.go:99.135,101.2 1 0
objectweaver/grpc/object-generation_grpc.pb.go:102.94,102.95 0 0
objectweaver/grpc/object-generation_grpc.pb.go:103.94,103.95 0 0
objectweaver/grpc/object-generation_grpc.pb.go:112.92,117.59 1 0
objectweaver/grpc/object-generation_grpc.pb.go:117.59,119.3 1 0
objectweaver/grpc/object-generation_grpc.pb.go:120.2,120.56 1 0
objectweaver/grpc/object-generation_grpc.pb.go:123.177,125.32 2 0
objectweaver/grpc/object-generation_grpc.pb.go:125.32,127.3 1 0
objectweaver/grpc/object-generation_grpc.pb.go:128.2,128.24 1 0
objectweaver/grpc/object-generation_grpc.pb.go:128.24,130.3 1 0
objectweaver/grpc/object-generation_grpc.pb.go:131.2,135.77 2 0
objectweaver/grpc/object-generation_grpc.pb.go:135.77,137.3 1 0
objectweaver/grpc/object-generation_grpc.pb.go:138.2,138.44 1 0
objectweaver/grpc/object-generation_grpc.pb.go:141.105,143.42 2 0
objectweaver/grpc/object-generation_grpc.pb.go:143.42,145.3 1 0
objectweaver/grpc/object-generation_grpc.pb.go:146.2,146.145 1 0
objectweaver/cors/cors.go:96.33,104.35 2 0
objectweaver/cors/cors.go:104.35,106.3 1 0
objectweaver/cors/cors.go:113.2,113.38 1 0
objectweaver/cors/cors.go:113.38,114.37 1 0
objectweaver/cors/cors.go:114.37,117.4 1 0
objectweaver/cors/cors.go:118.8,121.49 3 0
objectweaver/cors/cors.go:121.49,124.21 2 0
objectweaver/cors/cors.go:124.21,129.10 4 0
objectweaver/cors/cors.go:130.10,130.58 1 0
objectweaver/cors/cors.go:130.58,134.5 2 0
objectweaver/cors/cors.go:134.10,136.5 1 0
objectweaver/cors/cors.go:141.2,141.38 1 0
objectweaver/cors/cors.go:141.38,144.3 1 0
objectweaver/cors/cors.go:144.8,147.44 2 0
objectweaver/cors/cors.go:147.44,148.16 1 0
objectweaver/cors/cors.go:148.16,151.10 3 0
objectweaver/cors/cors.go:157.2,157.38 1 0
objectweaver/cors/cors.go:157.38,160.3 1 0
objectweaver/cors/cors.go:160.8,162.3 1 0
objectweaver/cors/cors.go:164.2,164.10 1 0
objectweaver/cors/cors.go:168.68,171.2 2 0
objectweaver/cors/cors.go:175.23,189.2 1 0
objectweaver/cors/cors.go:193.56,194.71 1 0
objectweaver/cors/cors.go:194.71,195.92 1 0
objectweaver/cors/cors.go:195.92,202.27 3 0
objectweaver/cors/cors.go:202.27,204.5 1 0
objectweaver/cors/cors.go:204.10,206.5 1 0
objectweaver/cors/cors.go:207.9,211.4 3 0
objectweaver/cors/cors.go:216.72,220.36 3 0
objectweaver/cors/cors.go:220.36,223.3 2 0
objectweaver/cors/cors.go:227.2,231.18 4 0
objectweaver/cors/cors.go:231.18,234.3 2 0
objectweaver/cors/cors.go:235.2,235.35 1 0
objectweaver/cors/cors.go:235.35,238.3 2 0
objectweaver/cors/cors.go:240.2,241.35 2 0
objectweaver/cors/cors.go:241.35,244.3 2 0
objectweaver/cors/cors.go:245.2,246.38 2 0
objectweaver/cors/cors.go:246.38,249.3 2 0
objectweaver/cors/cors.go:250.2,250.25 1 0
objectweaver/cors/cors.go:250.25,252.3 1 0
objectweaver/cors/cors.go:252.8,254.3 1 0
objectweaver/cors/cors.go:257.2,258.25 2 0
objectweaver/cors/cors.go:258.25,263.3 1 0
objectweaver/cors/cors.go:264.2,264.24 1 0
objectweaver/cors/cors.go:264.24,266.3 1 0
objectweaver/cors/cors.go:267.2,267.18 1 0
objectweaver/cors/cors.go:267.18,269.3 1 0
objectweaver/cors/cors.go:270.2,270.51 1 0
objectweaver/cors/cors.go:274.76,280.18 4 0
objectweaver/cors/cors.go:280.18,283.3 2 0
objectweaver/cors/cors.go:284.2,284.35 1 0
objectweaver/cors/cors.go:284.35,287.3 2 0
objectweaver/cors/cors.go:293.2,293.34 1 0
objectweaver/cors/cors.go:293.34,297.3 2 0
objectweaver/cors/cors.go:298.2,298.25 1 0
objectweaver/cors/cors.go:298.25,300.3 1 0
objectweaver/cors/cors.go:300.8,302.3 1 0
objectweaver/cors/cors.go:303.2,303.31 1 0
objectweaver/cors/cors.go:303.31,305.3 1 0
objectweaver/cors/cors.go:306.2,306.24 1 0
objectweaver/cors/cors.go:306.24,308.3 1 0
objectweaver/cors/cors.go:309.2,309.54 1 0
objectweaver/cors/cors.go:313.54,314.18 1 0
objectweaver/cors/cors.go:314.18,316.3 1 0
objectweaver/cors/cors.go:321.69,322.30 1 0
objectweaver/cors/cors.go:322.30,324.3 1 0
objectweaver/cors/cors.go:325.2,325.25 1 0
objectweaver/cors/cors.go:325.25,327.3 1 0
objectweaver/cors/cors.go:328.2,329.37 2 0
objectweaver/cors/cors.go:329.37,330.18 1 0
objectweaver/cors/cors.go:330.18,332.4 1 0
objectweaver/cors/cors.go:334.2,334.38 1 0
objectweaver/cors/cors.go:334.38,335.22 1 0
objectweaver/cors/cors.go:335.22,337.4 1 0
objectweaver/cors/cors.go:339.2,339.14 1 0
objectweaver/cors/cors.go:344.52,345.32 1 0
objectweaver/cors/cors.go:345.32,348.3 1 0
objectweaver/cors/cors.go:349.2,350.34 2 0
objectweaver/cors/cors.go:350.34,353.3 1 0
objectweaver/cors/cors.go:354.2,354.37 1 0
objectweaver/cors/cors.go:354.37,355.18 1 0
objectweaver/cors/cors.go:355.18,357.4 1 0
objectweaver/cors/cors.go:359.2,359.14 1 0
objectweaver/cors/cors.go:364.66,365.55 1 0
objectweaver/cors/cors.go:365.55,367.3 1 0
objectweaver/cors/cors.go:368.2,368.42 1 0
objectweaver/cors/cors.go:368.42,371.38 3 0
objectweaver/cors/cors.go:371.38,372.19 1 0
objectweaver/cors/cors.go:372.19,374.10 2 0
objectweaver/cors/cors.go:377.3,377.13 1 0
objectweaver/cors/cors.go:377.13,379.4 1 0
objectweaver/cors/cors.go:381.2,381.13 1 0
objectweaver/cors/utils.go:14.40,16.2 1 0
objectweaver/cors/utils.go:19.48,21.22 2 0
objectweaver/cors/utils.go:21.22,23.3 1 0
objectweaver/cors/utils.go:24.2,24.12 1 0
objectweaver/cors/utils.go:28.50,34.25 5 0
objectweaver/cors/utils.go:34.25,35.27 1 0
objectweaver/cors/utils.go:35.27,37.4 1 0
objectweaver/cors/utils.go:39.2,40.25 2 0
objectweaver/cors/utils.go:40.25,42.27 2 0
objectweaver/cors/utils.go:42.27,43.13 1 0
objectweaver/cors/utils.go:43.13,45.5 1 0
objectweaver/cors/utils.go:45.10,47.5 1 0
objectweaver/cors/utils.go:48.9,48.34 1 0
objectweaver/cors/utils.go:48.34,49.14 1 0
objectweaver/cors/utils.go:49.14,51.5 1 0
objectweaver/cors/utils.go:51.10,53.5 1 0
objectweaver/cors/utils.go:54.9,54.72 1 0
objectweaver/cors/utils.go:54.72,56.4 1 0
objectweaver/cors/utils.go:58.3,58.39 1 0
objectweaver/cors/utils.go:58.39,59.18 1 0
objectweaver/cors/utils.go:59.18,64.5 3 0
objectweaver/cors/utils.go:65.9,67.4 1 0
objectweaver/cors/utils.go:69.2,69.16 1 0
objectweaver/httpManager.go:16.63,25.2 1 0
objectweaver/httpManager.go:27.38,30.2 2 0
objectweaver/main.go:27.63,33.2 1 0
objectweaver/main.go:35.38,38.2 2 0
objectweaver/main.go:40.51,42.16 2 0
objectweaver/main.go:42.16,44.3 1 0
objectweaver/main.go:45.2,46.16 2 0
objectweaver/main.go:46.16,48.3 1 0
objectweaver/main.go:49.2,56.12 6 0
objectweaver/main.go:56.12,57.39 1 0
objectweaver/main.go:57.39,59.4 1 0
objectweaver/main.go:61.2,61.12 1 0
objectweaver/main.go:61.12,62.70 1 0
objectweaver/main.go:62.70,64.4 1 0
objectweaver/main.go:66.2,66.34 1 0
objectweaver/main.go:66.34,68.3 1 0
objectweaver/main.go:71.13,89.9 8 0
objectweaver/main.go:92.20,93.30 1 0
objectweaver/main.go:93.30,99.3 3 0
objectweaver/main.go:102.28,105.16 2 0
objectweaver/main.go:105.16,108.3 2 0
objectweaver/main.go:109.2,112.21 3 0
objectweaver/printCommands.go:8.19,19.16 3 0
objectweaver/printCommands.go:19.16,21.3 1 0
objectweaver/printCommands.go:23.2,24.47 2 0
objectweaver/printCommands.go:24.47,28.3 1 0
objectweaver/printCommands.go:30.2,41.22 2 0
objectweaver/service/checkPassword.go:14.55,15.71 1 1
objectweaver/service/checkPassword.go:15.71,17.48 1 1
objectweaver/service/checkPassword.go:17.48,21.4 2 1
objectweaver/service/checkPassword.go:24.3,25.23 2 1
objectweaver/service/checkPassword.go:25.23,29.4 3 1
objectweaver/service/checkPassword.go:32.3,32.48 1 1
objectweaver/service/checkPassword.go:32.48,37.4 4 1
objectweaver/service/checkPassword.go:40.3,44.24 3 1
objectweaver/service/checkPassword.go:44.24,48.4 3 1
objectweaver/service/checkPassword.go:51.3,51.27 1 1
objectweaver/service/checkPassword.go:51.27,55.4 3 1
objectweaver/service/checkPassword.go:58.3,58.23 1 1
objectweaver/service/objectGen.go:23.56,25.33 1 0
objectweaver/service/objectGen.go:25.33,28.3 2 0
objectweaver/service/objectGen.go:30.2,30.47 1 0
objectweaver/service/objectGen.go:30.47,32.3 1 0
objectweaver/service/objectGen.go:35.2,35.30 1 0
objectweaver/service/objectGen.go:35.30,40.28 2 0
objectweaver/service/objectGen.go:41.25,42.75 1 0
objectweaver/service/objectGen.go:43.33,44.65 1 0
objectweaver/service/objectGen.go:45.11,46.74 1 0
objectweaver/service/objectGen.go:48.3,48.9 1 0
objectweaver/service/objectGen.go:52.2,54.46 3 0
objectweaver/service/objectGen.go:54.46,57.31 2 0
objectweaver/service/objectGen.go:57.31,59.4 1 0
objectweaver/service/objectGen.go:60.3,60.9 1 0
objectweaver/service/objectGen.go:62.2,65.54 2 0
objectweaver/service/objectGen.go:65.54,66.31 1 0
objectweaver/service/objectGen.go:66.31,68.4 1 0
objectweaver/service/objectGen.go:69.3,69.9 1 0
objectweaver/service/objectGen.go:73.2,80.16 3 0
objectweaver/service/objectGen.go:80.16,82.31 2 0
objectweaver/service/objectGen.go:82.31,84.4 1 0
objectweaver/service/objectGen.go:85.3,85.9 1 0
objectweaver/service/objectGen.go:89.2,91.16 3 0
objectweaver/service/objectGen.go:91.16,93.31 2 0
objectweaver/service/objectGen.go:93.31,95.4 1 0
objectweaver/service/objectGen.go:96.3,96.9 1 0
objectweaver/service/objectGen.go:99.2,114.61 7 0
objectweaver/service/objectGen.go:114.61,116.3 1 0
objectweaver/service/objectGen.go:118.2,119.60 2 0
objectweaver/service/objectGen.go:119.60,124.3 1 0
objectweaver/service/objectGen.go:128.40,130.60 2 0
objectweaver/service/objectGen.go:130.60,133.3 2 0
objectweaver/service/objectGen.go:134.2,135.16 2 0
objectweaver/service/objectGen.go:135.16,138.3 2 0
objectweaver/service/objectGen.go:139.2,139.33 1 0
objectweaver/service/serveIndexHTML.go:10.61,16.16 3 0
objectweaver/service/serveIndexHTML.go:16.16,19.3 2 0
objectweaver/service/serveIndexHTML.go:22.2,26.16 3 0
objectweaver/service/serveIndexHTML.go:26.16,29.3 2 0
objectweaver/service/serveIndexHTML.go:32.2,40.49 3 0
objectweaver/service/serveIndexHTML.go:40.49,43.3 2 0
objectweaver/service/serveIndexHTML.go:46.2,48.16 3 0
objectweaver/service/serveIndexHTML.go:48.16,51.3 2 0
objectweaver/service/server.go:18.30,23.2 3 0
objectweaver/service/server.go:25.32,29.2 3 0
objectweaver/service/server.go:31.34,52.36 11 0
objectweaver/service/server.go:52.36,56.3 3 0
objectweaver/service/server.go:59.2,59.47 1 0
objectweaver/service/server.go:59.47,66.3 3 0
objectweaver/service/server.go:70.56,71.71 1 0
objectweaver/service/server.go:71.71,73.49 1 0
objectweaver/service/server.go:73.49,76.18 2 0
objectweaver/service/server.go:76.18,79.5 2 0
objectweaver/service/server.go:80.4,86.36 4 0
objectweaver/service/server.go:89.3,89.23 1 0
objectweaver/service/trackingData.go:75.18,77.4 1 0
objectweaver/service/trackingData.go:86.18,90.4 3 0
objectweaver/service/trackingData.go:94.13,104.2 8 1
objectweaver/service/trackingData.go:113.55,117.2 3 0
objectweaver/service/trackingData.go:119.59,120.71 1 0
objectweaver/service/trackingData.go:120.71,134.24 9 0
objectweaver/service/trackingData.go:134.24,136.4 1 0
objectweaver/service/trackingData.go:138.3,141.86 4 0
objectweaver/service/validation.go:26.67,27.71 1 0
objectweaver/service/validation.go:27.71,30.17 2 0
objectweaver/service/validation.go:30.17,33.4 2 0
objectweaver/service/validation.go:39.3,43.65 3 0
objectweaver/service/validation.go:43.65,47.4 3 0
objectweaver/service/validation.go:54.3,55.36 2 0
objectweaver/service/validation.go:55.36,56.92 1 0
objectweaver/service/validation.go:56.92,60.5 3 0
objectweaver/service/validation.go:64.3,64.23 1 0
objectweaver/service/validation.go:68.85,73.31 1 0
objectweaver/service/validation.go:73.31,76.3 2 0
objectweaver/service/validation.go:79.2,79.40 1 0
objectweaver/service/validation.go:79.40,80.17 1 0
objectweaver/service/validation.go:80.17,83.4 2 0
objectweaver/service/validation.go:86.3,86.66 1 0
objectweaver/service/validation.go:86.66,89.4 2 0
objectweaver/service/validation.go:93.2,93.14 1 0
objectweaver/service/validation.go:94.12,95.43 1 0
objectweaver/service/validation.go:95.43,98.4 2 0
objectweaver/service/validation.go:99.3,99.23 1 0
objectweaver/service/validation.go:99.23,102.4 2 0
objectweaver/service/validation.go:103.3,103.33 1 0
objectweaver/service/validation.go:103.33,106.4 2 0
objectweaver/service/validation.go:107.3,107.30 1 0
objectweaver/service/validation.go:107.30,110.4 2 0
objectweaver/service/validation.go:111.3,111.17 1 0
objectweaver/service/validation.go:111.17,114.4 2 0
objectweaver/service/validation.go:115.3,115.29 1 0
objectweaver/service/validation.go:115.29,118.4 2 0
objectweaver/service/validation.go:119.3,119.25 1 0
objectweaver/service/validation.go:119.25,122.4 2 0
objectweaver/service/validation.go:123.3,123.21 1 0
objectweaver/service/validation.go:123.21,126.4 2 0
objectweaver/service/validation.go:128.11,129.29 1 0
objectweaver/service/validation.go:129.29,132.4 2 0
objectweaver/service/validation.go:133.3,133.25 1 0
objectweaver/service/validation.go:133.25,136.4 2 0
objectweaver/service/validation.go:137.3,137.21 1 0
objectweaver/service/validation.go:137.21,140.4 2 0
objectweaver/service/validation.go:142.15,144.13 1 0
objectweaver/service/validation.go:145.18,147.13 1 0
objectweaver/service/validation.go:148.10,150.41 2 0
objectweaver/service/validation.go:153.2,153.12 1 0
