mode: set
objectweaver/grpcService/auth.go:19.24,22.9 2 1
objectweaver/grpcService/auth.go:22.9,24.3 1 1
objectweaver/grpcService/auth.go:27.2,31.29 3 1
objectweaver/grpcService/auth.go:31.29,33.3 1 1
objectweaver/grpcService/auth.go:36.2,36.49 1 1
objectweaver/grpcService/auth.go:36.49,39.3 2 1
objectweaver/grpcService/auth.go:42.2,42.26 1 1
objectweaver/grpcService/auth.go:46.40,48.36 1 1
objectweaver/grpcService/auth.go:48.36,50.3 1 1
objectweaver/grpcService/auth.go:51.2,51.12 1 1
objectweaver/grpcService/generateObjectV2.go:24.99,27.27 2 0
objectweaver/grpcService/generateObjectV2.go:27.27,32.39 3 0
objectweaver/grpcService/generateObjectV2.go:32.39,33.53 1 0
objectweaver/grpcService/generateObjectV2.go:33.53,36.5 1 0
objectweaver/grpcService/generateObjectV2.go:41.2,49.39 3 0
objectweaver/grpcService/generateObjectV2.go:49.39,50.53 1 0
objectweaver/grpcService/generateObjectV2.go:50.53,53.4 1 0
objectweaver/grpcService/generateObjectV2.go:60.2,60.54 1 0
objectweaver/grpcService/generateObjectV2.go:60.54,62.3 1 0
objectweaver/grpcService/generateObjectV2.go:65.2,70.16 4 0
objectweaver/grpcService/generateObjectV2.go:70.16,73.3 2 0
objectweaver/grpcService/generateObjectV2.go:76.2,83.16 5 0
objectweaver/grpcService/generateObjectV2.go:83.16,86.3 2 0
objectweaver/grpcService/generateObjectV2.go:88.2,88.25 1 0
objectweaver/grpcService/generateObjectV2.go:88.25,90.3 1 0
objectweaver/grpcService/generateObjectV2.go:93.2,96.47 2 0
objectweaver/grpcService/generateObjectV2.go:96.47,99.3 2 0
objectweaver/grpcService/generateObjectV2.go:102.2,103.16 2 0
objectweaver/grpcService/generateObjectV2.go:103.16,106.3 2 0
objectweaver/grpcService/generateObjectV2.go:109.2,111.21 3 0
objectweaver/grpcService/generateObjectV2.go:111.21,113.3 1 0
objectweaver/grpcService/generateObjectV2.go:116.2,117.30 2 0
objectweaver/grpcService/generateObjectV2.go:117.30,119.55 2 0
objectweaver/grpcService/generateObjectV2.go:119.55,124.18 2 0
objectweaver/grpcService/generateObjectV2.go:124.18,126.13 2 0
objectweaver/grpcService/generateObjectV2.go:130.4,131.108 2 0
objectweaver/grpcService/generateObjectV2.go:131.108,132.96 1 0
objectweaver/grpcService/generateObjectV2.go:132.96,134.6 1 0
objectweaver/grpcService/generateObjectV2.go:134.11,141.6 1 0
objectweaver/grpcService/generateObjectV2.go:145.4,146.35 2 0
objectweaver/grpcService/generateObjectV2.go:146.35,149.57 2 0
objectweaver/grpcService/generateObjectV2.go:149.57,161.6 2 0
objectweaver/grpcService/generateObjectV2.go:163.5,168.6 1 0
objectweaver/grpcService/generateObjectV2.go:171.4,174.5 1 0
objectweaver/grpcService/generateObjectV2.go:179.2,185.22 2 0
objectweaver/grpcService/generateObjectV2.go:189.96,193.19 2 0
objectweaver/grpcService/generateObjectV2.go:193.19,197.3 1 0
objectweaver/grpcService/generateObjectV2.go:197.8,200.3 1 0
objectweaver/grpcService/generateObjectV2.go:203.2,206.15 3 0
objectweaver/grpcService/server.go:21.97,23.2 1 0
objectweaver/grpcService/server.go:26.126,28.2 1 0
objectweaver/grpcService/server.go:31.35,38.42 4 0
objectweaver/grpcService/server.go:38.42,39.38 1 0
objectweaver/grpcService/server.go:39.38,42.4 2 0
objectweaver/grpcService/server.go:44.3,45.17 2 0
objectweaver/grpcService/server.go:45.17,47.4 1 0
objectweaver/grpcService/server.go:50.3,58.4 2 0
objectweaver/grpcService/server.go:59.8,63.3 1 0
objectweaver/grpcService/server.go:66.2,70.19 3 0
objectweaver/grpcService/streamGenerateObjectV2.go:19.128,29.54 3 0
objectweaver/grpcService/streamGenerateObjectV2.go:29.54,31.3 1 0
objectweaver/grpcService/streamGenerateObjectV2.go:34.2,39.16 4 0
objectweaver/grpcService/streamGenerateObjectV2.go:39.16,42.3 2 0
objectweaver/grpcService/streamGenerateObjectV2.go:45.2,49.53 2 0
objectweaver/grpcService/streamGenerateObjectV2.go:49.53,51.3 1 0
objectweaver/grpcService/streamGenerateObjectV2.go:51.8,53.3 1 0
objectweaver/grpcService/streamGenerateObjectV2.go:57.160,60.16 2 0
objectweaver/grpcService/streamGenerateObjectV2.go:60.16,63.3 2 0
objectweaver/grpcService/streamGenerateObjectV2.go:65.2,69.32 3 0
objectweaver/grpcService/streamGenerateObjectV2.go:69.32,70.19 1 0
objectweaver/grpcService/streamGenerateObjectV2.go:70.19,71.12 1 0
objectweaver/grpcService/streamGenerateObjectV2.go:75.3,75.44 1 0
objectweaver/grpcService/streamGenerateObjectV2.go:75.44,77.4 1 0
objectweaver/grpcService/streamGenerateObjectV2.go:83.3,84.17 2 0
objectweaver/grpcService/streamGenerateObjectV2.go:84.17,87.4 2 0
objectweaver/grpcService/streamGenerateObjectV2.go:90.3,97.47 2 0
objectweaver/grpcService/streamGenerateObjectV2.go:97.47,100.4 2 0
objectweaver/grpcService/streamGenerateObjectV2.go:103.3,103.20 1 0
objectweaver/grpcService/streamGenerateObjectV2.go:103.20,104.9 1 0
objectweaver/grpcService/streamGenerateObjectV2.go:109.2,110.16 2 0
objectweaver/grpcService/streamGenerateObjectV2.go:110.16,113.3 2 0
objectweaver/grpcService/streamGenerateObjectV2.go:115.2,121.51 2 0
objectweaver/grpcService/streamGenerateObjectV2.go:121.51,124.3 2 0
objectweaver/grpcService/streamGenerateObjectV2.go:126.2,126.12 1 0
objectweaver/grpcService/streamGenerateObjectV2.go:130.165,133.16 2 0
objectweaver/grpcService/streamGenerateObjectV2.go:133.16,136.3 2 0
objectweaver/grpcService/streamGenerateObjectV2.go:138.2,142.37 3 0
objectweaver/grpcService/streamGenerateObjectV2.go:142.37,143.19 1 0
objectweaver/grpcService/streamGenerateObjectV2.go:143.19,144.12 1 0
objectweaver/grpcService/streamGenerateObjectV2.go:148.3,148.28 1 0
objectweaver/grpcService/streamGenerateObjectV2.go:148.28,149.31 1 0
objectweaver/grpcService/streamGenerateObjectV2.go:149.31,152.5 1 0
objectweaver/grpcService/streamGenerateObjectV2.go:152.10,155.5 1 0
objectweaver/grpcService/streamGenerateObjectV2.go:159.3,159.30 1 0
objectweaver/grpcService/streamGenerateObjectV2.go:159.30,161.4 1 0
objectweaver/grpcService/streamGenerateObjectV2.go:164.3,165.17 2 0
objectweaver/grpcService/streamGenerateObjectV2.go:165.17,168.12 2 0
objectweaver/grpcService/streamGenerateObjectV2.go:172.3,179.47 2 0
objectweaver/grpcService/streamGenerateObjectV2.go:179.47,182.4 2 0
objectweaver/grpcService/streamGenerateObjectV2.go:185.3,185.20 1 0
objectweaver/grpcService/streamGenerateObjectV2.go:185.20,186.9 1 0
objectweaver/grpcService/streamGenerateObjectV2.go:191.2,192.16 2 0
objectweaver/grpcService/streamGenerateObjectV2.go:192.16,195.3 2 0
objectweaver/grpcService/streamGenerateObjectV2.go:197.2,203.51 2 0
objectweaver/grpcService/streamGenerateObjectV2.go:203.51,206.3 2 0
objectweaver/grpcService/streamGenerateObjectV2.go:208.2,208.12 1 0
objectweaver/grpcService/streamGenerateObjectV2.go:212.96,216.45 2 0
objectweaver/grpcService/streamGenerateObjectV2.go:216.45,220.3 2 0
objectweaver/grpcService/streamGenerateObjectV2.go:220.8,224.3 2 0
objectweaver/grpcService/streamGenerateObjectV2.go:227.2,230.15 3 0
objectweaver/grpcService/streamGenerateObjectV2.go:234.84,236.30 1 0
objectweaver/grpcService/streamGenerateObjectV2.go:236.30,237.42 1 0
objectweaver/grpcService/streamGenerateObjectV2.go:237.42,238.19 1 0
objectweaver/grpcService/streamGenerateObjectV2.go:238.19,240.5 1 0
objectweaver/grpcService/streamGenerateObjectV2.go:245.2,245.14 1 0
