mode: set
objectweaver/service/checkPassword.go:14.55,15.71 1 1
objectweaver/service/checkPassword.go:15.71,17.48 1 1
objectweaver/service/checkPassword.go:17.48,21.4 2 1
objectweaver/service/checkPassword.go:24.3,25.23 2 1
objectweaver/service/checkPassword.go:25.23,29.4 3 1
objectweaver/service/checkPassword.go:32.3,32.48 1 1
objectweaver/service/checkPassword.go:32.48,37.4 4 1
objectweaver/service/checkPassword.go:40.3,44.24 3 1
objectweaver/service/checkPassword.go:44.24,48.4 3 1
objectweaver/service/checkPassword.go:51.3,51.27 1 1
objectweaver/service/checkPassword.go:51.27,55.4 3 1
objectweaver/service/checkPassword.go:58.3,58.23 1 1
objectweaver/service/healthCheck.go:16.58,26.2 4 1
objectweaver/service/objectGen.go:38.56,40.33 1 0
objectweaver/service/objectGen.go:40.33,43.3 2 0
objectweaver/service/objectGen.go:45.2,45.47 1 0
objectweaver/service/objectGen.go:45.47,47.3 1 0
objectweaver/service/objectGen.go:50.2,50.30 1 0
objectweaver/service/objectGen.go:50.30,55.28 2 0
objectweaver/service/objectGen.go:56.25,57.75 1 0
objectweaver/service/objectGen.go:58.33,59.65 1 0
objectweaver/service/objectGen.go:60.11,61.74 1 0
objectweaver/service/objectGen.go:63.3,63.9 1 0
objectweaver/service/objectGen.go:67.2,69.46 3 0
objectweaver/service/objectGen.go:69.46,72.31 2 0
objectweaver/service/objectGen.go:72.31,74.4 1 0
objectweaver/service/objectGen.go:75.3,75.9 1 0
objectweaver/service/objectGen.go:77.2,80.54 2 0
objectweaver/service/objectGen.go:80.54,81.31 1 0
objectweaver/service/objectGen.go:81.31,83.4 1 0
objectweaver/service/objectGen.go:84.3,84.9 1 0
objectweaver/service/objectGen.go:88.2,95.16 3 0
objectweaver/service/objectGen.go:95.16,97.31 2 0
objectweaver/service/objectGen.go:97.31,99.4 1 0
objectweaver/service/objectGen.go:100.3,100.9 1 0
objectweaver/service/objectGen.go:104.2,106.16 3 0
objectweaver/service/objectGen.go:106.16,108.31 2 0
objectweaver/service/objectGen.go:108.31,110.4 1 0
objectweaver/service/objectGen.go:111.3,111.9 1 0
objectweaver/service/objectGen.go:114.2,124.30 7 0
objectweaver/service/objectGen.go:124.30,126.55 2 0
objectweaver/service/objectGen.go:126.55,128.35 2 0
objectweaver/service/objectGen.go:128.35,135.5 1 0
objectweaver/service/objectGen.go:136.4,139.5 1 0
objectweaver/service/objectGen.go:144.2,151.61 2 0
objectweaver/service/objectGen.go:151.61,153.3 1 0
objectweaver/service/objectGen.go:155.2,156.60 2 0
objectweaver/service/objectGen.go:156.60,161.3 1 0
objectweaver/service/objectGen.go:165.40,167.60 2 0
objectweaver/service/objectGen.go:167.60,170.3 2 0
objectweaver/service/objectGen.go:171.2,172.16 2 0
objectweaver/service/objectGen.go:172.16,175.3 2 0
objectweaver/service/objectGen.go:176.2,176.33 1 0
objectweaver/service/serveIndexHTML.go:10.61,16.16 3 1
objectweaver/service/serveIndexHTML.go:16.16,19.3 2 1
objectweaver/service/serveIndexHTML.go:22.2,26.16 3 0
objectweaver/service/serveIndexHTML.go:26.16,29.3 2 0
objectweaver/service/serveIndexHTML.go:32.2,40.49 3 0
objectweaver/service/serveIndexHTML.go:40.49,43.3 2 0
objectweaver/service/serveIndexHTML.go:46.2,48.16 3 0
objectweaver/service/serveIndexHTML.go:48.16,51.3 2 0
objectweaver/service/server.go:18.30,23.2 3 0
objectweaver/service/server.go:25.32,29.2 3 0
objectweaver/service/server.go:31.34,55.36 12 0
objectweaver/service/server.go:55.36,59.3 3 0
objectweaver/service/server.go:62.2,62.47 1 0
objectweaver/service/server.go:62.47,69.3 3 0
objectweaver/service/server.go:73.56,74.71 1 0
objectweaver/service/server.go:74.71,76.49 1 0
objectweaver/service/server.go:76.49,79.18 2 0
objectweaver/service/server.go:79.18,82.5 2 0
objectweaver/service/server.go:83.4,89.36 4 0
objectweaver/service/server.go:92.3,92.23 1 0
objectweaver/service/trackingData.go:76.18,78.4 1 0
objectweaver/service/trackingData.go:87.18,91.4 3 0
objectweaver/service/trackingData.go:95.13,105.2 8 1
objectweaver/service/trackingData.go:114.55,118.2 3 1
objectweaver/service/trackingData.go:120.59,121.71 1 1
objectweaver/service/trackingData.go:121.71,135.24 9 1
objectweaver/service/trackingData.go:135.24,137.4 1 0
objectweaver/service/trackingData.go:139.3,142.86 4 1
